#
# A fatal error has been detected by the Java Runtime Environment:
#
#  EXCEPTION_ACCESS_VIOLATION (0xc0000005) at pc=0x00007fff7293d4f1, pid=13248, tid=12332
#
# JRE version: OpenJDK Runtime Environment Temurin-17.0.7+7 (17.0.7+7) (build 17.0.7+7)
# Java VM: OpenJDK 64-Bit Server VM Temurin-17.0.7+7 (17.0.7+7, mixed mode, tiered, compressed oops, compressed class ptrs, parallel gc, windows-amd64)
# Problematic frame:
# V  [jvm.dll+0x6ad4f1]
#
# No core dump will be written. Minidumps are not enabled by default on client versions of Windows
#
# If you would like to submit a bug report, please visit:
#   https://github.com/adoptium/adoptium-support/issues
#

---------------  S U M M A R Y ------------

Command Line: --add-modules=ALL-SYSTEM --add-opens=java.base/java.util=ALL-UNNAMED --add-opens=java.base/java.lang=ALL-UNNAMED --add-opens=java.base/sun.nio.fs=ALL-UNNAMED -Declipse.application=org.eclipse.jdt.ls.core.id1 -Dosgi.bundles.defaultStartLevel=4 -Declipse.product=org.eclipse.jdt.ls.core.product -Djava.import.generatesMetadataFilesAtProjectRoot=false -Dfile.encoding=utf8 -XX:+UseParallelGC -XX:GCTimeRatio=4 -XX:AdaptiveSizePolicyWeight=90 -Dsun.zip.disableMemoryMapping=true -Xmx1G -Xms100m -Xlog:disable -javaagent:c:\Users\mateus\.vscode\extensions\redhat.java-1.19.0-win32-x64\lombok\lombok-1.18.28.jar -XX:+HeapDumpOnOutOfMemoryError -XX:HeapDumpPath=c:\Users\mateus\AppData\Roaming\Code\User\workspaceStorage\2465d066db6a10d50632daa4b1fdb25f\redhat.java -Daether.dependencyCollector.impl=bf c:\Users\mateus\.vscode\extensions\redhat.java-1.19.0-win32-x64\server\plugins\org.eclipse.equinox.launcher_1.6.400.v20210924-0641.jar -configuration c:\Users\mateus\AppData\Roaming\Code\User\globalStorage\redhat.java\1.19.0\config_win -data c:\Users\mateus\AppData\Roaming\Code\User\workspaceStorage\2465d066db6a10d50632daa4b1fdb25f\redhat.java\jdt_ws

Host: 11th Gen Intel(R) Core(TM) i5-1135G7 @ 2.40GHz, 8 cores, 15G,  Windows 10 , 64 bit Build 19041 (10.0.19041.3031)
Time: Thu Jun  1 17:16:46 2023 Hora oficial do Brasil elapsed time: 19.303706 seconds (0d 0h 0m 19s)

---------------  T H R E A D  ---------------

Current thread (0x000001684e2e0da0):  GCTaskThread "GC Thread#7" [stack: 0x0000003325800000,0x0000003325900000] [id=12332]

Stack: [0x0000003325800000,0x0000003325900000],  sp=0x00000033258ff470,  free space=1021k
Native frames: (J=compiled Java code, j=interpreted, Vv=VM code, C=native code)
V  [jvm.dll+0x6ad4f1]
V  [jvm.dll+0x6a94bb]
V  [jvm.dll+0x6b382f]
V  [jvm.dll+0x6af017]
V  [jvm.dll+0x6814ee]
V  [jvm.dll+0x6b3706]
V  [jvm.dll+0x6b3f4b]
V  [jvm.dll+0x860ffb]
V  [jvm.dll+0x861046]
V  [jvm.dll+0x7e4e7a]
V  [jvm.dll+0x676395]
C  [ucrtbase.dll+0x21bb2]
C  [KERNEL32.DLL+0x17614]
C  [ntdll.dll+0x526f1]


siginfo: EXCEPTION_ACCESS_VIOLATION (0xc0000005), reading address 0xffffffffffffffff


Register to memory mapping:

RIP=0x00007fff7293d4f1 jvm.dll
RAX=0x0000016833370000 points into unknown readable memory: 0x00000000c0000000 | 00 00 00 c0 00 00 00 00
RBX=0x00000000c148f948 is pointing into object: [Ljava.util.HashMap$Node; 
{0x00000000c14511a0} - klass: 'java/util/HashMap$Node'[]
 - length: 131072
RCX=0x00007fff72e15300 jvm.dll
RDX=0x0000000000000400 is an unknown value
RSP=0x00000033258ff470 points into unknown readable memory: 0x0000000100040ba0 | a0 0b 04 00 01 00 00 00
RBP=0x0000000000000400 is an unknown value
RSI=0x00000000c14d11b0 is an oop: [Ljava.util.ArrayList; 
{0x00000000c14d11b0} - klass: 'java/util/ArrayList'[]
 - length: 2
RDI=0x0000000000010000 is an unknown value
R8 =0x0000016847411ba0 points into unknown readable memory: 0x00000168313e0150 | 50 01 3e 31 68 01 00 00
R9 =0x00009fffffff8800 is an unknown value
R10=0x0000016847411ba0 points into unknown readable memory: 0x00000168313e0150 | 50 01 3e 31 68 01 00 00
R11=0x0000016847411ba0 points into unknown readable memory: 0x00000168313e0150 | 50 01 3e 31 68 01 00 00
R12=0x00000000002d0000 is an unknown value
R13=0x00007fff72e15300 jvm.dll
R14=0x00007fff72e152c0 jvm.dll
R15=0x00000033258ff640 points into unknown readable memory: 0x00007fff72c40088 | 88 00 c4 72 ff 7f 00 00


Registers:
RAX=0x0000016833370000, RBX=0x00000000c148f948, RCX=0x00007fff72e15300, RDX=0x0000000000000400
RSP=0x00000033258ff470, RBP=0x0000000000000400, RSI=0x00000000c14d11b0, RDI=0x0000000000010000
R8 =0x0000016847411ba0, R9 =0x00009fffffff8800, R10=0x0000016847411ba0, R11=0x0000016847411ba0
R12=0x00000000002d0000, R13=0x00007fff72e15300, R14=0x00007fff72e152c0, R15=0x00000033258ff640
RIP=0x00007fff7293d4f1, EFLAGS=0x0000000000010a06

Top of Stack: (sp=0x00000033258ff470)
0x00000033258ff470:   0000000100040ba0 0000000000000004
0x00000033258ff480:   0000000000000004 00000000c13ffe20
0x00000033258ff490:   000001684e19f880 00007fff724a1c4a
0x00000033258ff4a0:   0000000100041df0 00000033258ff530
0x00000033258ff4b0:   00000033258ff640 00007fff72e152c0
0x00000033258ff4c0:   00000000013d0000 0000000000000400
0x00000033258ff4d0:   00000033258ff530 00007fff729394bb
0x00000033258ff4e0:   00000000c3680000 0000016833370668
0x00000033258ff4f0:   0000016847411ba0 0000016833371108
0x00000033258ff500:   00000000002d0000 00007fff7294382f
0x00000033258ff510:   000000000029a235 000000000028a234
0x00000033258ff520:   00000000013d0000 00000000013d0000
0x00000033258ff530:   00007fff72c400a8 0000000000000000
0x00000033258ff540:   0000016847411ba0 00000000013d0000
0x00000033258ff550:   0000000000000004 00007fff7293f017
0x00000033258ff560:   0000016847377ab0 000001684e19f8d0 

Instructions: (pc=0x00007fff7293d4f1)
0x00007fff7293d3f1:   2b 9e fb ff 48 8d 8d c8 02 00 00 e8 1f 9e fb ff
0x00007fff7293d401:   48 8d 8d 98 02 00 00 e8 13 9e fb ff 48 8d 8d 68
0x00007fff7293d411:   02 00 00 e8 07 9e fb ff 48 8d 4d f8 e8 2e ba c2
0x00007fff7293d421:   ff 48 8d 4d e8 e8 e5 37 1b 00 48 83 7d a0 00 75
0x00007fff7293d431:   0e 48 83 7d a8 00 75 07 48 83 7d b0 00 74 5a 48
0x00007fff7293d441:   8d 4c 24 20 e8 66 5e 14 00 48 8b 4d a0 0f 10 30
0x00007fff7293d451:   48 85 c9 74 10 48 8b 01 48 8d 54 24 20 0f 29 74
0x00007fff7293d461:   24 20 ff 50 08 48 8b 4d a8 48 85 c9 74 11 48 8b
0x00007fff7293d471:   01 48 8d 54 24 20 66 0f 7f 74 24 20 ff 50 08 48
0x00007fff7293d481:   8b 4d b0 48 85 c9 74 11 48 8b 01 48 8d 54 24 20
0x00007fff7293d491:   66 0f 7f 74 24 20 ff 50 08 4c 8d 9c 24 80 04 00
0x00007fff7293d4a1:   00 49 8b 5b 10 49 8b 7b 18 41 0f 28 73 f0 49 8b
0x00007fff7293d4b1:   e3 5d c3 cc cc cc cc cc cc cc cc cc cc cc cc 4c
0x00007fff7293d4c1:   89 44 24 18 55 57 41 55 41 56 41 57 48 83 ec 40
0x00007fff7293d4d1:   48 8b c2 bf 00 00 01 00 48 2b 01 4d 8b d0 48 c1
0x00007fff7293d4e1:   e8 13 48 8b ea 4c 8b e9 4c 8d 0c 80 48 8b 41 18
0x00007fff7293d4f1:   4e 8b 34 c8 4e 8d 3c c8 46 8b 4c c8 1c 41 8b 47
0x00007fff7293d501:   18 41 81 e1 ff ff ff 07 4c 03 c8 4c 89 bc 24 88
0x00007fff7293d511:   00 00 00 4c 89 74 24 70 4c 3b cf 75 18 48 c1 ed
0x00007fff7293d521:   03 0f b7 c5 49 8d 04 c6 48 83 c4 40 41 5f 41 5e
0x00007fff7293d531:   41 5d 5f 5d c3 41 0f b6 47 20 48 89 5c 24 38 84
0x00007fff7293d541:   c0 0f 85 13 01 00 00 48 2b 11 48 8b 05 c6 7d 4d
0x00007fff7293d551:   00 48 c1 ea 13 48 89 74 24 30 48 8d 0c 92 8b 74
0x00007fff7293d561:   c8 18 48 3b f7 0f 83 e5 00 00 00 48 63 0d c5 2c
0x00007fff7293d571:   45 00 41 b8 07 00 00 00 4c 8b 35 b8 7d 4d 00 4c
0x00007fff7293d581:   2b c1 48 c1 e2 10 48 d3 ea 48 d3 ef 48 03 fa 48
0x00007fff7293d591:   d3 ee 4c 89 44 24 78 48 8d 0d 31 7d 4d 00 4c 8b
0x00007fff7293d5a1:   c7 48 03 d6 e8 a6 3b fd ff 48 8b d8 48 3b c7 0f
0x00007fff7293d5b1:   83 8e 00 00 00 4c 8b 7c 24 78 4c 89 64 24 28 4c
0x00007fff7293d5c1:   8d 67 ff 0f 1f 40 00 0f 1f 84 00 00 00 00 00 48
0x00007fff7293d5d1:   8b d3 49 8b cf 48 d3 ea 49 3b d6 74 1b 8b 0d 54
0x00007fff7293d5e1:   2c 45 00 4c 8b c6 48 8b 05 42 7d 4d 00 4c 8b f2 


Stack slot to memory mapping:
stack at sp + 0 slots: 0x0000000100040ba0 is a pointer to class: 
stack at sp + 1 slots: 0x0000000000000004 is an unknown value
stack at sp + 2 slots: 0x0000000000000004 is an unknown value
stack at sp + 3 slots: 0x00000000c13ffe20 is an oop: java.util.concurrent.ConcurrentHashMap$Node 
{0x00000000c13ffe20} - klass: 'java/util/concurrent/ConcurrentHashMap$Node'
 - ---- fields (total size 4 words):
 - final 'hash' 'I' @12  264558760 (fc4d8a8)
 - final 'key' 'Ljava/lang/Object;' @16  a 'jdk/internal/jrtfs/JrtPath'{0x00000000c13ffe40} (c13ffe40)
 - volatile 'val' 'Ljava/lang/Object;' @20  a 'java/util/Optional'{0x00000000c13ffeb0} (c13ffeb0)
 - volatile 'next' 'Ljava/util/concurrent/ConcurrentHashMap$Node;' @24  a 'java/util/concurrent/ConcurrentHashMap$Node'{0x00000000d006a2b8} (d006a2b8)
stack at sp + 4 slots: 0x000001684e19f880 points into unknown readable memory: 0x0000000000000000 | 00 00 00 00 00 00 00 00
stack at sp + 5 slots: 0x00007fff724a1c4a jvm.dll
stack at sp + 6 slots: 0x0000000100041df0 is a pointer to class: 
java.lang.reflect.AnnotatedElement {0x0000000100041df8}
 - instance size:     2
 - klass size:        63
 - access:            public interface abstract 
 - state:             fully_initialized
 - name:              'java/lang/reflect/AnnotatedElement'
 - super:             'java/lang/Object'
 - sub:               
 - nof implementors:  2
 - arrays:            'java/lang/reflect/AnnotatedElement'[]
 - methods:           Array<T>(0x0000016848010f70)
 - method ordering:   Array<T>(0x0000016848000018)
 - default_methods:   Array<T>(0x0000000000000000)
 - local interfaces:  Array<T>(0x0000016848000058)
 - trans. interfaces: Array<T>(0x0000016848000058)
 - constants:         constant pool [145]/operands[21] {0x0000016848010a08} for 'java/lang/reflect/AnnotatedElement' cache=0x000001684810e058
 - class loader data:  loader data: 0x000001683364fb00 of 'bootstrap'
 - class annotations:       Array<T>(0x0000000000000000)
 - class type annotations:  Array<T>(0x0000000000000000)
 - field annotations:       Array<T>(0x0000000000000000)
 - field type annotations:  Array<T>(0x0000000000000000)
 - inner classes:     Array<T>(0x0000016848011500)
 - nest members:     Array<T>(0x0000016848000028)
 - permitted subclasses:     Array<T>(0x0000016848000028)
 - java mirror:       a 'java/lang/Class'{0x00000000c02160a8} = 'java/lang/reflect/AnnotatedElement'
 - vtable length      5  (start addr: 0x0000000100041fb8)
 - itable length      0 (start addr: 0x0000000100041fe0)
 - ---- static fields (0 words):
 - ---- non-static fields (0 words):
 - non-static oop maps: 
stack at sp + 7 slots: 0x00000033258ff530 points into unknown readable memory: 0x00007fff72c400a8 | a8 00 c4 72 ff 7f 00 00


---------------  P R O C E S S  ---------------

Threads class SMR info:
_java_thread_list=0x000001684e55d240, length=36, elements={
0x0000016833631aa0, 0x000001684c7935e0, 0x000001684c795890, 0x00000168474baf00,
0x00000168474bb8c0, 0x00000168474bc920, 0x000001684c7ab820, 0x000001684c7cea80,
0x000001684c7b58c0, 0x000001684c7d0fa0, 0x00000168336ee830, 0x000001684cb688b0,
0x000001684e2fbdb0, 0x000001684e1959f0, 0x000001684e342290, 0x000001684e3417c0,
0x000001684e1cc490, 0x000001684e1e0fc0, 0x000001684cb3a210, 0x000001684cb38530,
0x000001684cb3b080, 0x000001684cb3abb0, 0x000001684cb3a6e0, 0x000001684cb3b550,
0x000001684cb38ed0, 0x000001684cb3ba20, 0x000001684cb38a00, 0x000001684fec8590,
0x000001684fecef70, 0x000001684feca740, 0x000001684fecb0e0, 0x000001684feccdc0,
0x000001684fec80c0, 0x000001684fecf440, 0x000001684fecac10, 0x000001684d819450
}

Java Threads: ( => current thread )
  0x0000016833631aa0 JavaThread "main" [_thread_blocked, id=7240, stack(0x0000003323e00000,0x0000003323f00000)]
  0x000001684c7935e0 JavaThread "Reference Handler" daemon [_thread_blocked, id=4232, stack(0x0000003324100000,0x0000003324200000)]
  0x000001684c795890 JavaThread "Finalizer" daemon [_thread_blocked, id=1572, stack(0x0000003324200000,0x0000003324300000)]
  0x00000168474baf00 JavaThread "Signal Dispatcher" daemon [_thread_blocked, id=8852, stack(0x0000003324300000,0x0000003324400000)]
  0x00000168474bb8c0 JavaThread "Attach Listener" daemon [_thread_blocked, id=6200, stack(0x0000003324400000,0x0000003324500000)]
  0x00000168474bc920 JavaThread "Service Thread" daemon [_thread_blocked, id=4300, stack(0x0000003324500000,0x0000003324600000)]
  0x000001684c7ab820 JavaThread "Monitor Deflation Thread" daemon [_thread_blocked, id=12184, stack(0x0000003324600000,0x0000003324700000)]
  0x000001684c7cea80 JavaThread "C2 CompilerThread0" daemon [_thread_blocked, id=5276, stack(0x0000003324700000,0x0000003324800000)]
  0x000001684c7b58c0 JavaThread "C1 CompilerThread0" daemon [_thread_blocked, id=1988, stack(0x0000003324800000,0x0000003324900000)]
  0x000001684c7d0fa0 JavaThread "Sweeper thread" daemon [_thread_blocked, id=9372, stack(0x0000003324900000,0x0000003324a00000)]
  0x00000168336ee830 JavaThread "Common-Cleaner" daemon [_thread_blocked, id=4064, stack(0x0000003324a00000,0x0000003324b00000)]
  0x000001684cb688b0 JavaThread "Notification Thread" daemon [_thread_blocked, id=13140, stack(0x0000003324b00000,0x0000003324c00000)]
  0x000001684e2fbdb0 JavaThread "Active Thread: Equinox Container: ecec6c05-1bd2-47ff-9c89-52fcb734fdee" [_thread_blocked, id=13012, stack(0x0000003325400000,0x0000003325500000)]
  0x000001684e1959f0 JavaThread "Framework Event Dispatcher: Equinox Container: ecec6c05-1bd2-47ff-9c89-52fcb734fdee" daemon [_thread_blocked, id=9404, stack(0x0000003325500000,0x0000003325600000)]
  0x000001684e342290 JavaThread "Start Level: Equinox Container: ecec6c05-1bd2-47ff-9c89-52fcb734fdee" daemon [_thread_blocked, id=2128, stack(0x0000003325600000,0x0000003325700000)]
  0x000001684e3417c0 JavaThread "SCR Component Actor" daemon [_thread_blocked, id=5356, stack(0x0000003325700000,0x0000003325800000)]
  0x000001684e1cc490 JavaThread "Worker-JM" [_thread_blocked, id=8232, stack(0x0000003324d00000,0x0000003324e00000)]
  0x000001684e1e0fc0 JavaThread "Worker-0" [_thread_blocked, id=11632, stack(0x0000003325b00000,0x0000003325c00000)]
  0x000001684cb3a210 JavaThread "Worker-1" [_thread_blocked, id=1576, stack(0x0000003325c00000,0x0000003325d00000)]
  0x000001684cb38530 JavaThread "Java indexing" daemon [_thread_blocked, id=12752, stack(0x0000003325d00000,0x0000003325e00000)]
  0x000001684cb3b080 JavaThread "JNA Cleaner" daemon [_thread_blocked, id=896, stack(0x0000003325e00000,0x0000003325f00000)]
  0x000001684cb3abb0 JavaThread "Worker-2" [_thread_blocked, id=4440, stack(0x0000003325f00000,0x0000003326000000)]
  0x000001684cb3a6e0 JavaThread "pool-2-thread-1" [_thread_blocked, id=1996, stack(0x0000003326000000,0x0000003326100000)]
  0x000001684cb3b550 JavaThread "Worker-3: Java indexing... " [_thread_blocked, id=11248, stack(0x0000003326100000,0x0000003326200000)]
  0x000001684cb38ed0 JavaThread "WorkspaceEventsHandler" [_thread_blocked, id=4552, stack(0x0000003326300000,0x0000003326400000)]
  0x000001684cb3ba20 JavaThread "pool-1-thread-1" [_thread_in_native, id=7272, stack(0x0000003326400000,0x0000003326500000)]
  0x000001684cb38a00 JavaThread "Worker-4" [_thread_blocked, id=8012, stack(0x0000003326500000,0x0000003326600000)]
  0x000001684fec8590 JavaThread "ForkJoinPool.commonPool-worker-1" daemon [_thread_blocked, id=3548, stack(0x0000003325900000,0x0000003325a00000)]
  0x000001684fecef70 JavaThread "ForkJoinPool.commonPool-worker-2" daemon [_thread_blocked, id=10096, stack(0x0000003326600000,0x0000003326700000)]
  0x000001684feca740 JavaThread "ForkJoinPool.commonPool-worker-3" daemon [_thread_blocked, id=7172, stack(0x0000003326700000,0x0000003326800000)]
  0x000001684fecb0e0 JavaThread "ForkJoinPool.commonPool-worker-4" daemon [_thread_blocked, id=2100, stack(0x0000003326800000,0x0000003326900000)]
  0x000001684feccdc0 JavaThread "ForkJoinPool.commonPool-worker-5" daemon [_thread_blocked, id=2988, stack(0x0000003326a00000,0x0000003326b00000)]
  0x000001684fec80c0 JavaThread "ForkJoinPool.commonPool-worker-6" daemon [_thread_blocked, id=5308, stack(0x0000003326b00000,0x0000003326c00000)]
  0x000001684fecf440 JavaThread "ForkJoinPool.commonPool-worker-7" daemon [_thread_blocked, id=12764, stack(0x0000003326900000,0x0000003326a00000)]
  0x000001684fecac10 JavaThread "Bundle File Closer" daemon [_thread_blocked, id=1476, stack(0x0000003326c00000,0x0000003326d00000)]
  0x000001684d819450 JavaThread "C2 CompilerThread1" daemon [_thread_blocked, id=8628, stack(0x0000003325a00000,0x0000003325b00000)]

Other Threads:
  0x000001684c791c30 VMThread "VM Thread" [stack: 0x0000003324000000,0x0000003324100000] [id=2080]
  0x000001684cb1e190 WatcherThread [stack: 0x0000003324c00000,0x0000003324d00000] [id=4868]
  0x0000016833645a50 GCTaskThread "GC Thread#0" [stack: 0x0000003323f00000,0x0000003324000000] [id=5784]
  0x000001684cb03f10 GCTaskThread "GC Thread#1" [stack: 0x0000003324e00000,0x0000003324f00000] [id=11380]
  0x000001684db9de30 GCTaskThread "GC Thread#2" [stack: 0x0000003324f00000,0x0000003325000000] [id=11524]
  0x000001684df38be0 GCTaskThread "GC Thread#3" [stack: 0x0000003325000000,0x0000003325100000] [id=5576]
  0x000001684df8e430 GCTaskThread "GC Thread#4" [stack: 0x0000003325100000,0x0000003325200000] [id=10148]
  0x000001684dea7050 GCTaskThread "GC Thread#5" [stack: 0x0000003325200000,0x0000003325300000] [id=12780]
  0x000001684df45d90 GCTaskThread "GC Thread#6" [stack: 0x0000003325300000,0x0000003325400000] [id=12616]
=>0x000001684e2e0da0 GCTaskThread "GC Thread#7" [stack: 0x0000003325800000,0x0000003325900000] [id=12332]

Threads with active compile tasks:

VM state: at safepoint (normal execution)

VM Mutex/Monitor currently owned by a thread:  ([mutex/lock_event])
[0x000001683362e080] Threads_lock - owner thread: 0x000001684c791c30
[0x000001683362d030] Heap_lock - owner thread: 0x000001684cb38530

Heap address: 0x00000000c0000000, size: 1024 MB, Compressed Oops mode: 32-bit

CDS archive(s) not mapped
Compressed class space mapped at: 0x0000000100000000-0x0000000140000000, reserved size: 1073741824
Narrow klass base: 0x0000000000000000, Narrow klass shift: 3, Narrow klass range: 0x140000000

GC Precious Log:
 CPUs: 8 total, 8 available
 Memory: 16107M
 Large Page Support: Disabled
 NUMA Support: Disabled
 Compressed Oops: Enabled (32-bit)
 Alignments: Space 512K, Generation 512K, Heap 2M
 Heap Min Capacity: 100M
 Heap Initial Capacity: 100M
 Heap Max Capacity: 1G
 Pre-touch: Disabled
 Parallel Workers: 8

Heap:
 PSYoungGen      total 14336K, used 7141K [0x00000000eab00000, 0x00000000eda80000, 0x0000000100000000)
  eden space 7168K, 0% used [0x00000000eab00000,0x00000000eab00000,0x00000000eb200000)
  from space 7168K, 99% used [0x00000000ec200000,0x00000000ec8f9740,0x00000000ec900000)
  to   space 16384K, 0% used [0x00000000eb200000,0x00000000eb200000,0x00000000ec200000)
 ParOldGen       total 316416K, used 311729K [0x00000000c0000000, 0x00000000d3500000, 0x00000000eab00000)
  object space 316416K, 98% used [0x00000000c0000000,0x00000000d306c420,0x00000000d3500000)
 Metaspace       used 62994K, committed 64000K, reserved 1114112K
  class space    used 6800K, committed 7232K, reserved 1048576K

Card table byte_map: [0x0000016833000000,0x0000016833210000] _byte_map_base: 0x0000016832a00000

Marking Bits: (ParMarkBitMap*) 0x00007fff72e152c0
 Begin Bits: [0x00000168452c0000, 0x00000168462c0000)
 End Bits:   [0x00000168462c0000, 0x00000168472c0000)

Polling page: 0x0000016831640000

Metaspace:

Usage:
  Non-class:     54.88 MB used.
      Class:      6.64 MB used.
       Both:     61.52 MB used.

Virtual space:
  Non-class space:       64.00 MB reserved,      55.44 MB ( 87%) committed,  1 nodes.
      Class space:        1.00 GB reserved,       7.06 MB ( <1%) committed,  1 nodes.
             Both:        1.06 GB reserved,      62.50 MB (  6%) committed. 

Chunk freelists:
   Non-Class:  8.08 MB
       Class:  8.94 MB
        Both:  17.02 MB

MaxMetaspaceSize: unlimited
CompressedClassSpaceSize: 1.00 GB
Initial GC threshold: 21.00 MB
Current GC threshold: 103.88 MB
CDS: off
MetaspaceReclaimPolicy: balanced
 - commit_granule_bytes: 65536.
 - commit_granule_words: 8192.
 - virtual_space_node_default_size: 8388608.
 - enlarge_chunks_in_place: 1.
 - new_chunks_are_fully_committed: 0.
 - uncommit_free_chunks: 1.
 - use_allocation_guard: 0.
 - handle_deallocations: 1.


Internal statistics:

num_allocs_failed_limit: 9.
num_arena_births: 444.
num_arena_deaths: 14.
num_vsnodes_births: 2.
num_vsnodes_deaths: 0.
num_space_committed: 1000.
num_space_uncommitted: 0.
num_chunks_returned_to_freelist: 23.
num_chunks_taken_from_freelist: 2933.
num_chunk_merges: 10.
num_chunk_splits: 1843.
num_chunks_enlarged: 1088.
num_inconsistent_stats: 0.

CodeHeap 'non-profiled nmethods': size=120000Kb used=4980Kb max_used=5177Kb free=115020Kb
 bounds [0x000001683dd90000, 0x000001683e2d0000, 0x00000168452c0000]
CodeHeap 'profiled nmethods': size=120000Kb used=11802Kb max_used=13228Kb free=108197Kb
 bounds [0x00000168362c0000, 0x0000016836fb0000, 0x000001683d7f0000]
CodeHeap 'non-nmethods': size=5760Kb used=1339Kb max_used=1418Kb free=4420Kb
 bounds [0x000001683d7f0000, 0x000001683da60000, 0x000001683dd90000]
 total_blobs=6733 nmethods=6065 adapters=580
 compilation: enabled
              stopped_count=0, restarted_count=0
 full_count=0

Compilation events (20 events):
Event: 18.842 Thread 0x000001684d81ada0 7437       4       org.eclipse.jdt.internal.compiler.util.HashtableOfObject::put (113 bytes)
Event: 18.881 Thread 0x000001684d81ada0 nmethod 7437 0x000001683e0c2a90 code [0x000001683e0c2ca0, 0x000001683e0c3be8]
Event: 18.881 Thread 0x000001684d81ada0 7438       4       org.eclipse.jdt.internal.compiler.util.HashtableOfObject::rehash (84 bytes)
Event: 18.905 Thread 0x000001684d81ada0 nmethod 7438 0x000001683e0c1a90 code [0x000001683e0c1c80, 0x000001683e0c2548]
Event: 18.905 Thread 0x000001684d81ada0 7408       4       java.util.LinkedHashMap$LinkedKeyIterator::next (8 bytes)
Event: 18.906 Thread 0x000001684d81ada0 nmethod 7408 0x000001683e07ed90 code [0x000001683e07ef00, 0x000001683e07eff8]
Event: 18.906 Thread 0x000001684d81ada0 7405       4       org.eclipse.jdt.internal.compiler.util.CharArrayHashMap::put (17 bytes)
Event: 18.931 Thread 0x000001684d81ada0 nmethod 7405 0x000001683e0c0890 code [0x000001683e0c0a60, 0x000001683e0c1418]
Event: 18.944 Thread 0x000001684d819450 nmethod 7435% 0x000001683e156690 code [0x000001683e156960, 0x000001683e159a98]
Event: 18.946 Thread 0x000001684d819450 7439       4       org.eclipse.jdt.internal.core.index.DiskIndex::copyQueryResults (218 bytes)
Event: 18.973 Thread 0x000001684d81ada0 7440       4       org.eclipse.jdt.internal.core.index.DiskIndex$IntList::<init> (16 bytes)
Event: 18.974 Thread 0x000001684d81ada0 nmethod 7440 0x000001683e001510 code [0x000001683e001680, 0x000001683e001738]
Event: 19.016 Thread 0x000001684d819450 nmethod 7439 0x000001683e0bd910 code [0x000001683e0bdb80, 0x000001683e0bf968]
Event: 19.088 Thread 0x000001684c7b58c0 7441   !   3       java.lang.String::lookupCharset (20 bytes)
Event: 19.088 Thread 0x000001684c7b58c0 nmethod 7441 0x0000016836bf4890 code [0x0000016836bf4a80, 0x0000016836bf4f78]
Event: 19.088 Thread 0x000001684c7b58c0 7442       3       org.eclipse.lsp4j.jsonrpc.messages.Either::<init> (15 bytes)
Event: 19.089 Thread 0x000001684c7b58c0 nmethod 7442 0x00000168367bf010 code [0x00000168367bf1a0, 0x00000168367bf338]
Event: 19.090 Thread 0x000001684c7b58c0 7443       3       java.io.File::equals (28 bytes)
Event: 19.091 Thread 0x000001684c7b58c0 nmethod 7443 0x00000168365a4f10 code [0x00000168365a5100, 0x00000168365a56c8]
Event: 19.137 Thread 0x000001684c7cea80 nmethod 7399 0x000001683e2b2990 code [0x000001683e2b32a0, 0x000001683e2bfa78]

GC Heap History (20 events):
Event: 18.331 GC heap after
{Heap after GC invocations=146 (full 9):
 PSYoungGen      total 27136K, used 14731K [0x00000000eab00000, 0x00000000ed880000, 0x0000000100000000)
  eden space 12288K, 0% used [0x00000000eab00000,0x00000000eab00000,0x00000000eb700000)
  from space 14848K, 99% used [0x00000000eb700000,0x00000000ec562c70,0x00000000ec580000)
  to   space 16384K, 0% used [0x00000000ec880000,0x00000000ec880000,0x00000000ed880000)
 ParOldGen       total 316416K, used 263597K [0x00000000c0000000, 0x00000000d3500000, 0x00000000eab00000)
  object space 316416K, 83% used [0x00000000c0000000,0x00000000d016b4b8,0x00000000d3500000)
 Metaspace       used 62973K, committed 64000K, reserved 1114112K
  class space    used 6800K, committed 7232K, reserved 1048576K
}
Event: 18.383 GC heap before
{Heap before GC invocations=147 (full 9):
 PSYoungGen      total 27136K, used 27019K [0x00000000eab00000, 0x00000000ed880000, 0x0000000100000000)
  eden space 12288K, 100% used [0x00000000eab00000,0x00000000eb700000,0x00000000eb700000)
  from space 14848K, 99% used [0x00000000eb700000,0x00000000ec562c70,0x00000000ec580000)
  to   space 16384K, 0% used [0x00000000ec880000,0x00000000ec880000,0x00000000ed880000)
 ParOldGen       total 316416K, used 263597K [0x00000000c0000000, 0x00000000d3500000, 0x00000000eab00000)
  object space 316416K, 83% used [0x00000000c0000000,0x00000000d016b4b8,0x00000000d3500000)
 Metaspace       used 62975K, committed 64000K, reserved 1114112K
  class space    used 6800K, committed 7232K, reserved 1048576K
}
Event: 18.390 GC heap after
{Heap after GC invocations=147 (full 9):
 PSYoungGen      total 28160K, used 16376K [0x00000000eab00000, 0x00000000edc80000, 0x0000000100000000)
  eden space 11776K, 0% used [0x00000000eab00000,0x00000000eab00000,0x00000000eb680000)
  from space 16384K, 99% used [0x00000000ec880000,0x00000000ed87e248,0x00000000ed880000)
  to   space 18432K, 0% used [0x00000000eb680000,0x00000000eb680000,0x00000000ec880000)
 ParOldGen       total 316416K, used 264827K [0x00000000c0000000, 0x00000000d3500000, 0x00000000eab00000)
  object space 316416K, 83% used [0x00000000c0000000,0x00000000d029ef38,0x00000000d3500000)
 Metaspace       used 62975K, committed 64000K, reserved 1114112K
  class space    used 6800K, committed 7232K, reserved 1048576K
}
Event: 18.426 GC heap before
{Heap before GC invocations=148 (full 9):
 PSYoungGen      total 28160K, used 28152K [0x00000000eab00000, 0x00000000edc80000, 0x0000000100000000)
  eden space 11776K, 100% used [0x00000000eab00000,0x00000000eb680000,0x00000000eb680000)
  from space 16384K, 99% used [0x00000000ec880000,0x00000000ed87e248,0x00000000ed880000)
  to   space 18432K, 0% used [0x00000000eb680000,0x00000000eb680000,0x00000000ec880000)
 ParOldGen       total 316416K, used 264827K [0x00000000c0000000, 0x00000000d3500000, 0x00000000eab00000)
  object space 316416K, 83% used [0x00000000c0000000,0x00000000d029ef38,0x00000000d3500000)
 Metaspace       used 62975K, committed 64000K, reserved 1114112K
  class space    used 6800K, committed 7232K, reserved 1048576K
}
Event: 18.436 GC heap after
{Heap after GC invocations=148 (full 9):
 PSYoungGen      total 27648K, used 15492K [0x00000000eab00000, 0x00000000ed800000, 0x0000000100000000)
  eden space 11776K, 0% used [0x00000000eab00000,0x00000000eab00000,0x00000000eb680000)
  from space 15872K, 97% used [0x00000000eb680000,0x00000000ec5a1370,0x00000000ec600000)
  to   space 16384K, 0% used [0x00000000ec800000,0x00000000ec800000,0x00000000ed800000)
 ParOldGen       total 316416K, used 269151K [0x00000000c0000000, 0x00000000d3500000, 0x00000000eab00000)
  object space 316416K, 85% used [0x00000000c0000000,0x00000000d06d7fb8,0x00000000d3500000)
 Metaspace       used 62975K, committed 64000K, reserved 1114112K
  class space    used 6800K, committed 7232K, reserved 1048576K
}
Event: 18.467 GC heap before
{Heap before GC invocations=149 (full 9):
 PSYoungGen      total 27648K, used 27268K [0x00000000eab00000, 0x00000000ed800000, 0x0000000100000000)
  eden space 11776K, 100% used [0x00000000eab00000,0x00000000eb680000,0x00000000eb680000)
  from space 15872K, 97% used [0x00000000eb680000,0x00000000ec5a1370,0x00000000ec600000)
  to   space 16384K, 0% used [0x00000000ec800000,0x00000000ec800000,0x00000000ed800000)
 ParOldGen       total 316416K, used 269151K [0x00000000c0000000, 0x00000000d3500000, 0x00000000eab00000)
  object space 316416K, 85% used [0x00000000c0000000,0x00000000d06d7fb8,0x00000000d3500000)
 Metaspace       used 62975K, committed 64000K, reserved 1114112K
  class space    used 6800K, committed 7232K, reserved 1048576K
}
Event: 18.474 GC heap after
{Heap after GC invocations=149 (full 9):
 PSYoungGen      total 26112K, used 16383K [0x00000000eab00000, 0x00000000edf00000, 0x0000000100000000)
  eden space 9728K, 0% used [0x00000000eab00000,0x00000000eab00000,0x00000000eb480000)
  from space 16384K, 99% used [0x00000000ec800000,0x00000000ed7fffe8,0x00000000ed800000)
  to   space 19968K, 0% used [0x00000000eb480000,0x00000000eb480000,0x00000000ec800000)
 ParOldGen       total 316416K, used 271838K [0x00000000c0000000, 0x00000000d3500000, 0x00000000eab00000)
  object space 316416K, 85% used [0x00000000c0000000,0x00000000d0977ad8,0x00000000d3500000)
 Metaspace       used 62975K, committed 64000K, reserved 1114112K
  class space    used 6800K, committed 7232K, reserved 1048576K
}
Event: 18.491 GC heap before
{Heap before GC invocations=150 (full 9):
 PSYoungGen      total 26112K, used 26111K [0x00000000eab00000, 0x00000000edf00000, 0x0000000100000000)
  eden space 9728K, 100% used [0x00000000eab00000,0x00000000eb480000,0x00000000eb480000)
  from space 16384K, 99% used [0x00000000ec800000,0x00000000ed7fffe8,0x00000000ed800000)
  to   space 19968K, 0% used [0x00000000eb480000,0x00000000eb480000,0x00000000ec800000)
 ParOldGen       total 316416K, used 271838K [0x00000000c0000000, 0x00000000d3500000, 0x00000000eab00000)
  object space 316416K, 85% used [0x00000000c0000000,0x00000000d0977ad8,0x00000000d3500000)
 Metaspace       used 62975K, committed 64000K, reserved 1114112K
  class space    used 6800K, committed 7232K, reserved 1048576K
}
Event: 18.499 GC heap after
{Heap after GC invocations=150 (full 9):
 PSYoungGen      total 25600K, used 15449K [0x00000000eab00000, 0x00000000ed700000, 0x0000000100000000)
  eden space 9728K, 0% used [0x00000000eab00000,0x00000000eab00000,0x00000000eb480000)
  from space 15872K, 97% used [0x00000000eb480000,0x00000000ec396410,0x00000000ec400000)
  to   space 16896K, 0% used [0x00000000ec680000,0x00000000ec680000,0x00000000ed700000)
 ParOldGen       total 316416K, used 276424K [0x00000000c0000000, 0x00000000d3500000, 0x00000000eab00000)
  object space 316416K, 87% used [0x00000000c0000000,0x00000000d0df21e8,0x00000000d3500000)
 Metaspace       used 62975K, committed 64000K, reserved 1114112K
  class space    used 6800K, committed 7232K, reserved 1048576K
}
Event: 18.515 GC heap before
{Heap before GC invocations=151 (full 9):
 PSYoungGen      total 25600K, used 25176K [0x00000000eab00000, 0x00000000ed700000, 0x0000000100000000)
  eden space 9728K, 99% used [0x00000000eab00000,0x00000000eb47ff50,0x00000000eb480000)
  from space 15872K, 97% used [0x00000000eb480000,0x00000000ec396410,0x00000000ec400000)
  to   space 16896K, 0% used [0x00000000ec680000,0x00000000ec680000,0x00000000ed700000)
 ParOldGen       total 316416K, used 276424K [0x00000000c0000000, 0x00000000d3500000, 0x00000000eab00000)
  object space 316416K, 87% used [0x00000000c0000000,0x00000000d0df21e8,0x00000000d3500000)
 Metaspace       used 62975K, committed 64000K, reserved 1114112K
  class space    used 6800K, committed 7232K, reserved 1048576K
}
Event: 18.522 GC heap after
{Heap after GC invocations=151 (full 9):
 PSYoungGen      total 25600K, used 13863K [0x00000000eab00000, 0x00000000ed480000, 0x0000000100000000)
  eden space 11264K, 0% used [0x00000000eab00000,0x00000000eab00000,0x00000000eb600000)
  from space 14336K, 96% used [0x00000000ec680000,0x00000000ed409d30,0x00000000ed480000)
  to   space 14848K, 0% used [0x00000000eb780000,0x00000000eb780000,0x00000000ec600000)
 ParOldGen       total 316416K, used 281562K [0x00000000c0000000, 0x00000000d3500000, 0x00000000eab00000)
  object space 316416K, 88% used [0x00000000c0000000,0x00000000d12f6b48,0x00000000d3500000)
 Metaspace       used 62975K, committed 64000K, reserved 1114112K
  class space    used 6800K, committed 7232K, reserved 1048576K
}
Event: 18.536 GC heap before
{Heap before GC invocations=152 (full 9):
 PSYoungGen      total 25600K, used 25127K [0x00000000eab00000, 0x00000000ed480000, 0x0000000100000000)
  eden space 11264K, 100% used [0x00000000eab00000,0x00000000eb600000,0x00000000eb600000)
  from space 14336K, 96% used [0x00000000ec680000,0x00000000ed409d30,0x00000000ed480000)
  to   space 14848K, 0% used [0x00000000eb780000,0x00000000eb780000,0x00000000ec600000)
 ParOldGen       total 316416K, used 281562K [0x00000000c0000000, 0x00000000d3500000, 0x00000000eab00000)
  object space 316416K, 88% used [0x00000000c0000000,0x00000000d12f6b48,0x00000000d3500000)
 Metaspace       used 62975K, committed 64000K, reserved 1114112K
  class space    used 6800K, committed 7232K, reserved 1048576K
}
Event: 18.540 GC heap after
{Heap after GC invocations=152 (full 9):
 PSYoungGen      total 24576K, used 11766K [0x00000000eab00000, 0x00000000ed080000, 0x0000000100000000)
  eden space 12800K, 0% used [0x00000000eab00000,0x00000000eab00000,0x00000000eb780000)
  from space 11776K, 99% used [0x00000000eb780000,0x00000000ec2fdad8,0x00000000ec300000)
  to   space 12800K, 0% used [0x00000000ec400000,0x00000000ec400000,0x00000000ed080000)
 ParOldGen       total 316416K, used 287842K [0x00000000c0000000, 0x00000000d3500000, 0x00000000eab00000)
  object space 316416K, 90% used [0x00000000c0000000,0x00000000d1918940,0x00000000d3500000)
 Metaspace       used 62975K, committed 64000K, reserved 1114112K
  class space    used 6800K, committed 7232K, reserved 1048576K
}
Event: 18.556 GC heap before
{Heap before GC invocations=153 (full 9):
 PSYoungGen      total 24576K, used 24566K [0x00000000eab00000, 0x00000000ed080000, 0x0000000100000000)
  eden space 12800K, 100% used [0x00000000eab00000,0x00000000eb780000,0x00000000eb780000)
  from space 11776K, 99% used [0x00000000eb780000,0x00000000ec2fdad8,0x00000000ec300000)
  to   space 12800K, 0% used [0x00000000ec400000,0x00000000ec400000,0x00000000ed080000)
 ParOldGen       total 316416K, used 287842K [0x00000000c0000000, 0x00000000d3500000, 0x00000000eab00000)
  object space 316416K, 90% used [0x00000000c0000000,0x00000000d1918940,0x00000000d3500000)
 Metaspace       used 62975K, committed 64000K, reserved 1114112K
  class space    used 6800K, committed 7232K, reserved 1048576K
}
Event: 18.562 GC heap after
{Heap after GC invocations=153 (full 9):
 PSYoungGen      total 24576K, used 9614K [0x00000000eab00000, 0x00000000ece00000, 0x0000000100000000)
  eden space 14336K, 0% used [0x00000000eab00000,0x00000000eab00000,0x00000000eb900000)
  from space 10240K, 93% used [0x00000000ec400000,0x00000000ecd638f0,0x00000000ece00000)
  to   space 10752K, 0% used [0x00000000eb900000,0x00000000eb900000,0x00000000ec380000)
 ParOldGen       total 316416K, used 294984K [0x00000000c0000000, 0x00000000d3500000, 0x00000000eab00000)
  object space 316416K, 93% used [0x00000000c0000000,0x00000000d2012358,0x00000000d3500000)
 Metaspace       used 62975K, committed 64000K, reserved 1114112K
  class space    used 6800K, committed 7232K, reserved 1048576K
}
Event: 18.788 GC heap before
{Heap before GC invocations=154 (full 9):
 PSYoungGen      total 24576K, used 23950K [0x00000000eab00000, 0x00000000ece00000, 0x0000000100000000)
  eden space 14336K, 100% used [0x00000000eab00000,0x00000000eb900000,0x00000000eb900000)
  from space 10240K, 93% used [0x00000000ec400000,0x00000000ecd638f0,0x00000000ece00000)
  to   space 10752K, 0% used [0x00000000eb900000,0x00000000eb900000,0x00000000ec380000)
 ParOldGen       total 316416K, used 294984K [0x00000000c0000000, 0x00000000d3500000, 0x00000000eab00000)
  object space 316416K, 93% used [0x00000000c0000000,0x00000000d2012358,0x00000000d3500000)
 Metaspace       used 62993K, committed 64000K, reserved 1114112K
  class space    used 6800K, committed 7232K, reserved 1048576K
}
Event: 18.798 GC heap after
{Heap after GC invocations=154 (full 9):
 PSYoungGen      total 19456K, used 4809K [0x00000000eab00000, 0x00000000ec900000, 0x0000000100000000)
  eden space 14336K, 0% used [0x00000000eab00000,0x00000000eab00000,0x00000000eb900000)
  from space 5120K, 93% used [0x00000000eb900000,0x00000000ebdb25d8,0x00000000ebe00000)
  to   space 7168K, 0% used [0x00000000ec200000,0x00000000ec200000,0x00000000ec900000)
 ParOldGen       total 316416K, used 304510K [0x00000000c0000000, 0x00000000d3500000, 0x00000000eab00000)
  object space 316416K, 96% used [0x00000000c0000000,0x00000000d295fb50,0x00000000d3500000)
 Metaspace       used 62993K, committed 64000K, reserved 1114112K
  class space    used 6800K, committed 7232K, reserved 1048576K
}
Event: 19.176 GC heap before
{Heap before GC invocations=155 (full 9):
 PSYoungGen      total 19456K, used 19145K [0x00000000eab00000, 0x00000000ec900000, 0x0000000100000000)
  eden space 14336K, 100% used [0x00000000eab00000,0x00000000eb900000,0x00000000eb900000)
  from space 5120K, 93% used [0x00000000eb900000,0x00000000ebdb25d8,0x00000000ebe00000)
  to   space 7168K, 0% used [0x00000000ec200000,0x00000000ec200000,0x00000000ec900000)
 ParOldGen       total 316416K, used 304510K [0x00000000c0000000, 0x00000000d3500000, 0x00000000eab00000)
  object space 316416K, 96% used [0x00000000c0000000,0x00000000d295fb50,0x00000000d3500000)
 Metaspace       used 62994K, committed 64000K, reserved 1114112K
  class space    used 6800K, committed 7232K, reserved 1048576K
}
Event: 19.188 GC heap after
{Heap after GC invocations=155 (full 9):
 PSYoungGen      total 14336K, used 7141K [0x00000000eab00000, 0x00000000eda80000, 0x0000000100000000)
  eden space 7168K, 0% used [0x00000000eab00000,0x00000000eab00000,0x00000000eb200000)
  from space 7168K, 99% used [0x00000000ec200000,0x00000000ec8f9740,0x00000000ec900000)
  to   space 16384K, 0% used [0x00000000eb200000,0x00000000eb200000,0x00000000ec200000)
 ParOldGen       total 316416K, used 311729K [0x00000000c0000000, 0x00000000d3500000, 0x00000000eab00000)
  object space 316416K, 98% used [0x00000000c0000000,0x00000000d306c420,0x00000000d3500000)
 Metaspace       used 62994K, committed 64000K, reserved 1114112K
  class space    used 6800K, committed 7232K, reserved 1048576K
}
Event: 19.188 GC heap before
{Heap before GC invocations=156 (full 10):
 PSYoungGen      total 14336K, used 7141K [0x00000000eab00000, 0x00000000eda80000, 0x0000000100000000)
  eden space 7168K, 0% used [0x00000000eab00000,0x00000000eab00000,0x00000000eb200000)
  from space 7168K, 99% used [0x00000000ec200000,0x00000000ec8f9740,0x00000000ec900000)
  to   space 16384K, 0% used [0x00000000eb200000,0x00000000eb200000,0x00000000ec200000)
 ParOldGen       total 316416K, used 311729K [0x00000000c0000000, 0x00000000d3500000, 0x00000000eab00000)
  object space 316416K, 98% used [0x00000000c0000000,0x00000000d306c420,0x00000000d3500000)
 Metaspace       used 62994K, committed 64000K, reserved 1114112K
  class space    used 6800K, committed 7232K, reserved 1048576K
}

Dll operation events (12 events):
Event: 0.009 Loaded shared library c:\Users\mateus\.vscode\extensions\redhat.java-1.19.0-win32-x64\jre\17.0.7-win32-x86_64\bin\java.dll
Event: 0.194 Loaded shared library c:\Users\mateus\.vscode\extensions\redhat.java-1.19.0-win32-x64\jre\17.0.7-win32-x86_64\bin\zip.dll
Event: 0.198 Loaded shared library C:\Users\mateus\.vscode\extensions\redhat.java-1.19.0-win32-x64\jre\17.0.7-win32-x86_64\bin\instrument.dll
Event: 0.213 Loaded shared library C:\Users\mateus\.vscode\extensions\redhat.java-1.19.0-win32-x64\jre\17.0.7-win32-x86_64\bin\net.dll
Event: 0.214 Loaded shared library C:\Users\mateus\.vscode\extensions\redhat.java-1.19.0-win32-x64\jre\17.0.7-win32-x86_64\bin\nio.dll
Event: 0.221 Loaded shared library C:\Users\mateus\.vscode\extensions\redhat.java-1.19.0-win32-x64\jre\17.0.7-win32-x86_64\bin\zip.dll
Event: 0.238 Loaded shared library C:\Users\mateus\.vscode\extensions\redhat.java-1.19.0-win32-x64\jre\17.0.7-win32-x86_64\bin\jimage.dll
Event: 0.306 Loaded shared library c:\Users\mateus\.vscode\extensions\redhat.java-1.19.0-win32-x64\jre\17.0.7-win32-x86_64\bin\verify.dll
Event: 2.137 Loaded shared library C:\Users\mateus\AppData\Roaming\Code\User\globalStorage\redhat.java\1.19.0\config_win\org.eclipse.equinox.launcher\org.eclipse.equinox.launcher.win32.win32.x86_64_1.2.700.v20221108-1024\eclipse_11801.dll
Event: 2.852 Loaded shared library C:\Users\mateus\.vscode\extensions\redhat.java-1.19.0-win32-x64\jre\17.0.7-win32-x86_64\bin\management.dll
Event: 2.856 Loaded shared library C:\Users\mateus\.vscode\extensions\redhat.java-1.19.0-win32-x64\jre\17.0.7-win32-x86_64\bin\management_ext.dll
Event: 4.298 Loaded shared library C:\Users\mateus\AppData\Local\Temp\jna--1081251741\jna15599869515016726875.dll

Deoptimization events (20 events):
Event: 18.987 Thread 0x000001684cb38530 DEOPT PACKING pc=0x00000168363c0bbb sp=0x0000003325dfede0
Event: 18.988 Thread 0x000001684cb38530 DEOPT UNPACKING pc=0x000001683d84a9e3 sp=0x0000003325dfe2b0 mode 0
Event: 18.989 Thread 0x000001684cb38530 DEOPT PACKING pc=0x00000168363c0bbb sp=0x0000003325dfede0
Event: 18.989 Thread 0x000001684cb38530 DEOPT UNPACKING pc=0x000001683d84a9e3 sp=0x0000003325dfe2b0 mode 0
Event: 18.990 Thread 0x000001684cb38530 DEOPT PACKING pc=0x00000168363c0bbb sp=0x0000003325dfede0
Event: 18.990 Thread 0x000001684cb38530 DEOPT UNPACKING pc=0x000001683d84a9e3 sp=0x0000003325dfe2b0 mode 0
Event: 18.994 Thread 0x000001684cb38530 DEOPT PACKING pc=0x00000168363c0bbb sp=0x0000003325dfede0
Event: 18.994 Thread 0x000001684cb38530 DEOPT UNPACKING pc=0x000001683d84a9e3 sp=0x0000003325dfe2b0 mode 0
Event: 19.000 Thread 0x000001684cb38530 DEOPT PACKING pc=0x00000168363c0bbb sp=0x0000003325dfede0
Event: 19.000 Thread 0x000001684cb38530 DEOPT UNPACKING pc=0x000001683d84a9e3 sp=0x0000003325dfe2b0 mode 0
Event: 19.002 Thread 0x000001684cb38530 DEOPT PACKING pc=0x00000168363c0bbb sp=0x0000003325dfede0
Event: 19.002 Thread 0x000001684cb38530 DEOPT UNPACKING pc=0x000001683d84a9e3 sp=0x0000003325dfe2b0 mode 0
Event: 19.005 Thread 0x000001684cb38530 DEOPT PACKING pc=0x00000168363c0bbb sp=0x0000003325dfede0
Event: 19.005 Thread 0x000001684cb38530 DEOPT UNPACKING pc=0x000001683d84a9e3 sp=0x0000003325dfe2b0 mode 0
Event: 19.008 Thread 0x000001684cb38530 DEOPT PACKING pc=0x00000168363c0bbb sp=0x0000003325dfede0
Event: 19.008 Thread 0x000001684cb38530 DEOPT UNPACKING pc=0x000001683d84a9e3 sp=0x0000003325dfe2b0 mode 0
Event: 19.013 Thread 0x000001684cb38530 DEOPT PACKING pc=0x00000168363c0bbb sp=0x0000003325dfede0
Event: 19.013 Thread 0x000001684cb38530 DEOPT UNPACKING pc=0x000001683d84a9e3 sp=0x0000003325dfe2b0 mode 0
Event: 19.015 Thread 0x000001684cb38530 DEOPT PACKING pc=0x00000168363c0bbb sp=0x0000003325dfede0
Event: 19.015 Thread 0x000001684cb38530 DEOPT UNPACKING pc=0x000001683d84a9e3 sp=0x0000003325dfe2b0 mode 0

Classes unloaded (7 events):
Event: 3.027 Thread 0x000001684c791c30 Unloading class 0x0000000100216400 'java/lang/invoke/LambdaForm$MH+0x0000000100216400'
Event: 3.027 Thread 0x000001684c791c30 Unloading class 0x0000000100216000 'java/lang/invoke/LambdaForm$MH+0x0000000100216000'
Event: 3.027 Thread 0x000001684c791c30 Unloading class 0x0000000100215c00 'java/lang/invoke/LambdaForm$MH+0x0000000100215c00'
Event: 3.027 Thread 0x000001684c791c30 Unloading class 0x0000000100215800 'java/lang/invoke/LambdaForm$MH+0x0000000100215800'
Event: 3.027 Thread 0x000001684c791c30 Unloading class 0x0000000100215000 'java/lang/invoke/LambdaForm$BMH+0x0000000100215000'
Event: 3.027 Thread 0x000001684c791c30 Unloading class 0x0000000100214c00 'java/lang/invoke/LambdaForm$DMH+0x0000000100214c00'
Event: 3.027 Thread 0x000001684c791c30 Unloading class 0x0000000100212000 'java/lang/invoke/LambdaForm$DMH+0x0000000100212000'

Classes redefined (0 events):
No events

Internal exceptions (20 events):
Event: 11.532 Thread 0x000001684fec8590 Exception <a 'java/lang/NoSuchMethodError'{0x00000000eb683e38}: 'java.lang.Object java.lang.invoke.Invokers$Holder.linkToTargetMethod(java.lang.Object, java.lang.Object, int, java.lang.Object)'> (0x00000000eb683e38) 
thrown [s\src\hotspot\share\interpreter\linkResolver.cpp, line 759]
Event: 11.548 Thread 0x000001684fec8590 Exception <a 'sun/nio/fs/WindowsException'{0x00000000eb7c32b0}> (0x00000000eb7c32b0) 
thrown [s\src\hotspot\share\prims\jni.cpp, line 516]
Event: 11.799 Thread 0x000001684cb38530 Implicit null exception at 0x000001683e0eca00 to 0x000001683e0f1b84
Event: 11.841 Thread 0x000001684cb3ba20 Exception <a 'java/lang/ClassNotFoundException'{0x00000000eb220ef0}: sun/util/logging/resources/spi/loggingProvider> (0x00000000eb220ef0) 
thrown [s\src\hotspot\share\classfile\systemDictionary.cpp, line 256]
Event: 11.849 Thread 0x000001684cb3ba20 Exception <a 'java/lang/ArrayIndexOutOfBoundsException'{0x00000000eb2d0a18}: Index 12 out of bounds for length 12> (0x00000000eb2d0a18) 
thrown [s\src\hotspot\share\interpreter\interpreterRuntime.cpp, line 428]
Event: 11.849 Thread 0x000001684cb3ba20 Exception <a 'java/lang/ArrayIndexOutOfBoundsException'{0x00000000eb2d1088}: Index 12 out of bounds for length 12> (0x00000000eb2d1088) 
thrown [s\src\hotspot\share\interpreter\interpreterRuntime.cpp, line 428]
Event: 11.849 Thread 0x000001684cb3ba20 Exception <a 'java/lang/ArrayIndexOutOfBoundsException'{0x00000000eb2d14b8}: Index 12 out of bounds for length 12> (0x00000000eb2d14b8) 
thrown [s\src\hotspot\share\interpreter\interpreterRuntime.cpp, line 428]
Event: 11.880 Thread 0x000001684fecac10 Implicit null exception at 0x000001683df96c1c to 0x000001683df96eec
Event: 11.959 Thread 0x000001684e1e0fc0 Exception <a 'java/io/FileNotFoundException'{0x00000000eba9aa10}> (0x00000000eba9aa10) 
thrown [s\src\hotspot\share\prims\jni.cpp, line 516]
Event: 12.009 Thread 0x000001684cb3a210 Exception <a 'java/lang/NoSuchMethodError'{0x00000000ead58128}: 'java.lang.Object java.lang.invoke.DirectMethodHandle$Holder.newInvokeSpecial(java.lang.Object, java.lang.Object, java.lang.Object, java.lang.Object, java.lang.Object, java.lang.Object)'> (0x00000000ead58128) 
thrown [s\src\hotspot\share\interpreter\linkResolver.cpp, line 759]
Event: 12.498 Thread 0x000001684feca740 Exception <a 'java/lang/NoSuchMethodError'{0x00000000eba02fa0}: 'int java.lang.invoke.DirectMethodHandle$Holder.invokeSpecialIFC(java.lang.Object, java.lang.Object, java.lang.Object, java.lang.Object)'> (0x00000000eba02fa0) 
thrown [s\src\hotspot\share\interpreter\linkResolver.cpp, line 759]
Event: 12.770 Thread 0x000001684fec9da0 Exception <a 'sun/nio/fs/WindowsException'{0x00000000ead351a8}> (0x00000000ead351a8) 
thrown [s\src\hotspot\share\prims\jni.cpp, line 516]
Event: 12.902 Thread 0x000001684feca740 Exception <a 'java/lang/ArrayIndexOutOfBoundsException'{0x00000000eaf5dd10}: Index 15 out of bounds for length 15> (0x00000000eaf5dd10) 
thrown [s\src\hotspot\share\interpreter\interpreterRuntime.cpp, line 428]
Event: 14.031 Thread 0x000001684feca740 Exception <a 'java/lang/ArrayIndexOutOfBoundsException'{0x00000000eaec3350}: Index 15 out of bounds for length 15> (0x00000000eaec3350) 
thrown [s\src\hotspot\share\interpreter\interpreterRuntime.cpp, line 428]
Event: 15.333 Thread 0x000001684cb3ba20 Exception <a 'java/lang/ArrayIndexOutOfBoundsException'{0x00000000eb3575c0}: Index 16 out of bounds for length 16> (0x00000000eb3575c0) 
thrown [s\src\hotspot\share\interpreter\interpreterRuntime.cpp, line 428]
Event: 15.334 Thread 0x000001684cb3ba20 Exception <a 'java/lang/ArrayIndexOutOfBoundsException'{0x00000000eb357c38}: Index 16 out of bounds for length 16> (0x00000000eb357c38) 
thrown [s\src\hotspot\share\interpreter\interpreterRuntime.cpp, line 428]
Event: 15.334 Thread 0x000001684cb3ba20 Exception <a 'java/lang/ArrayIndexOutOfBoundsException'{0x00000000eb3582c8}: Index 16 out of bounds for length 16> (0x00000000eb3582c8) 
thrown [s\src\hotspot\share\interpreter\interpreterRuntime.cpp, line 428]
Event: 15.778 Thread 0x000001684fec8590 Exception <a 'java/lang/ArrayIndexOutOfBoundsException'{0x00000000eab9a0b8}> (0x00000000eab9a0b8) 
thrown [s\src\hotspot\share\runtime\sharedRuntime.cpp, line 628]
Event: 16.347 Thread 0x000001684feca740 Implicit null exception at 0x000001683e29af68 to 0x000001683e29b774
Event: 18.045 Thread 0x000001684feca740 Exception <a 'java/lang/ArrayIndexOutOfBoundsException'{0x00000000eab5a198}: Index 25 out of bounds for length 24> (0x00000000eab5a198) 
thrown [s\src\hotspot\share\interpreter\interpreterRuntime.cpp, line 428]

VM Operations (20 events):
Event: 18.285 Executing VM operation: ParallelGCFailedAllocation done
Event: 18.323 Executing VM operation: ParallelGCFailedAllocation
Event: 18.331 Executing VM operation: ParallelGCFailedAllocation done
Event: 18.383 Executing VM operation: ParallelGCFailedAllocation
Event: 18.391 Executing VM operation: ParallelGCFailedAllocation done
Event: 18.426 Executing VM operation: ParallelGCFailedAllocation
Event: 18.436 Executing VM operation: ParallelGCFailedAllocation done
Event: 18.467 Executing VM operation: ParallelGCFailedAllocation
Event: 18.474 Executing VM operation: ParallelGCFailedAllocation done
Event: 18.491 Executing VM operation: ParallelGCFailedAllocation
Event: 18.499 Executing VM operation: ParallelGCFailedAllocation done
Event: 18.515 Executing VM operation: ParallelGCFailedAllocation
Event: 18.522 Executing VM operation: ParallelGCFailedAllocation done
Event: 18.536 Executing VM operation: ParallelGCFailedAllocation
Event: 18.540 Executing VM operation: ParallelGCFailedAllocation done
Event: 18.556 Executing VM operation: ParallelGCFailedAllocation
Event: 18.562 Executing VM operation: ParallelGCFailedAllocation done
Event: 18.788 Executing VM operation: ParallelGCFailedAllocation
Event: 18.798 Executing VM operation: ParallelGCFailedAllocation done
Event: 19.176 Executing VM operation: ParallelGCFailedAllocation

Events (20 events):
Event: 16.246 Thread 0x000001684c7d0fa0 flushing nmethod 0x0000016836eba590
Event: 16.246 Thread 0x000001684c7d0fa0 flushing nmethod 0x0000016836ebae90
Event: 16.246 Thread 0x000001684c7d0fa0 flushing nmethod 0x0000016836ebb810
Event: 16.246 Thread 0x000001684c7d0fa0 flushing nmethod 0x0000016836ebc610
Event: 16.246 Thread 0x000001684c7d0fa0 flushing nmethod 0x0000016836ebcd10
Event: 16.246 Thread 0x000001684c7d0fa0 flushing nmethod 0x0000016836ebde90
Event: 16.246 Thread 0x000001684c7d0fa0 flushing nmethod 0x0000016836ebfd90
Event: 16.246 Thread 0x000001684c7d0fa0 flushing nmethod 0x0000016836ec1a90
Event: 16.246 Thread 0x000001684c7d0fa0 flushing nmethod 0x0000016836ec7990
Event: 16.247 Thread 0x000001684c7d0fa0 flushing nmethod 0x0000016836ee0f90
Event: 16.247 Thread 0x000001684c7d0fa0 flushing nmethod 0x0000016836f10e10
Event: 16.672 Thread 0x000001684d81c6f0 Thread exited: 0x000001684d81c6f0
Event: 17.319 Thread 0x000001684d819450 Thread exited: 0x000001684d819450
Event: 17.811 Thread 0x000001684d81c6f0 Thread added: 0x000001684d81c6f0
Event: 17.811 Thread 0x000001684d819450 Thread added: 0x000001684d819450
Event: 18.314 Thread 0x000001684d81c6f0 Thread exited: 0x000001684d81c6f0
Event: 18.314 Thread 0x000001684d819450 Thread exited: 0x000001684d819450
Event: 18.640 Thread 0x000001684d819450 Thread added: 0x000001684d819450
Event: 18.720 Thread 0x000001684d81ada0 Thread added: 0x000001684d81ada0
Event: 19.088 Thread 0x000001684d81ada0 Thread exited: 0x000001684d81ada0


Dynamic libraries:
0x00007ff757440000 - 0x00007ff75744e000 	c:\Users\mateus\.vscode\extensions\redhat.java-1.19.0-win32-x64\jre\17.0.7-win32-x86_64\bin\java.exe
0x00007fffdee10000 - 0x00007fffdf008000 	C:\Windows\SYSTEM32\ntdll.dll
0x00007fffde4e0000 - 0x00007fffde59f000 	C:\Windows\System32\KERNEL32.DLL
0x00007fffdc7c0000 - 0x00007fffdcab6000 	C:\Windows\System32\KERNELBASE.dll
0x00007fffdcac0000 - 0x00007fffdcbc0000 	C:\Windows\System32\ucrtbase.dll
0x00007fffc9e50000 - 0x00007fffc9e67000 	c:\Users\mateus\.vscode\extensions\redhat.java-1.19.0-win32-x64\jre\17.0.7-win32-x86_64\bin\jli.dll
0x00007fffc9e30000 - 0x00007fffc9e49000 	c:\Users\mateus\.vscode\extensions\redhat.java-1.19.0-win32-x64\jre\17.0.7-win32-x86_64\bin\VCRUNTIME140.dll
0x00007fffdce70000 - 0x00007fffdd00d000 	C:\Windows\System32\USER32.dll
0x00007fffdc4f0000 - 0x00007fffdc512000 	C:\Windows\System32\win32u.dll
0x00007fffcaad0000 - 0x00007fffcad6a000 	C:\Windows\WinSxS\amd64_microsoft.windows.common-controls_6595b64144ccf1df_6.0.19041.1110_none_60b5254171f9507e\COMCTL32.dll
0x00007fffdd640000 - 0x00007fffdd66c000 	C:\Windows\System32\GDI32.dll
0x00007fffde3c0000 - 0x00007fffde45e000 	C:\Windows\System32\msvcrt.dll
0x00007fffdcd20000 - 0x00007fffdce35000 	C:\Windows\System32\gdi32full.dll
0x00007fffdc5b0000 - 0x00007fffdc64d000 	C:\Windows\System32\msvcp_win.dll
0x00007fffdd710000 - 0x00007fffdd740000 	C:\Windows\System32\IMM32.DLL
0x00007fffbd0b0000 - 0x00007fffbd0bc000 	c:\Users\mateus\.vscode\extensions\redhat.java-1.19.0-win32-x64\jre\17.0.7-win32-x86_64\bin\vcruntime140_1.dll
0x00007fffa48c0000 - 0x00007fffa4951000 	c:\Users\mateus\.vscode\extensions\redhat.java-1.19.0-win32-x64\jre\17.0.7-win32-x86_64\bin\msvcp140.dll
0x00007fff72290000 - 0x00007fff72ed8000 	c:\Users\mateus\.vscode\extensions\redhat.java-1.19.0-win32-x64\jre\17.0.7-win32-x86_64\bin\server\jvm.dll
0x00007fffdd750000 - 0x00007fffdd7ff000 	C:\Windows\System32\ADVAPI32.dll
0x00007fffdd670000 - 0x00007fffdd70c000 	C:\Windows\System32\sechost.dll
0x00007fffdeba0000 - 0x00007fffdecc6000 	C:\Windows\System32\RPCRT4.dll
0x00007fffc1500000 - 0x00007fffc1509000 	C:\Windows\SYSTEM32\WSOCK32.dll
0x00007fffc62e0000 - 0x00007fffc6307000 	C:\Windows\SYSTEM32\WINMM.dll
0x00007fffdecd0000 - 0x00007fffded3b000 	C:\Windows\System32\WS2_32.dll
0x00007fffd4010000 - 0x00007fffd401a000 	C:\Windows\SYSTEM32\VERSION.dll
0x00007fffdad30000 - 0x00007fffdad42000 	C:\Windows\SYSTEM32\kernel.appcore.dll
0x00007fffbcb40000 - 0x00007fffbcb4a000 	c:\Users\mateus\.vscode\extensions\redhat.java-1.19.0-win32-x64\jre\17.0.7-win32-x86_64\bin\jimage.dll
0x00007fffda140000 - 0x00007fffda324000 	C:\Windows\SYSTEM32\DBGHELP.DLL
0x00007fffc0c50000 - 0x00007fffc0c84000 	C:\Windows\SYSTEM32\dbgcore.DLL
0x00007fffdc520000 - 0x00007fffdc5a2000 	C:\Windows\System32\bcryptPrimitives.dll
0x00007fffbc3b0000 - 0x00007fffbc3be000 	c:\Users\mateus\.vscode\extensions\redhat.java-1.19.0-win32-x64\jre\17.0.7-win32-x86_64\bin\instrument.dll
0x00007fffbaf10000 - 0x00007fffbaf35000 	c:\Users\mateus\.vscode\extensions\redhat.java-1.19.0-win32-x64\jre\17.0.7-win32-x86_64\bin\java.dll
0x00007fffbaa90000 - 0x00007fffbaaa8000 	c:\Users\mateus\.vscode\extensions\redhat.java-1.19.0-win32-x64\jre\17.0.7-win32-x86_64\bin\zip.dll
0x00007fffddc70000 - 0x00007fffde3b4000 	C:\Windows\System32\SHELL32.dll
0x00007fffda580000 - 0x00007fffdad13000 	C:\Windows\SYSTEM32\windows.storage.dll
0x00007fffde840000 - 0x00007fffdeb94000 	C:\Windows\System32\combase.dll
0x00007fffdbf40000 - 0x00007fffdbf6e000 	C:\Windows\SYSTEM32\Wldp.dll
0x00007fffdd340000 - 0x00007fffdd3ed000 	C:\Windows\System32\SHCORE.dll
0x00007fffdd460000 - 0x00007fffdd4b5000 	C:\Windows\System32\shlwapi.dll
0x00007fffdc430000 - 0x00007fffdc44f000 	C:\Windows\SYSTEM32\profapi.dll
0x00007fffba9c0000 - 0x00007fffba9d9000 	C:\Users\mateus\.vscode\extensions\redhat.java-1.19.0-win32-x64\jre\17.0.7-win32-x86_64\bin\net.dll
0x00007fffd75b0000 - 0x00007fffd76ba000 	C:\Windows\SYSTEM32\WINHTTP.dll
0x00007fffdbca0000 - 0x00007fffdbd0a000 	C:\Windows\system32\mswsock.dll
0x00007fffba850000 - 0x00007fffba865000 	C:\Users\mateus\.vscode\extensions\redhat.java-1.19.0-win32-x64\jre\17.0.7-win32-x86_64\bin\nio.dll
0x00007fffbc250000 - 0x00007fffbc260000 	c:\Users\mateus\.vscode\extensions\redhat.java-1.19.0-win32-x64\jre\17.0.7-win32-x86_64\bin\verify.dll
0x00007fffae7c0000 - 0x00007fffae7fe000 	C:\Users\mateus\AppData\Roaming\Code\User\globalStorage\redhat.java\1.19.0\config_win\org.eclipse.equinox.launcher\org.eclipse.equinox.launcher.win32.win32.x86_64_1.2.700.v20221108-1024\eclipse_11801.dll
0x00007fffde5a0000 - 0x00007fffde6ca000 	C:\Windows\System32\ole32.dll
0x00007fffbaf00000 - 0x00007fffbaf09000 	C:\Users\mateus\.vscode\extensions\redhat.java-1.19.0-win32-x64\jre\17.0.7-win32-x86_64\bin\management.dll
0x00007fffba820000 - 0x00007fffba82b000 	C:\Users\mateus\.vscode\extensions\redhat.java-1.19.0-win32-x64\jre\17.0.7-win32-x86_64\bin\management_ext.dll
0x00007fffdd740000 - 0x00007fffdd748000 	C:\Windows\System32\PSAPI.DLL
0x00007fffdbe90000 - 0x00007fffdbea8000 	C:\Windows\SYSTEM32\CRYPTSP.dll
0x00007fffdb550000 - 0x00007fffdb584000 	C:\Windows\system32\rsaenh.dll
0x00007fffdce40000 - 0x00007fffdce67000 	C:\Windows\System32\bcrypt.dll
0x00007fffdc3b0000 - 0x00007fffdc3de000 	C:\Windows\SYSTEM32\USERENV.dll
0x00007fffdbeb0000 - 0x00007fffdbebc000 	C:\Windows\SYSTEM32\CRYPTBASE.dll
0x00007fffdb940000 - 0x00007fffdb97c000 	C:\Windows\SYSTEM32\IPHLPAPI.DLL
0x00007fffde830000 - 0x00007fffde838000 	C:\Windows\System32\NSI.dll
0x00007fffd3f40000 - 0x00007fffd3f57000 	C:\Windows\SYSTEM32\dhcpcsvc6.DLL
0x00007fffd42e0000 - 0x00007fffd42fd000 	C:\Windows\SYSTEM32\dhcpcsvc.DLL
0x00007fffdb990000 - 0x00007fffdba5a000 	C:\Windows\SYSTEM32\DNSAPI.dll
0x00007fffae720000 - 0x00007fffae765000 	C:\Users\mateus\AppData\Local\Temp\jna--1081251741\jna15599869515016726875.dll

dbghelp: loaded successfully - version: 4.0.5 - missing functions: none
symbol engine: initialized successfully - sym options: 0x614 - pdb path: .;c:\Users\mateus\.vscode\extensions\redhat.java-1.19.0-win32-x64\jre\17.0.7-win32-x86_64\bin;C:\Windows\SYSTEM32;C:\Windows\WinSxS\amd64_microsoft.windows.common-controls_6595b64144ccf1df_6.0.19041.1110_none_60b5254171f9507e;c:\Users\mateus\.vscode\extensions\redhat.java-1.19.0-win32-x64\jre\17.0.7-win32-x86_64\bin\server;C:\Users\mateus\AppData\Roaming\Code\User\globalStorage\redhat.java\1.19.0\config_win\org.eclipse.equinox.launcher\org.eclipse.equinox.launcher.win32.win32.x86_64_1.2.700.v20221108-1024;C:\Users\mateus\AppData\Local\Temp\jna--1081251741

VM Arguments:
jvm_args: --add-modules=ALL-SYSTEM --add-opens=java.base/java.util=ALL-UNNAMED --add-opens=java.base/java.lang=ALL-UNNAMED --add-opens=java.base/sun.nio.fs=ALL-UNNAMED -Declipse.application=org.eclipse.jdt.ls.core.id1 -Dosgi.bundles.defaultStartLevel=4 -Declipse.product=org.eclipse.jdt.ls.core.product -Djava.import.generatesMetadataFilesAtProjectRoot=false -Dfile.encoding=utf8 -XX:+UseParallelGC -XX:GCTimeRatio=4 -XX:AdaptiveSizePolicyWeight=90 -Dsun.zip.disableMemoryMapping=true -Xmx1G -Xms100m -Xlog:disable -javaagent:c:\Users\mateus\.vscode\extensions\redhat.java-1.19.0-win32-x64\lombok\lombok-1.18.28.jar -XX:+HeapDumpOnOutOfMemoryError -XX:HeapDumpPath=c:\Users\mateus\AppData\Roaming\Code\User\workspaceStorage\2465d066db6a10d50632daa4b1fdb25f\redhat.java -Daether.dependencyCollector.impl=bf 
java_command: c:\Users\mateus\.vscode\extensions\redhat.java-1.19.0-win32-x64\server\plugins\org.eclipse.equinox.launcher_1.6.400.v20210924-0641.jar -configuration c:\Users\mateus\AppData\Roaming\Code\User\globalStorage\redhat.java\1.19.0\config_win -data c:\Users\mateus\AppData\Roaming\Code\User\workspaceStorage\2465d066db6a10d50632daa4b1fdb25f\redhat.java\jdt_ws
java_class_path (initial): c:\Users\mateus\.vscode\extensions\redhat.java-1.19.0-win32-x64\server\plugins\org.eclipse.equinox.launcher_1.6.400.v20210924-0641.jar
Launcher Type: SUN_STANDARD

[Global flags]
    uintx AdaptiveSizePolicyWeight                 = 90                                        {product} {command line}
     intx CICompilerCount                          = 4                                         {product} {ergonomic}
    uintx GCTimeRatio                              = 4                                         {product} {command line}
     bool HeapDumpOnOutOfMemoryError               = true                                   {manageable} {command line}
    ccstr HeapDumpPath                             = c:\Users\mateus\AppData\Roaming\Code\User\workspaceStorage\2465d066db6a10d50632daa4b1fdb25f\redhat.java         {manageable} {command line}
   size_t InitialHeapSize                          = 104857600                                 {product} {command line}
   size_t MaxHeapSize                              = 1073741824                                {product} {command line}
   size_t MaxNewSize                               = 357564416                                 {product} {ergonomic}
   size_t MinHeapDeltaBytes                        = 524288                                    {product} {ergonomic}
   size_t MinHeapSize                              = 104857600                                 {product} {command line}
   size_t NewSize                                  = 34603008                                  {product} {ergonomic}
    uintx NonNMethodCodeHeapSize                   = 5839372                                {pd product} {ergonomic}
    uintx NonProfiledCodeHeapSize                  = 122909434                              {pd product} {ergonomic}
   size_t OldSize                                  = 70254592                                  {product} {ergonomic}
    uintx ProfiledCodeHeapSize                     = 122909434                              {pd product} {ergonomic}
    uintx ReservedCodeCacheSize                    = 251658240                              {pd product} {ergonomic}
     bool SegmentedCodeCache                       = true                                      {product} {ergonomic}
   size_t SoftMaxHeapSize                          = 1073741824                             {manageable} {ergonomic}
     bool UseCompressedClassPointers               = true                           {product lp64_product} {ergonomic}
     bool UseCompressedOops                        = true                           {product lp64_product} {ergonomic}
     bool UseLargePagesIndividualAllocation        = false                                  {pd product} {ergonomic}
     bool UseParallelGC                            = true                                      {product} {command line}

Logging:
Log output configuration:
 #0: stdout all=off uptime,level,tags
 #1: stderr all=off uptime,level,tags

Environment Variables:
JAVA_HOME=C:\Program Files\Java\jdk-17
PATH=C:\Users\mateus\bin;C:\Program Files\Git\mingw64\bin;C:\Program Files\Git\usr\local\bin;C:\Program Files\Git\usr\bin;C:\Program Files\Git\usr\bin;C:\Program Files\Git\mingw64\bin;C:\Program Files\Git\usr\bin;C:\Users\mateus\bin;C:\Program Files\Common Files\Oracle\Java\javapath;C:\Windows\system32;C:\Windows;C:\Windows\System32\Wbem;C:\Windows\System32\WindowsPowerShell\v1.0;C:\Windows\System32\OpenSSH;%JAVA_HOME%\bin;C:\Program Files\Git\cmd;C:\Users\mateus\AppData\Local\Microsoft\WindowsApps;C:\Users\mateus\AppData\Local\Programs\Microsoft VS Code\bin;C:\Program Files\Git\usr\bin\vendor_perl;C:\Program Files\Git\usr\bin\core_perl
USERNAME=mateus
SHELL=C:\Program Files\Git\usr\bin\bash.exe
DISPLAY=needs-to-be-defined
LC_CTYPE=pt_BR.UTF-8
TERM=xterm
TMPDIR=C:\Users\mateus\AppData\Local\Temp
OS=Windows_NT
PROCESSOR_IDENTIFIER=Intel64 Family 6 Model 140 Stepping 1, GenuineIntel
TMP=C:\Users\mateus\AppData\Local\Temp
TEMP=C:\Users\mateus\AppData\Local\Temp



---------------  S Y S T E M  ---------------

OS:
 Windows 10 , 64 bit Build 19041 (10.0.19041.3031)
OS uptime: 0 days 7:37 hours

CPU: total 8 (initial active 8) (4 cores per cpu, 2 threads per core) family 6 model 140 stepping 1 microcode 0x8a, cx8, cmov, fxsr, ht, mmx, 3dnowpref, sse, sse2, sse3, ssse3, sse4.1, sse4.2, popcnt, lzcnt, tsc, tscinvbit, avx, avx2, aes, erms, clmul, bmi1, bmi2, adx, avx512f, avx512dq, avx512cd, avx512bw, avx512vl, sha, fma, vzeroupper, avx512_vpopcntdq, avx512_vpclmulqdq, avx512_vaes, avx512_vnni, clflush, clflushopt, clwb, avx512_vbmi2, avx512_vbmi

Memory: 4k page, system-wide physical 16107M (8199M free)
TotalPageFile size 19051M (AvailPageFile size 10940M)
current process WorkingSet (physical memory assigned to process): 662M, peak: 678M
current process commit charge ("private bytes"): 591M, peak: 611M

vm_info: OpenJDK 64-Bit Server VM (17.0.7+7) for windows-amd64 JRE (17.0.7+7), built on Apr 18 2023 22:10:42 by "temurin" with MS VC++ 16.7 (VS2019)

END.
