#
# A fatal error has been detected by the Java Runtime Environment:
#
#  EXCEPTION_ACCESS_VIOLATION (0xc0000005) at pc=0x00007ffdfd7e38dc, pid=7520, tid=2332
#
# JRE version: OpenJDK Runtime Environment Temurin-17.0.7+7 (17.0.7+7) (build 17.0.7+7)
# Java VM: OpenJDK 64-Bit Server VM Temurin-17.0.7+7 (17.0.7+7, mixed mode, tiered, compressed oops, compressed class ptrs, parallel gc, windows-amd64)
# Problematic frame:
# V  [jvm.dll+0x6c38dc]
#
# No core dump will be written. Minidumps are not enabled by default on client versions of Windows
#
# If you would like to submit a bug report, please visit:
#   https://github.com/adoptium/adoptium-support/issues
#

---------------  S U M M A R Y ------------

Command Line: --add-modules=ALL-SYSTEM --add-opens=java.base/java.util=ALL-UNNAMED --add-opens=java.base/java.lang=ALL-UNNAMED --add-opens=java.base/sun.nio.fs=ALL-UNNAMED -Declipse.application=org.eclipse.jdt.ls.core.id1 -Dosgi.bundles.defaultStartLevel=4 -Declipse.product=org.eclipse.jdt.ls.core.product -Djava.import.generatesMetadataFilesAtProjectRoot=false -Dfile.encoding=utf8 -XX:+UseParallelGC -XX:GCTimeRatio=4 -XX:AdaptiveSizePolicyWeight=90 -Dsun.zip.disableMemoryMapping=true -Xmx1G -Xms100m -Xlog:disable -javaagent:c:\Users\mateu\.vscode\extensions\redhat.java-1.19.0-win32-x64\lombok\lombok-1.18.28.jar -XX:+HeapDumpOnOutOfMemoryError -XX:HeapDumpPath=c:\Users\mateu\AppData\Roaming\Code\User\workspaceStorage\3aeb9ff13ac600560b41e2013b7fb6ac\redhat.java -Daether.dependencyCollector.impl=bf c:\Users\mateu\.vscode\extensions\redhat.java-1.19.0-win32-x64\server\plugins\org.eclipse.equinox.launcher_1.6.400.v20210924-0641.jar -configuration c:\Users\mateu\AppData\Roaming\Code\User\globalStorage\redhat.java\1.19.0\config_win -data c:\Users\mateu\AppData\Roaming\Code\User\workspaceStorage\3aeb9ff13ac600560b41e2013b7fb6ac\redhat.java\jdt_ws

Host: 11th Gen Intel(R) Core(TM) i5-1135G7 @ 2.40GHz, 8 cores, 15G,  Windows 11 , 64 bit Build 22621 (10.0.22621.1635)
Time: Mon Jun  5 08:58:23 2023 E. South America Standard Time elapsed time: 345.599771 seconds (0d 0h 5m 45s)

---------------  T H R E A D  ---------------

Current thread (0x000001ce9d6ef7e0):  JavaThread "C2 CompilerThread2" daemon [_thread_in_native, id=2332, stack(0x0000005dc3c00000,0x0000005dc3d00000)]


Current CompileTask:
C2: 345599 15352       4       org.eclipse.jdt.internal.core.BinaryMethod::getExceptionTypes (189 bytes)

Stack: [0x0000005dc3c00000,0x0000005dc3d00000],  sp=0x0000005dc3cfbae0,  free space=1006k
Native frames: (J=compiled Java code, j=interpreted, Vv=VM code, C=native code)
V  [jvm.dll+0x6c38dc]
V  [jvm.dll+0x1bcb3b]
V  [jvm.dll+0x219799]
V  [jvm.dll+0x218a61]
V  [jvm.dll+0x1a4d8d]
V  [jvm.dll+0x2284da]
V  [jvm.dll+0x226615]
V  [jvm.dll+0x7ea90b]
V  [jvm.dll+0x7e4e7a]
V  [jvm.dll+0x676395]
C  [ucrtbase.dll+0x29363]
C  [KERNEL32.DLL+0x126ad]
C  [ntdll.dll+0x5a9f8]


siginfo: EXCEPTION_ACCESS_VIOLATION (0xc0000005), reading address 0x000001cd02343570


Register to memory mapping:

RIP=0x00007ffdfd7e38dc jvm.dll
RAX=0x000001ce9a456d70 points into unknown readable memory: 0x0000000000000000 | 00 00 00 00 00 00 00 00
RBX=0x0 is NULL
RCX=0x000001ce9e07f948 points into unknown readable memory: 0x0000000900000008 | 08 00 00 00 09 00 00 00
RDX=0xffffffff99fbb200 is an unknown value
RSP=0x0000005dc3cfbae0 is pointing into the stack for thread: 0x000001ce9d6ef7e0
RBP=0x0000005dc3cfbbe0 is pointing into the stack for thread: 0x000001ce9d6ef7e0
RSI=0x000001ce9a2eef30 points into unknown readable memory: 0x00007ffdfd9d07f8 | f8 07 9d fd fd 7f 00 00
RDI=0x0 is NULL
R8 =0x0000000000000029 is an unknown value
R9 =0x0000000000000029 is an unknown value
R10=0x000001ce9d91dba0 points into unknown readable memory: 0x3f52babb24385dae | ae 5d 38 24 bb ba 52 3f
R11=0x3333333333333333 is an unknown value
R12=0x000000000000000a is an unknown value
R13=0x000000000000000a is an unknown value
R14=0x0000000000000004 is an unknown value
R15=0x0000005dc3cfc350 is pointing into the stack for thread: 0x000001ce9d6ef7e0


Registers:
RAX=0x000001ce9a456d70, RBX=0x0000000000000000, RCX=0x000001ce9e07f948, RDX=0xffffffff99fbb200
RSP=0x0000005dc3cfbae0, RBP=0x0000005dc3cfbbe0, RSI=0x000001ce9a2eef30, RDI=0x0000000000000000
R8 =0x0000000000000029, R9 =0x0000000000000029, R10=0x000001ce9d91dba0, R11=0x3333333333333333
R12=0x000000000000000a, R13=0x000000000000000a, R14=0x0000000000000004, R15=0x0000005dc3cfc350
RIP=0x00007ffdfd7e38dc, EFLAGS=0x0000000000010287

Top of Stack: (sp=0x0000005dc3cfbae0)
0x0000005dc3cfbae0:   00007ffdfdc1c2e0 0000005dc3cfbbe0
0x0000005dc3cfbaf0:   000001ce9a2eee90 000001ce9d91dba0
0x0000005dc3cfbb00:   000001ce9a2eee90 000001ce00000001
0x0000005dc3cfbb10:   000001ce00000553 0000005dc3cfbc01
0x0000005dc3cfbb20:   000001ce00000000 0000005dc3cfbd70
0x0000005dc3cfbb30:   000000010000000c 0000005dc3cfbcf0
0x0000005dc3cfbb40:   0000005d00000401 000001cefe622af0
0x0000005dc3cfbb50:   0000000a00000044 00007ffd0000000c
0x0000005dc3cfbb60:   0000000000000000 000001ce9a2eef30
0x0000005dc3cfbb70:   00007ffd00000401 000001ce9a73ce80
0x0000005dc3cfbb80:   0000001000000000 000001ce9a73d0a0
0x0000005dc3cfbb90:   000001ce9cc8b5c0 0000000000000000
0x0000005dc3cfbba0:   000001ce9cc89d60 000001ce9cc8a990
0x0000005dc3cfbbb0:   000001ce9cc85e00 000001ce9d91dc50
0x0000005dc3cfbbc0:   0000000000000029 000001ce9cc88840
0x0000005dc3cfbbd0:   0000000000000400 0000000000000004 

Instructions: (pc=0x00007ffdfd7e38dc)
0x00007ffdfd7e37dc:   ff 4c 8b 4e 08 49 8b 0c d9 48 85 c9 74 2c 4c 8b
0x00007ffdfd7e37ec:   41 10 4d 85 c0 74 23 8b 41 20 49 8d 14 c0 66 0f
0x00007ffdfd7e37fc:   1f 44 00 00 48 39 72 f8 48 8d 52 f8 75 f6 ff c8
0x00007ffdfd7e380c:   89 41 20 49 8b 0c c0 48 89 0a 48 8b 45 f8 33 f6
0x00007ffdfd7e381c:   65 48 8b 14 25 58 00 00 00 b9 50 00 00 00 49 89
0x00007ffdfd7e382c:   34 d9 48 8b 04 c2 40 38 34 01 75 05 e8 43 b7 1c
0x00007ffdfd7e383c:   00 41 8b d6 49 8d 4d 10 e8 07 26 f9 ff 41 ff 4d
0x00007ffdfd7e384c:   28 41 ff ce 41 ff 4d 70 41 ff 4d 78 41 ff c6 e9
0x00007ffdfd7e385c:   31 fb ff ff 8b 46 2c 83 e0 7f 3c 4a 0f 84 89 02
0x00007ffdfd7e386c:   00 00 48 8b 06 48 8b ce ff 90 88 00 00 00 48 89
0x00007ffdfd7e387c:   45 80 48 8b f8 48 85 c0 74 0b 48 8b c8 e8 f2 86
0x00007ffdfd7e388c:   ae ff 44 8b e0 8b 4d 90 41 bd 01 00 00 00 44 89
0x00007ffdfd7e389c:   64 24 60 44 89 6c 24 74 8d 41 ff 89 45 f0 41 3b
0x00007ffdfd7e38ac:   cd 0f 86 3c 02 00 00 44 3b e8 76 0e 41 8b c5 41
0x00007ffdfd7e38bc:   2b c4 a8 01 0f 84 14 02 00 00 48 8b 46 08 45 8b
0x00007ffdfd7e38cc:   e5 4a 8b 0c e0 49 8b 87 08 01 00 00 48 63 51 28
0x00007ffdfd7e38dc:   8b 0c 90 41 3b 8f e0 00 00 00 0f 83 e9 01 00 00
0x00007ffdfd7e38ec:   49 8b 47 70 8b d1 48 69 d9 b0 00 00 00 48 8b 48
0x00007ffdfd7e38fc:   20 48 89 5d b8 81 7c 19 30 2f 75 00 00 0f 8c c6
0x00007ffdfd7e390c:   01 00 00 48 8b 45 e8 8b 34 90 48 8b 45 98 44 8b
0x00007ffdfd7e391c:   fe 89 74 24 78 48 89 75 20 4c 8b 34 f0 48 85 ff
0x00007ffdfd7e392c:   0f 84 9e 02 00 00 8b 4f 14 41 3b cd 77 12 44 3b
0x00007ffdfd7e393c:   6f 18 73 0c 41 8b c5 2b c1 83 e0 01 84 c0 74 1c
0x00007ffdfd7e394c:   48 8b 0f 48 85 c9 0f 84 78 02 00 00 41 8b d5 e8
0x00007ffdfd7e395c:   20 a5 b3 ff 84 c0 0f 84 68 02 00 00 48 8b 85 10
0x00007ffdfd7e396c:   03 00 00 49 8b ce 4c 8b 7c 24 68 49 8b d7 4c 8b
0x00007ffdfd7e397c:   40 10 e8 8d 18 00 00 48 8b f0 48 85 c0 0f 84 bf
0x00007ffdfd7e398c:   12 00 00 4c 8b 85 10 03 00 00 49 8b 58 10 8b 83
0x00007ffdfd7e399c:   40 02 00 00 2b 83 68 02 00 00 03 05 4c cb 43 00
0x00007ffdfd7e39ac:   3b 43 68 0f 87 74 12 00 00 48 63 7e 28 49 8d 98
0x00007ffdfd7e39bc:   00 01 00 00 8b 13 3b fa 7c 52 3b 7b 04 7c 13 8b
0x00007ffdfd7e39cc:   d7 48 8b cb e8 bb 5b 9f ff 8b 13 4c 8b 85 10 03 


Stack slot to memory mapping:
stack at sp + 0 slots: 0x00007ffdfdc1c2e0 jvm.dll
stack at sp + 1 slots: 0x0000005dc3cfbbe0 is pointing into the stack for thread: 0x000001ce9d6ef7e0
stack at sp + 2 slots: 0x000001ce9a2eee90 points into unknown readable memory: 0x00007ffdfd9e22f0 | f0 22 9e fd fd 7f 00 00
stack at sp + 3 slots: 0x000001ce9d91dba0 points into unknown readable memory: 0x3f52babb24385dae | ae 5d 38 24 bb ba 52 3f
stack at sp + 4 slots: 0x000001ce9a2eee90 points into unknown readable memory: 0x00007ffdfd9e22f0 | f0 22 9e fd fd 7f 00 00
stack at sp + 5 slots: 0x000001ce00000001 is an unknown value
stack at sp + 6 slots: 0x000001ce00000553 is an unknown value
stack at sp + 7 slots: 0x0000005dc3cfbc01 is pointing into the stack for thread: 0x000001ce9d6ef7e0


---------------  P R O C E S S  ---------------

Threads class SMR info:
_java_thread_list=0x000001ce99181ae0, length=39, elements={
0x000001cef10df580, 0x000001cef1192950, 0x000001cef1193bb0, 0x000001cefd15aef0,
0x000001cefd15b8d0, 0x000001cefd15c390, 0x000001cefd160510, 0x000001cefd165ba0,
0x000001cefd16b500, 0x000001cefd16c9d0, 0x000001cefd22b210, 0x000001cefd47f040,
0x000001cefe8a9450, 0x000001cefec26840, 0x000001cefebf5770, 0x000001cefef66a60,
0x000001cefee71d70, 0x000001cefef46030, 0x000001cefef46500, 0x000001cefef48b80,
0x000001cefef47d10, 0x000001cefef451c0, 0x000001cefef469d0, 0x000001cefef481e0,
0x000001cefef47840, 0x000001cefef486b0, 0x000001ce99590c70, 0x000001ce99594b00,
0x000001ce99594fd0, 0x000001ce99596310, 0x000001ce99596cb0, 0x000001ce99595970,
0x000001ce995902d0, 0x000001ce99592480, 0x000001ce99594160, 0x000001ce9d6ea6e0,
0x000001ce9d6ef7e0, 0x000001ce9cf470c0, 0x000001ce9cf44570
}

Java Threads: ( => current thread )
  0x000001cef10df580 JavaThread "main" [_thread_blocked, id=5480, stack(0x0000005dc1900000,0x0000005dc1a00000)]
  0x000001cef1192950 JavaThread "Reference Handler" daemon [_thread_blocked, id=15260, stack(0x0000005dc1c00000,0x0000005dc1d00000)]
  0x000001cef1193bb0 JavaThread "Finalizer" daemon [_thread_blocked, id=15304, stack(0x0000005dc1d00000,0x0000005dc1e00000)]
  0x000001cefd15aef0 JavaThread "Signal Dispatcher" daemon [_thread_blocked, id=5492, stack(0x0000005dc1e00000,0x0000005dc1f00000)]
  0x000001cefd15b8d0 JavaThread "Attach Listener" daemon [_thread_blocked, id=15568, stack(0x0000005dc1f00000,0x0000005dc2000000)]
  0x000001cefd15c390 JavaThread "Service Thread" daemon [_thread_blocked, id=7824, stack(0x0000005dc2000000,0x0000005dc2100000)]
  0x000001cefd160510 JavaThread "Monitor Deflation Thread" daemon [_thread_blocked, id=6200, stack(0x0000005dc2100000,0x0000005dc2200000)]
  0x000001cefd165ba0 JavaThread "C2 CompilerThread0" daemon [_thread_in_native, id=16980, stack(0x0000005dc2200000,0x0000005dc2300000)]
  0x000001cefd16b500 JavaThread "C1 CompilerThread0" daemon [_thread_blocked, id=6352, stack(0x0000005dc2300000,0x0000005dc2400000)]
  0x000001cefd16c9d0 JavaThread "Sweeper thread" daemon [_thread_blocked, id=13340, stack(0x0000005dc2400000,0x0000005dc2500000)]
  0x000001cefd22b210 JavaThread "Common-Cleaner" daemon [_thread_blocked, id=3076, stack(0x0000005dc2500000,0x0000005dc2600000)]
  0x000001cefd47f040 JavaThread "Notification Thread" daemon [_thread_blocked, id=15148, stack(0x0000005dc2700000,0x0000005dc2800000)]
  0x000001cefe8a9450 JavaThread "Active Thread: Equinox Container: da1fd119-bcb6-4e54-b7d2-c50c7f50affb" [_thread_blocked, id=8240, stack(0x0000005dc3000000,0x0000005dc3100000)]
  0x000001cefec26840 JavaThread "Framework Event Dispatcher: Equinox Container: da1fd119-bcb6-4e54-b7d2-c50c7f50affb" daemon [_thread_blocked, id=13536, stack(0x0000005dc3100000,0x0000005dc3200000)]
  0x000001cefebf5770 JavaThread "Start Level: Equinox Container: da1fd119-bcb6-4e54-b7d2-c50c7f50affb" daemon [_thread_blocked, id=15604, stack(0x0000005dc3200000,0x0000005dc3300000)]
  0x000001cefef66a60 JavaThread "SCR Component Actor" daemon [_thread_blocked, id=16668, stack(0x0000005dc3300000,0x0000005dc3400000)]
  0x000001cefee71d70 JavaThread "Worker-JM" [_thread_blocked, id=14144, stack(0x0000005dc2900000,0x0000005dc2a00000)]
  0x000001cefef46030 JavaThread "Worker-1" [_thread_blocked, id=13624, stack(0x0000005dc3700000,0x0000005dc3800000)]
  0x000001cefef46500 JavaThread "Worker-2: Shutdown..." [_thread_in_native, id=14644, stack(0x0000005dc3800000,0x0000005dc3900000)]
  0x000001cefef48b80 JavaThread "Java indexing" daemon [_thread_blocked, id=12240, stack(0x0000005dc3a00000,0x0000005dc3b00000)]
  0x000001cefef47d10 JavaThread "JNA Cleaner" daemon [_thread_blocked, id=6620, stack(0x0000005dc3b00000,0x0000005dc3c00000)]
  0x000001cefef451c0 JavaThread "pool-2-thread-1" [_thread_blocked, id=4052, stack(0x0000005dc3e00000,0x0000005dc3f00000)]
  0x000001cefef469d0 JavaThread "WorkspaceEventsHandler" [_thread_blocked, id=11836, stack(0x0000005dc3f00000,0x0000005dc4000000)]
  0x000001cefef481e0 JavaThread "pool-1-thread-1" [_thread_in_native, id=14916, stack(0x0000005dc4000000,0x0000005dc4100000)]
  0x000001cefef47840 JavaThread "ForkJoinPool.commonPool-worker-1" daemon [_thread_blocked, id=1460, stack(0x0000005dc4200000,0x0000005dc4300000)]
  0x000001cefef486b0 JavaThread "ForkJoinPool.commonPool-worker-2" daemon [_thread_blocked, id=9336, stack(0x0000005dc4300000,0x0000005dc4400000)]
  0x000001ce99590c70 JavaThread "ForkJoinPool.commonPool-worker-3" daemon [_thread_blocked, id=7688, stack(0x0000005dc4400000,0x0000005dc4500000)]
  0x000001ce99594b00 JavaThread "ForkJoinPool.commonPool-worker-4" daemon [_thread_blocked, id=7328, stack(0x0000005dc4500000,0x0000005dc4600000)]
  0x000001ce99594fd0 JavaThread "ForkJoinPool.commonPool-worker-5" daemon [_thread_blocked, id=16368, stack(0x0000005dc4600000,0x0000005dc4700000)]
  0x000001ce99596310 JavaThread "ForkJoinPool.commonPool-worker-6" daemon [_thread_blocked, id=12552, stack(0x0000005dc4700000,0x0000005dc4800000)]
  0x000001ce99596cb0 JavaThread "ForkJoinPool.commonPool-worker-7" daemon [_thread_blocked, id=10680, stack(0x0000005dc2600000,0x0000005dc2700000)]
  0x000001ce99595970 JavaThread "Bundle File Closer" daemon [_thread_blocked, id=9364, stack(0x0000005dc3500000,0x0000005dc3600000)]
  0x000001ce995902d0 JavaThread "Worker-4" [_thread_blocked, id=17156, stack(0x0000005dc1700000,0x0000005dc1800000)]
  0x000001ce99592480 JavaThread "Worker-5" [_thread_blocked, id=7380, stack(0x0000005dc3900000,0x0000005dc3a00000)]
  0x000001ce99594160 JavaThread "pool-1-thread-3" [_thread_blocked, id=13528, stack(0x0000005dc3600000,0x0000005dc3700000)]
  0x000001ce9d6ea6e0 JavaThread "C2 CompilerThread1" daemon [_thread_in_native, id=16860, stack(0x0000005dc1800000,0x0000005dc1900000)]
=>0x000001ce9d6ef7e0 JavaThread "C2 CompilerThread2" daemon [_thread_in_native, id=2332, stack(0x0000005dc3c00000,0x0000005dc3d00000)]
  0x000001ce9cf470c0 Thread [stack: 0x0000005dc3d00000,0x0000005dc3e00000] [id=2568]
  0x000001ce9cf44570 Thread [stack: 0x0000005dc4100000,0x0000005dc4200000] [id=3352]

Other Threads:
  0x000001cefd121c30 VMThread "VM Thread" [stack: 0x0000005dc1b00000,0x0000005dc1c00000] [id=10920]
  0x000001cefd47f510 WatcherThread [stack: 0x0000005dc2800000,0x0000005dc2900000] [id=11136]
  0x000001cef10f6220 GCTaskThread "GC Thread#0" [stack: 0x0000005dc1a00000,0x0000005dc1b00000] [id=11244]
  0x000001cefe2dd1f0 GCTaskThread "GC Thread#1" [stack: 0x0000005dc2a00000,0x0000005dc2b00000] [id=11676]
  0x000001cefe2dd4a0 GCTaskThread "GC Thread#2" [stack: 0x0000005dc2b00000,0x0000005dc2c00000] [id=7220]
  0x000001cefe5e8be0 GCTaskThread "GC Thread#3" [stack: 0x0000005dc2c00000,0x0000005dc2d00000] [id=14316]
  0x000001cefe5e8e90 GCTaskThread "GC Thread#4" [stack: 0x0000005dc2d00000,0x0000005dc2e00000] [id=13100]
  0x000001cefe5e9140 GCTaskThread "GC Thread#5" [stack: 0x0000005dc2e00000,0x0000005dc2f00000] [id=9936]
  0x000001cefe6d4470 GCTaskThread "GC Thread#6" [stack: 0x0000005dc2f00000,0x0000005dc3000000] [id=14460]
  0x000001cefec75bf0 GCTaskThread "GC Thread#7" [stack: 0x0000005dc3400000,0x0000005dc3500000] [id=120]

Threads with active compile tasks:
C2 CompilerThread0   345637 15344       4       org.eclipse.jdt.internal.core.BinaryTypeConverter::convert (511 bytes)
C2 CompilerThread1   345637 15346       4       org.eclipse.jdt.internal.core.BinaryMethod::getTypeParameterSignatures (44 bytes)
C2 CompilerThread2   345637 15352       4       org.eclipse.jdt.internal.core.BinaryMethod::getExceptionTypes (189 bytes)

VM state: not at safepoint (normal execution)

VM Mutex/Monitor currently owned by a thread: None

Heap address: 0x00000000c0000000, size: 1024 MB, Compressed Oops mode: 32-bit

CDS archive(s) not mapped
Compressed class space mapped at: 0x0000000100000000-0x0000000140000000, reserved size: 1073741824
Narrow klass base: 0x0000000000000000, Narrow klass shift: 3, Narrow klass range: 0x140000000

GC Precious Log:
 CPUs: 8 total, 8 available
 Memory: 16107M
 Large Page Support: Disabled
 NUMA Support: Disabled
 Compressed Oops: Enabled (32-bit)
 Alignments: Space 512K, Generation 512K, Heap 2M
 Heap Min Capacity: 100M
 Heap Initial Capacity: 100M
 Heap Max Capacity: 1G
 Pre-touch: Disabled
 Parallel Workers: 8

Heap:
 PSYoungGen      total 11776K, used 8686K [0x00000000eab00000, 0x00000000eb880000, 0x0000000100000000)
  eden space 10752K, 75% used [0x00000000eab00000,0x00000000eb2ec660,0x00000000eb580000)
  from space 1024K, 56% used [0x00000000eb780000,0x00000000eb810000,0x00000000eb880000)
  to   space 1024K, 0% used [0x00000000eb680000,0x00000000eb680000,0x00000000eb780000)
 ParOldGen       total 107520K, used 77375K [0x00000000c0000000, 0x00000000c6900000, 0x00000000eab00000)
  object space 107520K, 71% used [0x00000000c0000000,0x00000000c4b8fe88,0x00000000c6900000)
 Metaspace       used 77378K, committed 78464K, reserved 1179648K
  class space    used 7911K, committed 8448K, reserved 1048576K

Card table byte_map: [0x000001cef5720000,0x000001cef5930000] _byte_map_base: 0x000001cef5120000

Marking Bits: (ParMarkBitMap*) 0x00007ffdfdca52c0
 Begin Bits: [0x000001cef5a90000, 0x000001cef6a90000)
 End Bits:   [0x000001cef6a90000, 0x000001cef7a90000)

Polling page: 0x000001cef5510000

Metaspace:

Usage:
  Non-class:     67.84 MB used.
      Class:      7.73 MB used.
       Both:     75.57 MB used.

Virtual space:
  Non-class space:      128.00 MB reserved,      68.38 MB ( 53%) committed,  2 nodes.
      Class space:        1.00 GB reserved,       8.25 MB ( <1%) committed,  1 nodes.
             Both:        1.12 GB reserved,      76.62 MB (  7%) committed. 

Chunk freelists:
   Non-Class:  11.25 MB
       Class:  7.80 MB
        Both:  19.05 MB

MaxMetaspaceSize: unlimited
CompressedClassSpaceSize: 1.00 GB
Initial GC threshold: 21.00 MB
Current GC threshold: 127.31 MB
CDS: off
MetaspaceReclaimPolicy: balanced
 - commit_granule_bytes: 65536.
 - commit_granule_words: 8192.
 - virtual_space_node_default_size: 8388608.
 - enlarge_chunks_in_place: 1.
 - new_chunks_are_fully_committed: 0.
 - uncommit_free_chunks: 1.
 - use_allocation_guard: 0.
 - handle_deallocations: 1.


Internal statistics:

num_allocs_failed_limit: 11.
num_arena_births: 566.
num_arena_deaths: 16.
num_vsnodes_births: 3.
num_vsnodes_deaths: 0.
num_space_committed: 1226.
num_space_uncommitted: 0.
num_chunks_returned_to_freelist: 28.
num_chunks_taken_from_freelist: 3912.
num_chunk_merges: 10.
num_chunk_splits: 2358.
num_chunks_enlarged: 1232.
num_inconsistent_stats: 0.

CodeHeap 'non-profiled nmethods': size=120000Kb used=12752Kb max_used=12752Kb free=107247Kb
 bounds [0x000001ce87ad0000, 0x000001ce88750000, 0x000001ce8f000000]
CodeHeap 'profiled nmethods': size=120000Kb used=27232Kb max_used=27332Kb free=92767Kb
 bounds [0x000001ce80000000, 0x000001ce81ae0000, 0x000001ce87530000]
CodeHeap 'non-nmethods': size=5760Kb used=1386Kb max_used=1487Kb free=4373Kb
 bounds [0x000001ce87530000, 0x000001ce877a0000, 0x000001ce87ad0000]
 total_blobs=12785 nmethods=12068 adapters=628
 compilation: enabled
              stopped_count=0, restarted_count=0
 full_count=0

Compilation events (20 events):
Event: 345.430 Thread 0x000001cefd16b500 15378       3       com.overzealous.remark.util.BlockWriter::create (12 bytes)
Event: 345.430 Thread 0x000001cefd16b500 nmethod 15378 0x000001ce80fe6a90 code [0x000001ce80fe6c40, 0x000001ce80fe6ed8]
Event: 345.430 Thread 0x000001cefd16b500 15379       3       com.overzealous.remark.util.BlockWriter::create (16 bytes)
Event: 345.430 Thread 0x000001cefd16b500 nmethod 15379 0x000001ce80fe6610 code [0x000001ce80fe67c0, 0x000001ce80fe6988]
Event: 345.430 Thread 0x000001cefd16b500 15380       1       org.eclipse.lsp4j.CompletionItemCapabilities::getDocumentationFormat (5 bytes)
Event: 345.430 Thread 0x000001cefd16b500 nmethod 15380 0x000001ce8871ae10 code [0x000001ce8871afa0, 0x000001ce8871b078]
Event: 345.450 Thread 0x000001ce9d6ea6e0 nmethod 15354 0x000001ce8871b110 code [0x000001ce8871b4e0, 0x000001ce88721568]
Event: 345.451 Thread 0x000001ce9d6ea6e0 15347       4       org.eclipse.jdt.internal.compiler.lookup.LookupEnvironment::askForType (393 bytes)
Event: 345.475 Thread 0x000001ce9d6ea6e0 nmethod 15347 0x000001ce88721e90 code [0x000001ce887220e0, 0x000001ce88722ea0]
Event: 345.475 Thread 0x000001ce9d6ea6e0 15363   !   4       org.eclipse.jdt.internal.core.BinaryMethod::getParameterNames (783 bytes)
Event: 345.505 Thread 0x000001ce9d6ea6e0 nmethod 15363 0x000001ce88723c90 code [0x000001ce88723fc0, 0x000001ce88725a48]
Event: 345.505 Thread 0x000001ce9d6ea6e0 15345       4       org.eclipse.jdt.internal.core.BinaryMethod::getTypeParameters (62 bytes)
Event: 345.554 Thread 0x000001ce9d6ef7e0 nmethod 15359 0x000001ce88727310 code [0x000001ce8872b500, 0x000001ce887320e8]
Event: 345.555 Thread 0x000001ce9d6ef7e0 15352       4       org.eclipse.jdt.internal.core.BinaryMethod::getExceptionTypes (189 bytes)
Event: 345.572 Thread 0x000001ce9d6ea6e0 nmethod 15345 0x000001ce8873af10 code [0x000001ce8873b240, 0x000001ce8873ea40]
Event: 345.573 Thread 0x000001ce9d6ea6e0 15353       4       org.eclipse.jdt.internal.compiler.lookup.CompilationUnitScope::recordSimpleReference (18 bytes)
Event: 345.573 Thread 0x000001ce9d6ea6e0 nmethod 15353 0x000001ce88740290 code [0x000001ce88740400, 0x000001ce88740498]
Event: 345.573 Thread 0x000001ce9d6ea6e0 15367       4       org.eclipse.jdt.core.compiler.CharOperation::toString (16 bytes)
Event: 345.594 Thread 0x000001ce9d6ea6e0 nmethod 15367 0x000001ce88740590 code [0x000001ce88740740, 0x000001ce88740f78]
Event: 345.594 Thread 0x000001ce9d6ea6e0 15349       4       org.eclipse.jdt.internal.core.ClasspathAttribute::equals (46 bytes)

GC Heap History (20 events):
Event: 343.883 GC heap before
{Heap before GC invocations=255 (full 12):
 PSYoungGen      total 15360K, used 14262K [0x00000000eab00000, 0x00000000ebb80000, 0x0000000100000000)
  eden space 13824K, 94% used [0x00000000eab00000,0x00000000eb7c5ae8,0x00000000eb880000)
  from space 1536K, 77% used [0x00000000eba00000,0x00000000ebb28000,0x00000000ebb80000)
  to   space 1536K, 0% used [0x00000000eb880000,0x00000000eb880000,0x00000000eba00000)
 ParOldGen       total 107520K, used 75054K [0x00000000c0000000, 0x00000000c6900000, 0x00000000eab00000)
  object space 107520K, 69% used [0x00000000c0000000,0x00000000c494ba68,0x00000000c6900000)
 Metaspace       used 77231K, committed 78272K, reserved 1179648K
  class space    used 7893K, committed 8384K, reserved 1048576K
}
Event: 343.884 GC heap after
{Heap after GC invocations=255 (full 12):
 PSYoungGen      total 14848K, used 800K [0x00000000eab00000, 0x00000000eba80000, 0x0000000100000000)
  eden space 13824K, 0% used [0x00000000eab00000,0x00000000eab00000,0x00000000eb880000)
  from space 1024K, 78% used [0x00000000eb880000,0x00000000eb948000,0x00000000eb980000)
  to   space 1024K, 0% used [0x00000000eb980000,0x00000000eb980000,0x00000000eba80000)
 ParOldGen       total 107520K, used 75054K [0x00000000c0000000, 0x00000000c6900000, 0x00000000eab00000)
  object space 107520K, 69% used [0x00000000c0000000,0x00000000c494ba68,0x00000000c6900000)
 Metaspace       used 77231K, committed 78272K, reserved 1179648K
  class space    used 7893K, committed 8384K, reserved 1048576K
}
Event: 343.904 GC heap before
{Heap before GC invocations=256 (full 12):
 PSYoungGen      total 14848K, used 13232K [0x00000000eab00000, 0x00000000eba80000, 0x0000000100000000)
  eden space 13824K, 89% used [0x00000000eab00000,0x00000000eb724080,0x00000000eb880000)
  from space 1024K, 78% used [0x00000000eb880000,0x00000000eb948000,0x00000000eb980000)
  to   space 1024K, 0% used [0x00000000eb980000,0x00000000eb980000,0x00000000eba80000)
 ParOldGen       total 107520K, used 75054K [0x00000000c0000000, 0x00000000c6900000, 0x00000000eab00000)
  object space 107520K, 69% used [0x00000000c0000000,0x00000000c494ba68,0x00000000c6900000)
 Metaspace       used 77231K, committed 78272K, reserved 1179648K
  class space    used 7893K, committed 8384K, reserved 1048576K
}
Event: 343.904 GC heap after
{Heap after GC invocations=256 (full 12):
 PSYoungGen      total 14848K, used 576K [0x00000000eab00000, 0x00000000eba80000, 0x0000000100000000)
  eden space 13824K, 0% used [0x00000000eab00000,0x00000000eab00000,0x00000000eb880000)
  from space 1024K, 56% used [0x00000000eb980000,0x00000000eba10000,0x00000000eba80000)
  to   space 1024K, 0% used [0x00000000eb880000,0x00000000eb880000,0x00000000eb980000)
 ParOldGen       total 107520K, used 75086K [0x00000000c0000000, 0x00000000c6900000, 0x00000000eab00000)
  object space 107520K, 69% used [0x00000000c0000000,0x00000000c4953a68,0x00000000c6900000)
 Metaspace       used 77231K, committed 78272K, reserved 1179648K
  class space    used 7893K, committed 8384K, reserved 1048576K
}
Event: 343.923 GC heap before
{Heap before GC invocations=257 (full 12):
 PSYoungGen      total 14848K, used 14400K [0x00000000eab00000, 0x00000000eba80000, 0x0000000100000000)
  eden space 13824K, 100% used [0x00000000eab00000,0x00000000eb880000,0x00000000eb880000)
  from space 1024K, 56% used [0x00000000eb980000,0x00000000eba10000,0x00000000eba80000)
  to   space 1024K, 0% used [0x00000000eb880000,0x00000000eb880000,0x00000000eb980000)
 ParOldGen       total 107520K, used 75086K [0x00000000c0000000, 0x00000000c6900000, 0x00000000eab00000)
  object space 107520K, 69% used [0x00000000c0000000,0x00000000c4953a68,0x00000000c6900000)
 Metaspace       used 77232K, committed 78272K, reserved 1179648K
  class space    used 7893K, committed 8384K, reserved 1048576K
}
Event: 343.923 GC heap after
{Heap after GC invocations=257 (full 12):
 PSYoungGen      total 14848K, used 928K [0x00000000eab00000, 0x00000000eba80000, 0x0000000100000000)
  eden space 13824K, 0% used [0x00000000eab00000,0x00000000eab00000,0x00000000eb880000)
  from space 1024K, 90% used [0x00000000eb880000,0x00000000eb968000,0x00000000eb980000)
  to   space 1024K, 0% used [0x00000000eb980000,0x00000000eb980000,0x00000000eba80000)
 ParOldGen       total 107520K, used 75126K [0x00000000c0000000, 0x00000000c6900000, 0x00000000eab00000)
  object space 107520K, 69% used [0x00000000c0000000,0x00000000c495da78,0x00000000c6900000)
 Metaspace       used 77232K, committed 78272K, reserved 1179648K
  class space    used 7893K, committed 8384K, reserved 1048576K
}
Event: 343.955 GC heap before
{Heap before GC invocations=258 (full 12):
 PSYoungGen      total 14848K, used 14752K [0x00000000eab00000, 0x00000000eba80000, 0x0000000100000000)
  eden space 13824K, 100% used [0x00000000eab00000,0x00000000eb880000,0x00000000eb880000)
  from space 1024K, 90% used [0x00000000eb880000,0x00000000eb968000,0x00000000eb980000)
  to   space 1024K, 0% used [0x00000000eb980000,0x00000000eb980000,0x00000000eba80000)
 ParOldGen       total 107520K, used 75126K [0x00000000c0000000, 0x00000000c6900000, 0x00000000eab00000)
  object space 107520K, 69% used [0x00000000c0000000,0x00000000c495da78,0x00000000c6900000)
 Metaspace       used 77235K, committed 78272K, reserved 1179648K
  class space    used 7893K, committed 8384K, reserved 1048576K
}
Event: 343.956 GC heap after
{Heap after GC invocations=258 (full 12):
 PSYoungGen      total 11776K, used 1022K [0x00000000eab00000, 0x00000000ec080000, 0x0000000100000000)
  eden space 10752K, 0% used [0x00000000eab00000,0x00000000eab00000,0x00000000eb580000)
  from space 1024K, 99% used [0x00000000eb980000,0x00000000eba7f800,0x00000000eba80000)
  to   space 4096K, 0% used [0x00000000eb580000,0x00000000eb580000,0x00000000eb980000)
 ParOldGen       total 107520K, used 77342K [0x00000000c0000000, 0x00000000c6900000, 0x00000000eab00000)
  object space 107520K, 71% used [0x00000000c0000000,0x00000000c4b87a78,0x00000000c6900000)
 Metaspace       used 77235K, committed 78272K, reserved 1179648K
  class space    used 7893K, committed 8384K, reserved 1048576K
}
Event: 345.331 GC heap before
{Heap before GC invocations=259 (full 12):
 PSYoungGen      total 11776K, used 11774K [0x00000000eab00000, 0x00000000ec080000, 0x0000000100000000)
  eden space 10752K, 100% used [0x00000000eab00000,0x00000000eb580000,0x00000000eb580000)
  from space 1024K, 99% used [0x00000000eb980000,0x00000000eba7f800,0x00000000eba80000)
  to   space 4096K, 0% used [0x00000000eb580000,0x00000000eb580000,0x00000000eb980000)
 ParOldGen       total 107520K, used 77342K [0x00000000c0000000, 0x00000000c6900000, 0x00000000eab00000)
  object space 107520K, 71% used [0x00000000c0000000,0x00000000c4b87a78,0x00000000c6900000)
 Metaspace       used 77282K, committed 78400K, reserved 1179648K
  class space    used 7894K, committed 8384K, reserved 1048576K
}
Event: 345.331 GC heap after
{Heap after GC invocations=259 (full 12):
 PSYoungGen      total 11264K, used 352K [0x00000000eab00000, 0x00000000eba00000, 0x0000000100000000)
  eden space 10752K, 0% used [0x00000000eab00000,0x00000000eab00000,0x00000000eb580000)
  from space 512K, 68% used [0x00000000eb580000,0x00000000eb5d8000,0x00000000eb600000)
  to   space 1536K, 0% used [0x00000000eb880000,0x00000000eb880000,0x00000000eba00000)
 ParOldGen       total 107520K, used 77367K [0x00000000c0000000, 0x00000000c6900000, 0x00000000eab00000)
  object space 107520K, 71% used [0x00000000c0000000,0x00000000c4b8de88,0x00000000c6900000)
 Metaspace       used 77282K, committed 78400K, reserved 1179648K
  class space    used 7894K, committed 8384K, reserved 1048576K
}
Event: 345.347 GC heap before
{Heap before GC invocations=260 (full 12):
 PSYoungGen      total 11264K, used 10200K [0x00000000eab00000, 0x00000000eba00000, 0x0000000100000000)
  eden space 10752K, 91% used [0x00000000eab00000,0x00000000eb49e198,0x00000000eb580000)
  from space 512K, 68% used [0x00000000eb580000,0x00000000eb5d8000,0x00000000eb600000)
  to   space 1536K, 0% used [0x00000000eb880000,0x00000000eb880000,0x00000000eba00000)
 ParOldGen       total 107520K, used 77367K [0x00000000c0000000, 0x00000000c6900000, 0x00000000eab00000)
  object space 107520K, 71% used [0x00000000c0000000,0x00000000c4b8de88,0x00000000c6900000)
 Metaspace       used 77282K, committed 78400K, reserved 1179648K
  class space    used 7894K, committed 8384K, reserved 1048576K
}
Event: 345.348 GC heap after
{Heap after GC invocations=260 (full 12):
 PSYoungGen      total 11264K, used 384K [0x00000000eab00000, 0x00000000eb900000, 0x0000000100000000)
  eden space 10752K, 0% used [0x00000000eab00000,0x00000000eab00000,0x00000000eb580000)
  from space 512K, 75% used [0x00000000eb880000,0x00000000eb8e0000,0x00000000eb900000)
  to   space 1024K, 0% used [0x00000000eb700000,0x00000000eb700000,0x00000000eb800000)
 ParOldGen       total 107520K, used 77367K [0x00000000c0000000, 0x00000000c6900000, 0x00000000eab00000)
  object space 107520K, 71% used [0x00000000c0000000,0x00000000c4b8de88,0x00000000c6900000)
 Metaspace       used 77282K, committed 78400K, reserved 1179648K
  class space    used 7894K, committed 8384K, reserved 1048576K
}
Event: 345.360 GC heap before
{Heap before GC invocations=261 (full 12):
 PSYoungGen      total 11264K, used 10979K [0x00000000eab00000, 0x00000000eb900000, 0x0000000100000000)
  eden space 10752K, 98% used [0x00000000eab00000,0x00000000eb558e90,0x00000000eb580000)
  from space 512K, 75% used [0x00000000eb880000,0x00000000eb8e0000,0x00000000eb900000)
  to   space 1024K, 0% used [0x00000000eb700000,0x00000000eb700000,0x00000000eb800000)
 ParOldGen       total 107520K, used 77367K [0x00000000c0000000, 0x00000000c6900000, 0x00000000eab00000)
  object space 107520K, 71% used [0x00000000c0000000,0x00000000c4b8de88,0x00000000c6900000)
 Metaspace       used 77282K, committed 78400K, reserved 1179648K
  class space    used 7894K, committed 8384K, reserved 1048576K
}
Event: 345.361 GC heap after
{Heap after GC invocations=261 (full 12):
 PSYoungGen      total 11776K, used 576K [0x00000000eab00000, 0x00000000eb900000, 0x0000000100000000)
  eden space 10752K, 0% used [0x00000000eab00000,0x00000000eab00000,0x00000000eb580000)
  from space 1024K, 56% used [0x00000000eb700000,0x00000000eb790000,0x00000000eb800000)
  to   space 1024K, 0% used [0x00000000eb800000,0x00000000eb800000,0x00000000eb900000)
 ParOldGen       total 107520K, used 77367K [0x00000000c0000000, 0x00000000c6900000, 0x00000000eab00000)
  object space 107520K, 71% used [0x00000000c0000000,0x00000000c4b8de88,0x00000000c6900000)
 Metaspace       used 77282K, committed 78400K, reserved 1179648K
  class space    used 7894K, committed 8384K, reserved 1048576K
}
Event: 345.374 GC heap before
{Heap before GC invocations=262 (full 12):
 PSYoungGen      total 11776K, used 11328K [0x00000000eab00000, 0x00000000eb900000, 0x0000000100000000)
  eden space 10752K, 100% used [0x00000000eab00000,0x00000000eb580000,0x00000000eb580000)
  from space 1024K, 56% used [0x00000000eb700000,0x00000000eb790000,0x00000000eb800000)
  to   space 1024K, 0% used [0x00000000eb800000,0x00000000eb800000,0x00000000eb900000)
 ParOldGen       total 107520K, used 77367K [0x00000000c0000000, 0x00000000c6900000, 0x00000000eab00000)
  object space 107520K, 71% used [0x00000000c0000000,0x00000000c4b8de88,0x00000000c6900000)
 Metaspace       used 77282K, committed 78400K, reserved 1179648K
  class space    used 7894K, committed 8384K, reserved 1048576K
}
Event: 345.374 GC heap after
{Heap after GC invocations=262 (full 12):
 PSYoungGen      total 11776K, used 736K [0x00000000eab00000, 0x00000000eb900000, 0x0000000100000000)
  eden space 10752K, 0% used [0x00000000eab00000,0x00000000eab00000,0x00000000eb580000)
  from space 1024K, 71% used [0x00000000eb800000,0x00000000eb8b8000,0x00000000eb900000)
  to   space 1024K, 0% used [0x00000000eb700000,0x00000000eb700000,0x00000000eb800000)
 ParOldGen       total 107520K, used 77367K [0x00000000c0000000, 0x00000000c6900000, 0x00000000eab00000)
  object space 107520K, 71% used [0x00000000c0000000,0x00000000c4b8de88,0x00000000c6900000)
 Metaspace       used 77282K, committed 78400K, reserved 1179648K
  class space    used 7894K, committed 8384K, reserved 1048576K
}
Event: 345.402 GC heap before
{Heap before GC invocations=263 (full 12):
 PSYoungGen      total 11776K, used 10009K [0x00000000eab00000, 0x00000000eb900000, 0x0000000100000000)
  eden space 10752K, 86% used [0x00000000eab00000,0x00000000eb40e680,0x00000000eb580000)
  from space 1024K, 71% used [0x00000000eb800000,0x00000000eb8b8000,0x00000000eb900000)
  to   space 1024K, 0% used [0x00000000eb700000,0x00000000eb700000,0x00000000eb800000)
 ParOldGen       total 107520K, used 77367K [0x00000000c0000000, 0x00000000c6900000, 0x00000000eab00000)
  object space 107520K, 71% used [0x00000000c0000000,0x00000000c4b8de88,0x00000000c6900000)
 Metaspace       used 77285K, committed 78400K, reserved 1179648K
  class space    used 7894K, committed 8384K, reserved 1048576K
}
Event: 345.403 GC heap after
{Heap after GC invocations=263 (full 12):
 PSYoungGen      total 11264K, used 416K [0x00000000eab00000, 0x00000000eb880000, 0x0000000100000000)
  eden space 10752K, 0% used [0x00000000eab00000,0x00000000eab00000,0x00000000eb580000)
  from space 512K, 81% used [0x00000000eb700000,0x00000000eb768000,0x00000000eb780000)
  to   space 1024K, 0% used [0x00000000eb780000,0x00000000eb780000,0x00000000eb880000)
 ParOldGen       total 107520K, used 77375K [0x00000000c0000000, 0x00000000c6900000, 0x00000000eab00000)
  object space 107520K, 71% used [0x00000000c0000000,0x00000000c4b8fe88,0x00000000c6900000)
 Metaspace       used 77285K, committed 78400K, reserved 1179648K
  class space    used 7894K, committed 8384K, reserved 1048576K
}
Event: 345.420 GC heap before
{Heap before GC invocations=264 (full 12):
 PSYoungGen      total 11264K, used 11030K [0x00000000eab00000, 0x00000000eb880000, 0x0000000100000000)
  eden space 10752K, 98% used [0x00000000eab00000,0x00000000eb55da00,0x00000000eb580000)
  from space 512K, 81% used [0x00000000eb700000,0x00000000eb768000,0x00000000eb780000)
  to   space 1024K, 0% used [0x00000000eb780000,0x00000000eb780000,0x00000000eb880000)
 ParOldGen       total 107520K, used 77375K [0x00000000c0000000, 0x00000000c6900000, 0x00000000eab00000)
  object space 107520K, 71% used [0x00000000c0000000,0x00000000c4b8fe88,0x00000000c6900000)
 Metaspace       used 77285K, committed 78400K, reserved 1179648K
  class space    used 7894K, committed 8384K, reserved 1048576K
}
Event: 345.421 GC heap after
{Heap after GC invocations=264 (full 12):
 PSYoungGen      total 11776K, used 576K [0x00000000eab00000, 0x00000000eb880000, 0x0000000100000000)
  eden space 10752K, 0% used [0x00000000eab00000,0x00000000eab00000,0x00000000eb580000)
  from space 1024K, 56% used [0x00000000eb780000,0x00000000eb810000,0x00000000eb880000)
  to   space 1024K, 0% used [0x00000000eb680000,0x00000000eb680000,0x00000000eb780000)
 ParOldGen       total 107520K, used 77375K [0x00000000c0000000, 0x00000000c6900000, 0x00000000eab00000)
  object space 107520K, 71% used [0x00000000c0000000,0x00000000c4b8fe88,0x00000000c6900000)
 Metaspace       used 77285K, committed 78400K, reserved 1179648K
  class space    used 7894K, committed 8384K, reserved 1048576K
}

Dll operation events (10 events):
Event: 0.006 Loaded shared library c:\Users\mateu\.vscode\extensions\redhat.java-1.19.0-win32-x64\jre\17.0.7-win32-x86_64\bin\java.dll
Event: 0.095 Loaded shared library c:\Users\mateu\.vscode\extensions\redhat.java-1.19.0-win32-x64\jre\17.0.7-win32-x86_64\bin\zip.dll
Event: 0.098 Loaded shared library C:\Users\mateu\.vscode\extensions\redhat.java-1.19.0-win32-x64\jre\17.0.7-win32-x86_64\bin\instrument.dll
Event: 0.106 Loaded shared library C:\Users\mateu\.vscode\extensions\redhat.java-1.19.0-win32-x64\jre\17.0.7-win32-x86_64\bin\net.dll
Event: 0.107 Loaded shared library C:\Users\mateu\.vscode\extensions\redhat.java-1.19.0-win32-x64\jre\17.0.7-win32-x86_64\bin\nio.dll
Event: 0.111 Loaded shared library C:\Users\mateu\.vscode\extensions\redhat.java-1.19.0-win32-x64\jre\17.0.7-win32-x86_64\bin\zip.dll
Event: 0.120 Loaded shared library C:\Users\mateu\.vscode\extensions\redhat.java-1.19.0-win32-x64\jre\17.0.7-win32-x86_64\bin\jimage.dll
Event: 0.152 Loaded shared library c:\Users\mateu\.vscode\extensions\redhat.java-1.19.0-win32-x64\jre\17.0.7-win32-x86_64\bin\verify.dll
Event: 0.729 Loaded shared library C:\Users\mateu\AppData\Roaming\Code\User\globalStorage\redhat.java\1.19.0\config_win\org.eclipse.equinox.launcher\org.eclipse.equinox.launcher.win32.win32.x86_64_1.2.700.v20221108-1024\eclipse_11801.dll
Event: 1.916 Loaded shared library C:\Users\mateu\AppData\Local\Temp\jna-103668240\jna6636510373159085644.dll

Deoptimization events (20 events):
Event: 343.817 Thread 0x000001ce99594160 DEOPT PACKING pc=0x000001ce817b9157 sp=0x0000005dc36fe660
Event: 343.817 Thread 0x000001ce99594160 DEOPT UNPACKING pc=0x000001ce8758a9e3 sp=0x0000005dc36fda70 mode 0
Event: 343.840 Thread 0x000001ce995902d0 DEOPT PACKING pc=0x000001ce8104e18e sp=0x0000005dc17fe2a0
Event: 343.840 Thread 0x000001ce995902d0 DEOPT UNPACKING pc=0x000001ce8758a9e3 sp=0x0000005dc17fd7b0 mode 0
Event: 343.888 Thread 0x000001ce99594160 DEOPT PACKING pc=0x000001ce8117996b sp=0x0000005dc36fe180
Event: 343.888 Thread 0x000001ce99594160 DEOPT UNPACKING pc=0x000001ce8758a9e3 sp=0x0000005dc36fd658 mode 0
Event: 343.914 Thread 0x000001ce99594160 DEOPT PACKING pc=0x000001ce80cbea3b sp=0x0000005dc36fe3a0
Event: 343.914 Thread 0x000001ce99594160 DEOPT UNPACKING pc=0x000001ce8758a9e3 sp=0x0000005dc36fd910 mode 0
Event: 344.255 Thread 0x000001cefef46030 Uncommon trap: trap_request=0xffffff45 fr.pc=0x000001ce886eb470 relative=0x0000000000000590
Event: 344.255 Thread 0x000001cefef46030 Uncommon trap: reason=unstable_if action=reinterpret pc=0x000001ce886eb470 method=org.eclipse.jdt.internal.compiler.problem.ProblemReporter.computeSeverity(I)I @ 1 c2
Event: 344.255 Thread 0x000001cefef46030 DEOPT PACKING pc=0x000001ce886eb470 sp=0x0000005dc37fe7d0
Event: 344.255 Thread 0x000001cefef46030 DEOPT UNPACKING pc=0x000001ce87589ea3 sp=0x0000005dc37fe758 mode 2
Event: 345.392 Thread 0x000001ce995902d0 Uncommon trap: trap_request=0xffffffde fr.pc=0x000001ce88673adc relative=0x00000000000016dc
Event: 345.392 Thread 0x000001ce995902d0 Uncommon trap: reason=class_check action=maybe_recompile pc=0x000001ce88673adc method=org.eclipse.jdt.internal.compiler.parser.Parser.consumeRule(I)V @ 5959 c2
Event: 345.392 Thread 0x000001ce995902d0 DEOPT PACKING pc=0x000001ce88673adc sp=0x0000005dc17fe770
Event: 345.393 Thread 0x000001ce995902d0 DEOPT UNPACKING pc=0x000001ce87589ea3 sp=0x0000005dc17fe700 mode 2
Event: 345.393 Thread 0x000001ce995902d0 Uncommon trap: trap_request=0xffffffde fr.pc=0x000001ce88673adc relative=0x00000000000016dc
Event: 345.393 Thread 0x000001ce995902d0 Uncommon trap: reason=class_check action=maybe_recompile pc=0x000001ce88673adc method=org.eclipse.jdt.internal.compiler.parser.Parser.consumeRule(I)V @ 5959 c2
Event: 345.393 Thread 0x000001ce995902d0 DEOPT PACKING pc=0x000001ce88673adc sp=0x0000005dc17fe770
Event: 345.393 Thread 0x000001ce995902d0 DEOPT UNPACKING pc=0x000001ce87589ea3 sp=0x0000005dc17fe700 mode 2

Classes unloaded (8 events):
Event: 1.170 Thread 0x000001cefd121c30 Unloading class 0x0000000100216400 'java/lang/invoke/LambdaForm$MH+0x0000000100216400'
Event: 1.170 Thread 0x000001cefd121c30 Unloading class 0x0000000100216000 'java/lang/invoke/LambdaForm$MH+0x0000000100216000'
Event: 1.170 Thread 0x000001cefd121c30 Unloading class 0x0000000100215c00 'java/lang/invoke/LambdaForm$MH+0x0000000100215c00'
Event: 1.170 Thread 0x000001cefd121c30 Unloading class 0x0000000100215400 'java/lang/invoke/LambdaForm$MH+0x0000000100215400'
Event: 1.170 Thread 0x000001cefd121c30 Unloading class 0x0000000100215000 'java/lang/invoke/LambdaForm$BMH+0x0000000100215000'
Event: 1.170 Thread 0x000001cefd121c30 Unloading class 0x0000000100214c00 'java/lang/invoke/LambdaForm$DMH+0x0000000100214c00'
Event: 1.170 Thread 0x000001cefd121c30 Unloading class 0x0000000100212000 'java/lang/invoke/LambdaForm$DMH+0x0000000100212000'
Event: 325.633 Thread 0x000001cefd121c30 Unloading class 0x0000000100824400 'java/lang/invoke/LambdaForm$DMH+0x0000000100824400'

Classes redefined (0 events):
No events

Internal exceptions (20 events):
Event: 343.829 Thread 0x000001ce99594160 Exception <a 'java/lang/ClassNotFoundException'{0x00000000eaf593f8}: sun/net/www/protocol/jdt/Handler> (0x00000000eaf593f8) 
thrown [s\src\hotspot\share\classfile\systemDictionary.cpp, line 256]
Event: 343.829 Thread 0x000001ce99594160 Exception <a 'java/lang/ClassNotFoundException'{0x00000000eaf5d660}: sun/net/www/protocol/jdt/Handler> (0x00000000eaf5d660) 
thrown [s\src\hotspot\share\classfile\systemDictionary.cpp, line 256]
Event: 343.829 Thread 0x000001ce99594160 Exception <a 'java/lang/ClassNotFoundException'{0x00000000eaf5f948}: sun/net/www/protocol/jdt/Handler> (0x00000000eaf5f948) 
thrown [s\src\hotspot\share\classfile\systemDictionary.cpp, line 256]
Event: 343.829 Thread 0x000001ce99594160 Exception <a 'java/lang/ClassNotFoundException'{0x00000000eaf61c70}: sun/net/www/protocol/jdt/Handler> (0x00000000eaf61c70) 
thrown [s\src\hotspot\share\classfile\systemDictionary.cpp, line 256]
Event: 343.829 Thread 0x000001ce99594160 Exception <a 'java/lang/ClassNotFoundException'{0x00000000eaf63fc0}: sun/net/www/protocol/jdt/Handler> (0x00000000eaf63fc0) 
thrown [s\src\hotspot\share\classfile\systemDictionary.cpp, line 256]
Event: 343.936 Thread 0x000001ce99594160 Exception <a 'java/lang/ClassNotFoundException'{0x00000000eb3865e8}: sun/net/www/protocol/jdt/Handler> (0x00000000eb3865e8) 
thrown [s\src\hotspot\share\classfile\systemDictionary.cpp, line 256]
Event: 343.936 Thread 0x000001ce99594160 Exception <a 'java/lang/ClassNotFoundException'{0x00000000eb388dc0}: sun/net/www/protocol/jdt/Handler> (0x00000000eb388dc0) 
thrown [s\src\hotspot\share\classfile\systemDictionary.cpp, line 256]
Event: 343.936 Thread 0x000001ce99594160 Exception <a 'java/lang/ClassNotFoundException'{0x00000000eb38d318}: sun/net/www/protocol/jdt/Handler> (0x00000000eb38d318) 
thrown [s\src\hotspot\share\classfile\systemDictionary.cpp, line 256]
Event: 343.936 Thread 0x000001ce99594160 Exception <a 'java/lang/ClassNotFoundException'{0x00000000eb391580}: sun/net/www/protocol/jdt/Handler> (0x00000000eb391580) 
thrown [s\src\hotspot\share\classfile\systemDictionary.cpp, line 256]
Event: 343.936 Thread 0x000001ce99594160 Exception <a 'java/lang/ClassNotFoundException'{0x00000000eb393868}: sun/net/www/protocol/jdt/Handler> (0x00000000eb393868) 
thrown [s\src\hotspot\share\classfile\systemDictionary.cpp, line 256]
Event: 343.936 Thread 0x000001ce99594160 Exception <a 'java/lang/ClassNotFoundException'{0x00000000eb395b90}: sun/net/www/protocol/jdt/Handler> (0x00000000eb395b90) 
thrown [s\src\hotspot\share\classfile\systemDictionary.cpp, line 256]
Event: 343.936 Thread 0x000001ce99594160 Exception <a 'java/lang/ClassNotFoundException'{0x00000000eb397ee0}: sun/net/www/protocol/jdt/Handler> (0x00000000eb397ee0) 
thrown [s\src\hotspot\share\classfile\systemDictionary.cpp, line 256]
Event: 343.947 Thread 0x000001ce99596310 Exception <a 'java/lang/ArrayIndexOutOfBoundsException'{0x00000000eb5ea0e8}> (0x00000000eb5ea0e8) 
thrown [s\src\hotspot\share\runtime\sharedRuntime.cpp, line 628]
Event: 345.427 Thread 0x000001ce99594160 Exception <a 'java/lang/ClassNotFoundException'{0x00000000eaf530d8}: sun/net/www/protocol/jdt/Handler> (0x00000000eaf530d8) 
thrown [s\src\hotspot\share\classfile\systemDictionary.cpp, line 256]
Event: 345.427 Thread 0x000001ce99594160 Exception <a 'java/lang/ClassNotFoundException'{0x00000000eaf558b0}: sun/net/www/protocol/jdt/Handler> (0x00000000eaf558b0) 
thrown [s\src\hotspot\share\classfile\systemDictionary.cpp, line 256]
Event: 345.427 Thread 0x000001ce99594160 Exception <a 'java/lang/ClassNotFoundException'{0x00000000eaf59e08}: sun/net/www/protocol/jdt/Handler> (0x00000000eaf59e08) 
thrown [s\src\hotspot\share\classfile\systemDictionary.cpp, line 256]
Event: 345.427 Thread 0x000001ce99594160 Exception <a 'java/lang/ClassNotFoundException'{0x00000000eaf5e2c0}: sun/net/www/protocol/jdt/Handler> (0x00000000eaf5e2c0) 
thrown [s\src\hotspot\share\classfile\systemDictionary.cpp, line 256]
Event: 345.427 Thread 0x000001ce99594160 Exception <a 'java/lang/ClassNotFoundException'{0x00000000eaf605a8}: sun/net/www/protocol/jdt/Handler> (0x00000000eaf605a8) 
thrown [s\src\hotspot\share\classfile\systemDictionary.cpp, line 256]
Event: 345.427 Thread 0x000001ce99594160 Exception <a 'java/lang/ClassNotFoundException'{0x00000000eaf628d0}: sun/net/www/protocol/jdt/Handler> (0x00000000eaf628d0) 
thrown [s\src\hotspot\share\classfile\systemDictionary.cpp, line 256]
Event: 345.428 Thread 0x000001ce99594160 Exception <a 'java/lang/ClassNotFoundException'{0x00000000eaf64c20}: sun/net/www/protocol/jdt/Handler> (0x00000000eaf64c20) 
thrown [s\src\hotspot\share\classfile\systemDictionary.cpp, line 256]

VM Operations (20 events):
Event: 343.904 Executing VM operation: ParallelGCFailedAllocation
Event: 343.904 Executing VM operation: ParallelGCFailedAllocation done
Event: 343.922 Executing VM operation: ParallelGCFailedAllocation
Event: 343.923 Executing VM operation: ParallelGCFailedAllocation done
Event: 343.955 Executing VM operation: ParallelGCFailedAllocation
Event: 343.956 Executing VM operation: ParallelGCFailedAllocation done
Event: 344.965 Executing VM operation: Cleanup
Event: 344.965 Executing VM operation: Cleanup done
Event: 345.330 Executing VM operation: ParallelGCFailedAllocation
Event: 345.331 Executing VM operation: ParallelGCFailedAllocation done
Event: 345.347 Executing VM operation: ParallelGCFailedAllocation
Event: 345.348 Executing VM operation: ParallelGCFailedAllocation done
Event: 345.360 Executing VM operation: ParallelGCFailedAllocation
Event: 345.361 Executing VM operation: ParallelGCFailedAllocation done
Event: 345.373 Executing VM operation: ParallelGCFailedAllocation
Event: 345.374 Executing VM operation: ParallelGCFailedAllocation done
Event: 345.402 Executing VM operation: ParallelGCFailedAllocation
Event: 345.403 Executing VM operation: ParallelGCFailedAllocation done
Event: 345.420 Executing VM operation: ParallelGCFailedAllocation
Event: 345.421 Executing VM operation: ParallelGCFailedAllocation done

Events (20 events):
Event: 342.536 Thread 0x000001ce9d6ec030 Thread added: 0x000001ce9d6ec030
Event: 342.831 Thread 0x000001ce9d6ef7e0 Thread exited: 0x000001ce9d6ef7e0
Event: 342.831 Thread 0x000001ce9d6ec030 Thread exited: 0x000001ce9d6ec030
Event: 343.007 Thread 0x000001ce9d6ef7e0 Thread added: 0x000001ce9d6ef7e0
Event: 343.007 Thread 0x000001ce9d6ec030 Thread added: 0x000001ce9d6ec030
Event: 343.071 Thread 0x000001cefd16c9d0 flushing nmethod 0x000001ce80391610
Event: 343.072 Thread 0x000001cefd16c9d0 flushing nmethod 0x000001ce804a8a10
Event: 343.073 Thread 0x000001cefd16c9d0 flushing nmethod 0x000001ce80729e90
Event: 343.074 Thread 0x000001cefd16c9d0 flushing nmethod 0x000001ce808d5d90
Event: 343.074 Thread 0x000001cefd16c9d0 flushing nmethod 0x000001ce809f6710
Event: 343.075 Thread 0x000001cefd16c9d0 flushing nmethod 0x000001ce80b63210
Event: 343.076 Thread 0x000001cefd16c9d0 flushing nmethod 0x000001ce80d84490
Event: 343.076 Thread 0x000001cefd16c9d0 flushing nmethod 0x000001ce80da7310
Event: 343.076 Thread 0x000001cefd16c9d0 flushing nmethod 0x000001ce80dd0090
Event: 343.076 Thread 0x000001cefd16c9d0 flushing nmethod 0x000001ce80e72190
Event: 343.159 Thread 0x000001cefd16c9d0 flushing nmethod 0x000001ce814e3690
Event: 345.326 Thread 0x000001ce9d6ec030 Thread exited: 0x000001ce9d6ec030
Event: 345.326 Thread 0x000001ce9d6ef7e0 Thread exited: 0x000001ce9d6ef7e0
Event: 345.377 Thread 0x000001ce9d6ea6e0 Thread added: 0x000001ce9d6ea6e0
Event: 345.377 Thread 0x000001ce9d6ef7e0 Thread added: 0x000001ce9d6ef7e0


Dynamic libraries:
0x00007ff64e5f0000 - 0x00007ff64e5fe000 	c:\Users\mateu\.vscode\extensions\redhat.java-1.19.0-win32-x64\jre\17.0.7-win32-x86_64\bin\java.exe
0x00007ffe59830000 - 0x00007ffe59a44000 	C:\Windows\SYSTEM32\ntdll.dll
0x00007ffe57800000 - 0x00007ffe578c2000 	C:\Windows\System32\KERNEL32.DLL
0x00007ffe57150000 - 0x00007ffe574f3000 	C:\Windows\System32\KERNELBASE.dll
0x00007ffe56c50000 - 0x00007ffe56d61000 	C:\Windows\System32\ucrtbase.dll
0x00007ffe51630000 - 0x00007ffe51649000 	c:\Users\mateu\.vscode\extensions\redhat.java-1.19.0-win32-x64\jre\17.0.7-win32-x86_64\bin\VCRUNTIME140.dll
0x00007ffe51f90000 - 0x00007ffe51fa7000 	c:\Users\mateu\.vscode\extensions\redhat.java-1.19.0-win32-x64\jre\17.0.7-win32-x86_64\bin\jli.dll
0x00007ffe58750000 - 0x00007ffe588fb000 	C:\Windows\System32\USER32.dll
0x00007ffe56ee0000 - 0x00007ffe56f06000 	C:\Windows\System32\win32u.dll
0x00007ffe367f0000 - 0x00007ffe36a7e000 	C:\Windows\WinSxS\amd64_microsoft.windows.common-controls_6595b64144ccf1df_6.0.22621.1635_none_270f70857386168e\COMCTL32.dll
0x00007ffe58440000 - 0x00007ffe58469000 	C:\Windows\System32\GDI32.dll
0x00007ffe58500000 - 0x00007ffe585a7000 	C:\Windows\System32\msvcrt.dll
0x00007ffe56f10000 - 0x00007ffe57028000 	C:\Windows\System32\gdi32full.dll
0x00007ffe570b0000 - 0x00007ffe5714a000 	C:\Windows\System32\msvcp_win.dll
0x00007ffe58a00000 - 0x00007ffe58a31000 	C:\Windows\System32\IMM32.DLL
0x00007ffe50fe0000 - 0x00007ffe50fec000 	c:\Users\mateu\.vscode\extensions\redhat.java-1.19.0-win32-x64\jre\17.0.7-win32-x86_64\bin\vcruntime140_1.dll
0x00007ffe4da10000 - 0x00007ffe4daa1000 	c:\Users\mateu\.vscode\extensions\redhat.java-1.19.0-win32-x64\jre\17.0.7-win32-x86_64\bin\msvcp140.dll
0x00007ffdfd120000 - 0x00007ffdfdd68000 	c:\Users\mateu\.vscode\extensions\redhat.java-1.19.0-win32-x64\jre\17.0.7-win32-x86_64\bin\server\jvm.dll
0x00007ffe57fd0000 - 0x00007ffe5807e000 	C:\Windows\System32\ADVAPI32.dll
0x00007ffe586a0000 - 0x00007ffe58744000 	C:\Windows\System32\sechost.dll
0x00007ffe57630000 - 0x00007ffe57747000 	C:\Windows\System32\RPCRT4.dll
0x00007ffe50f60000 - 0x00007ffe50f69000 	C:\Windows\SYSTEM32\WSOCK32.dll
0x00007ffe4e1d0000 - 0x00007ffe4e204000 	C:\Windows\SYSTEM32\WINMM.dll
0x00007ffe58980000 - 0x00007ffe589f1000 	C:\Windows\System32\WS2_32.dll
0x00007ffe50d70000 - 0x00007ffe50d7a000 	C:\Windows\SYSTEM32\VERSION.dll
0x00007ffe55c60000 - 0x00007ffe55c78000 	C:\Windows\SYSTEM32\kernel.appcore.dll
0x00007ffe50b80000 - 0x00007ffe50b8a000 	c:\Users\mateu\.vscode\extensions\redhat.java-1.19.0-win32-x64\jre\17.0.7-win32-x86_64\bin\jimage.dll
0x00007ffe54430000 - 0x00007ffe5465e000 	C:\Windows\SYSTEM32\DBGHELP.DLL
0x00007ffe580b0000 - 0x00007ffe58439000 	C:\Windows\System32\combase.dll
0x00007ffe578d0000 - 0x00007ffe579a7000 	C:\Windows\System32\OLEAUT32.dll
0x00007ffe4d320000 - 0x00007ffe4d352000 	C:\Windows\SYSTEM32\dbgcore.DLL
0x00007ffe57030000 - 0x00007ffe570ab000 	C:\Windows\System32\bcryptPrimitives.dll
0x00007ffe4da00000 - 0x00007ffe4da0e000 	c:\Users\mateu\.vscode\extensions\redhat.java-1.19.0-win32-x64\jre\17.0.7-win32-x86_64\bin\instrument.dll
0x00007ffe4d9d0000 - 0x00007ffe4d9f5000 	c:\Users\mateu\.vscode\extensions\redhat.java-1.19.0-win32-x64\jre\17.0.7-win32-x86_64\bin\java.dll
0x00007ffe43ab0000 - 0x00007ffe43ac8000 	c:\Users\mateu\.vscode\extensions\redhat.java-1.19.0-win32-x64\jre\17.0.7-win32-x86_64\bin\zip.dll
0x00007ffe58a40000 - 0x00007ffe5923a000 	C:\Windows\System32\SHELL32.dll
0x00007ffe54c00000 - 0x00007ffe554ce000 	C:\Windows\SYSTEM32\windows.storage.dll
0x00007ffe54ac0000 - 0x00007ffe54bfe000 	C:\Windows\SYSTEM32\wintypes.dll
0x00007ffe579b0000 - 0x00007ffe57aa1000 	C:\Windows\System32\SHCORE.dll
0x00007ffe585b0000 - 0x00007ffe5860e000 	C:\Windows\System32\shlwapi.dll
0x00007ffe56b80000 - 0x00007ffe56ba1000 	C:\Windows\SYSTEM32\profapi.dll
0x00007ffe40200000 - 0x00007ffe40219000 	C:\Users\mateu\.vscode\extensions\redhat.java-1.19.0-win32-x64\jre\17.0.7-win32-x86_64\bin\net.dll
0x00007ffe51a90000 - 0x00007ffe51bc7000 	C:\Windows\SYSTEM32\WINHTTP.dll
0x00007ffe560c0000 - 0x00007ffe56129000 	C:\Windows\system32\mswsock.dll
0x00007ffe3d9c0000 - 0x00007ffe3d9d5000 	C:\Users\mateu\.vscode\extensions\redhat.java-1.19.0-win32-x64\jre\17.0.7-win32-x86_64\bin\nio.dll
0x00007ffe4bcb0000 - 0x00007ffe4bcc0000 	c:\Users\mateu\.vscode\extensions\redhat.java-1.19.0-win32-x64\jre\17.0.7-win32-x86_64\bin\verify.dll
0x00007ffe3d980000 - 0x00007ffe3d9be000 	C:\Users\mateu\AppData\Roaming\Code\User\globalStorage\redhat.java\1.19.0\config_win\org.eclipse.equinox.launcher\org.eclipse.equinox.launcher.win32.win32.x86_64_1.2.700.v20221108-1024\eclipse_11801.dll
0x00007ffe57b20000 - 0x00007ffe57cbc000 	C:\Windows\System32\ole32.dll
0x00007ffe563e0000 - 0x00007ffe563fb000 	C:\Windows\SYSTEM32\CRYPTSP.dll
0x00007ffe55bd0000 - 0x00007ffe55c05000 	C:\Windows\system32\rsaenh.dll
0x00007ffe56160000 - 0x00007ffe56188000 	C:\Windows\SYSTEM32\USERENV.dll
0x00007ffe56620000 - 0x00007ffe56648000 	C:\Windows\SYSTEM32\bcrypt.dll
0x00007ffe563c0000 - 0x00007ffe563cc000 	C:\Windows\SYSTEM32\CRYPTBASE.dll
0x00007ffe55720000 - 0x00007ffe5574d000 	C:\Windows\SYSTEM32\IPHLPAPI.DLL
0x00007ffe584d0000 - 0x00007ffe584d9000 	C:\Windows\System32\NSI.dll
0x00007ffe50d80000 - 0x00007ffe50d99000 	C:\Windows\SYSTEM32\dhcpcsvc6.DLL
0x00007ffe50d40000 - 0x00007ffe50d5f000 	C:\Windows\SYSTEM32\dhcpcsvc.DLL
0x00007ffe55750000 - 0x00007ffe55843000 	C:\Windows\SYSTEM32\DNSAPI.dll
0x00007ffe37330000 - 0x00007ffe37375000 	C:\Users\mateu\AppData\Local\Temp\jna-103668240\jna6636510373159085644.dll
0x00007ffe59240000 - 0x00007ffe59248000 	C:\Windows\System32\PSAPI.DLL

dbghelp: loaded successfully - version: 4.0.5 - missing functions: none
symbol engine: initialized successfully - sym options: 0x614 - pdb path: .;c:\Users\mateu\.vscode\extensions\redhat.java-1.19.0-win32-x64\jre\17.0.7-win32-x86_64\bin;C:\Windows\SYSTEM32;C:\Windows\WinSxS\amd64_microsoft.windows.common-controls_6595b64144ccf1df_6.0.22621.1635_none_270f70857386168e;c:\Users\mateu\.vscode\extensions\redhat.java-1.19.0-win32-x64\jre\17.0.7-win32-x86_64\bin\server;C:\Users\mateu\AppData\Roaming\Code\User\globalStorage\redhat.java\1.19.0\config_win\org.eclipse.equinox.launcher\org.eclipse.equinox.launcher.win32.win32.x86_64_1.2.700.v20221108-1024;C:\Users\mateu\AppData\Local\Temp\jna-103668240

VM Arguments:
jvm_args: --add-modules=ALL-SYSTEM --add-opens=java.base/java.util=ALL-UNNAMED --add-opens=java.base/java.lang=ALL-UNNAMED --add-opens=java.base/sun.nio.fs=ALL-UNNAMED -Declipse.application=org.eclipse.jdt.ls.core.id1 -Dosgi.bundles.defaultStartLevel=4 -Declipse.product=org.eclipse.jdt.ls.core.product -Djava.import.generatesMetadataFilesAtProjectRoot=false -Dfile.encoding=utf8 -XX:+UseParallelGC -XX:GCTimeRatio=4 -XX:AdaptiveSizePolicyWeight=90 -Dsun.zip.disableMemoryMapping=true -Xmx1G -Xms100m -Xlog:disable -javaagent:c:\Users\mateu\.vscode\extensions\redhat.java-1.19.0-win32-x64\lombok\lombok-1.18.28.jar -XX:+HeapDumpOnOutOfMemoryError -XX:HeapDumpPath=c:\Users\mateu\AppData\Roaming\Code\User\workspaceStorage\3aeb9ff13ac600560b41e2013b7fb6ac\redhat.java -Daether.dependencyCollector.impl=bf 
java_command: c:\Users\mateu\.vscode\extensions\redhat.java-1.19.0-win32-x64\server\plugins\org.eclipse.equinox.launcher_1.6.400.v20210924-0641.jar -configuration c:\Users\mateu\AppData\Roaming\Code\User\globalStorage\redhat.java\1.19.0\config_win -data c:\Users\mateu\AppData\Roaming\Code\User\workspaceStorage\3aeb9ff13ac600560b41e2013b7fb6ac\redhat.java\jdt_ws
java_class_path (initial): c:\Users\mateu\.vscode\extensions\redhat.java-1.19.0-win32-x64\server\plugins\org.eclipse.equinox.launcher_1.6.400.v20210924-0641.jar
Launcher Type: SUN_STANDARD

[Global flags]
    uintx AdaptiveSizePolicyWeight                 = 90                                        {product} {command line}
     intx CICompilerCount                          = 4                                         {product} {ergonomic}
    uintx GCTimeRatio                              = 4                                         {product} {command line}
     bool HeapDumpOnOutOfMemoryError               = true                                   {manageable} {command line}
    ccstr HeapDumpPath                             = c:\Users\mateu\AppData\Roaming\Code\User\workspaceStorage\3aeb9ff13ac600560b41e2013b7fb6ac\redhat.java         {manageable} {command line}
   size_t InitialHeapSize                          = 104857600                                 {product} {command line}
   size_t MaxHeapSize                              = 1073741824                                {product} {command line}
   size_t MaxNewSize                               = 357564416                                 {product} {ergonomic}
   size_t MinHeapDeltaBytes                        = 524288                                    {product} {ergonomic}
   size_t MinHeapSize                              = 104857600                                 {product} {command line}
   size_t NewSize                                  = 34603008                                  {product} {ergonomic}
    uintx NonNMethodCodeHeapSize                   = 5839372                                {pd product} {ergonomic}
    uintx NonProfiledCodeHeapSize                  = 122909434                              {pd product} {ergonomic}
   size_t OldSize                                  = 70254592                                  {product} {ergonomic}
    uintx ProfiledCodeHeapSize                     = 122909434                              {pd product} {ergonomic}
    uintx ReservedCodeCacheSize                    = 251658240                              {pd product} {ergonomic}
     bool SegmentedCodeCache                       = true                                      {product} {ergonomic}
   size_t SoftMaxHeapSize                          = 1073741824                             {manageable} {ergonomic}
     bool UseCompressedClassPointers               = true                           {product lp64_product} {ergonomic}
     bool UseCompressedOops                        = true                           {product lp64_product} {ergonomic}
     bool UseLargePagesIndividualAllocation        = false                                  {pd product} {ergonomic}
     bool UseParallelGC                            = true                                      {product} {command line}

Logging:
Log output configuration:
 #0: stdout all=off uptime,level,tags
 #1: stderr all=off uptime,level,tags

Environment Variables:
JAVA_HOME=C:\Program Files\Java\jdk-17
PATH=C:\Program Files\Common Files\Oracle\Java\javapath;C:\Windows\system32;C:\Windows;C:\Windows\System32\Wbem;C:\Windows\System32\WindowsPowerShell\v1.0\;C:\Windows\System32\OpenSSH\;C:\Program Files\Git\cmd;C:\Program Files\PowerShell\7\;C:\Users\mateu\AppData\Local\Microsoft\WindowsApps;C:\Program Files\Java\jdk-17\bin;;C:\Users\mateu\AppData\Local\Programs\Microsoft VS Code\bin
USERNAME=mateu
OS=Windows_NT
PROCESSOR_IDENTIFIER=Intel64 Family 6 Model 140 Stepping 1, GenuineIntel
TMP=C:\Users\mateu\AppData\Local\Temp
TEMP=C:\Users\mateu\AppData\Local\Temp



---------------  S Y S T E M  ---------------

OS:
 Windows 11 , 64 bit Build 22621 (10.0.22621.1635)
OS uptime: 0 days 22:38 hours
Hyper-V role detected

CPU: total 8 (initial active 8) (4 cores per cpu, 2 threads per core) family 6 model 140 stepping 1 microcode 0x8a, cx8, cmov, fxsr, ht, mmx, 3dnowpref, sse, sse2, sse3, ssse3, sse4.1, sse4.2, popcnt, lzcnt, tsc, tscinvbit, avx, avx2, aes, erms, clmul, bmi1, bmi2, adx, avx512f, avx512dq, avx512cd, avx512bw, avx512vl, sha, fma, vzeroupper, avx512_vpopcntdq, avx512_vpclmulqdq, avx512_vaes, avx512_vnni, clflush, clflushopt, clwb, avx512_vbmi2, avx512_vbmi, hv

Memory: 4k page, system-wide physical 16107M (8681M free)
TotalPageFile size 19051M (AvailPageFile size 11591M)
current process WorkingSet (physical memory assigned to process): 426M, peak: 601M
current process commit charge ("private bytes"): 435M, peak: 632M

vm_info: OpenJDK 64-Bit Server VM (17.0.7+7) for windows-amd64 JRE (17.0.7+7), built on Apr 18 2023 22:10:42 by "temurin" with MS VC++ 16.7 (VS2019)

END.
