#
# A fatal error has been detected by the Java Runtime Environment:
#
#  EXCEPTION_ACCESS_VIOLATION (0xc0000005) at pc=0x00007ffdfda1f973, pid=936, tid=9980
#
# JRE version: OpenJDK Runtime Environment Temurin-17.0.7+7 (17.0.7+7) (build 17.0.7+7)
# Java VM: OpenJDK 64-Bit Server VM Temurin-17.0.7+7 (17.0.7+7, mixed mode, tiered, compressed oops, compressed class ptrs, parallel gc, windows-amd64)
# Problematic frame:
# V  [jvm.dll+0x1bf973]
#
# No core dump will be written. Minidumps are not enabled by default on client versions of Windows
#
# If you would like to submit a bug report, please visit:
#   https://github.com/adoptium/adoptium-support/issues
#

---------------  S U M M A R Y ------------

Command Line: --add-modules=ALL-SYSTEM --add-opens=java.base/java.util=ALL-UNNAMED --add-opens=java.base/java.lang=ALL-UNNAMED --add-opens=java.base/sun.nio.fs=ALL-UNNAMED -Declipse.application=org.eclipse.jdt.ls.core.id1 -Dosgi.bundles.defaultStartLevel=4 -Declipse.product=org.eclipse.jdt.ls.core.product -Djava.import.generatesMetadataFilesAtProjectRoot=false -Dfile.encoding=utf8 -XX:+UseParallelGC -XX:GCTimeRatio=4 -XX:AdaptiveSizePolicyWeight=90 -Dsun.zip.disableMemoryMapping=true -Xmx1G -Xms100m -Xlog:disable -javaagent:c:\Users\mateu\.vscode\extensions\redhat.java-1.19.0-win32-x64\lombok\lombok-1.18.28.jar c:\Users\mateu\.vscode\extensions\redhat.java-1.19.0-win32-x64\server\plugins\org.eclipse.equinox.launcher_1.6.400.v20210924-0641.jar -configuration c:\Users\mateu\AppData\Roaming\Code\User\globalStorage\redhat.java\1.19.0\config_ss_win -data c:\Users\mateu\AppData\Roaming\Code\User\workspaceStorage\3aeb9ff13ac600560b41e2013b7fb6ac\redhat.java\ss_ws

Host: 11th Gen Intel(R) Core(TM) i5-1135G7 @ 2.40GHz, 8 cores, 15G,  Windows 11 , 64 bit Build 22621 (10.0.22621.1635)
Time: Mon Jun  5 09:30:17 2023 E. South America Standard Time elapsed time: 4.660076 seconds (0d 0h 0m 4s)

---------------  T H R E A D  ---------------

Current thread (0x0000020454f66410):  JavaThread "C2 CompilerThread0" daemon [_thread_in_native, id=9980, stack(0x0000009a10700000,0x0000009a10800000)]


Current CompileTask:
C2:   4660 3460       4       jdk.internal.jimage.ImageReader$SharedImageReader$$Lambda$196/0x000000010039d248::visit (13 bytes)

Stack: [0x0000009a10700000,0x0000009a10800000],  sp=0x0000009a107fbd78,  free space=1007k
Native frames: (J=compiled Java code, j=interpreted, Vv=VM code, C=native code)
V  [jvm.dll+0x1bf973]


siginfo: EXCEPTION_ACCESS_VIOLATION (0xc0000005), reading address 0xffffffffffffffff


Register to memory mapping:

RIP=0x00007ffdfda1f973 jvm.dll
RAX=0x00007ffdfe377074 jvm.dll
RBX=0x0000020458e50280 points into unknown readable memory: 0x0000000000000000 | 00 00 00 00 00 00 00 00
RCX=0x0000000a9f342200 is an unknown value
RDX=0x0 is NULL
RSP=0x0000009a107fbd78 is pointing into the stack for thread: 0x0000020454f66410
RBP=0x0000020454f9a160 points into unknown readable memory: 0x0000020454f999b8 | b8 99 f9 54 04 02 00 00
RSI=0x0000009a107fc280 is pointing into the stack for thread: 0x0000020454f66410
RDI=0xffffffffffffffff is an unknown value
R8 =0x000000000000000a is an unknown value
R9 =0x0000000000000001 is an unknown value
R10=0x0 is NULL
R11=0x3333333333333333 is an unknown value
R12=0x0000000000000001 is an unknown value
R13=0x0000000000000001 is an unknown value
R14=0x00000204570712f0 points into unknown readable memory: 0x00007ffdfe18f908 | 08 f9 18 fe fd 7f 00 00
R15=0x0000020457b0e720 points into unknown readable memory: 0x0001000105555455 | 55 54 55 05 01 00 01 00


Registers:
RAX=0x00007ffdfe377074, RBX=0x0000020458e50280, RCX=0x0000000a9f342200, RDX=0x0000000000000000
RSP=0x0000009a107fbd78, RBP=0x0000020454f9a160, RSI=0x0000009a107fc280, RDI=0xffffffffffffffff
R8 =0x000000000000000a, R9 =0x0000000000000001, R10=0x0000000000000000, R11=0x3333333333333333
R12=0x0000000000000001, R13=0x0000000000000001, R14=0x00000204570712f0, R15=0x0000020457b0e720
RIP=0x00007ffdfda1f973, EFLAGS=0x0000000000010206

Top of Stack: (sp=0x0000009a107fbd78)
0x0000009a107fbd78:   00007ffdfda1f408 0000000000000003
0x0000009a107fbd88:   0000020457ebc088 00000000000002a8
0x0000009a107fbd98:   0000020456a35420 0000011c0000000e
0x0000009a107fbda8:   00007ffd00000002 0000020456a35420
0x0000009a107fbdb8:   0000009a107fbe50 0000000000000000
0x0000009a107fbdc8:   0000000000000000 0000000000064a20
0x0000009a107fbdd8:   0000020456daa900 0000020456daa910
0x0000009a107fbde8:   000002043be3d020 00000000000003d8
0x0000009a107fbdf8:   0000009a107fbf20 0000000000000000
0x0000009a107fbe08:   0000009a107fc360 0000009a107fc280
0x0000009a107fbe18:   00007ffdfda1cc0c 0000009a107fc280
0x0000009a107fbe28:   0000009a107fbf01 0000009a107fc301
0x0000009a107fbe38:   00000000ffffffff 0000000000000000
0x0000009a107fbe48:   0000000000000000 0000000000000006
0x0000009a107fbe58:   0000020456daa900 0000020458e068c0
0x0000009a107fbe68:   0000020458e6b3a0 0000020458e6b3a0 

Instructions: (pc=0x00007ffdfda1f973)
0x00007ffdfda1f873:   4c 8b 64 24 70 48 8b 6c 24 78 33 ff 39 be e0 00
0x00007ffdfda1f883:   00 00 0f 86 8a 00 00 00 0f 1f 44 00 00 8b c7 48
0x00007ffdfda1f893:   69 d8 b0 00 00 00 48 8b 46 70 48 03 58 20 0f b7
0x00007ffdfda1f8a3:   83 9c 00 00 00 83 f8 01 76 17 f7 83 a8 00 00 00
0x00007ffdfda1f8b3:   00 02 00 00 75 0b 8b d0 48 8d 4b 38 e8 fc 6d 50
0x00007ffdfda1f8c3:   00 48 83 bb 88 00 00 00 00 7d 07 b8 ff ff 0f 00
0x00007ffdfda1f8d3:   eb 09 48 8d 4b 38 e8 e2 6c 50 00 0f b7 8b 9c 00
0x00007ffdfda1f8e3:   00 00 3b c1 89 83 98 00 00 00 79 11 81 8b a8 00
0x00007ffdfda1f8f3:   00 00 80 00 00 00 c7 43 30 2f 75 00 00 ff c7 c7
0x00007ffdfda1f903:   43 34 00 00 00 00 3b be e0 00 00 00 0f 82 7b ff
0x00007ffdfda1f913:   ff ff 48 81 c4 80 00 00 00 5f 5e 5b c3 f9 f4 1b
0x00007ffdfda1f923:   00 8b f5 1b 00 f9 f4 1b 00 f9 f4 1b 00 76 f4 1b
0x00007ffdfda1f933:   00 f9 f4 1b 00 b9 f4 1b 00 b9 f4 1b 00 3d f5 1b
0x00007ffdfda1f943:   00 f9 f4 1b 00 11 f5 1b 00 27 f5 1b 00 3d f5 1b
0x00007ffdfda1f953:   00 53 f5 1b 00 11 f5 1b 00 f9 f4 1b 00 48 8b 41
0x00007ffdfda1f963:   58 48 63 48 10 48 8d 05 05 77 95 00 48 c1 e1 05
0x00007ffdfda1f973:   8b 04 01 c3 cc cc cc cc cc cc cc cc cc 40 53 48
0x00007ffdfda1f983:   83 ec 20 48 8b d9 85 d2 75 08 32 c0 48 83 c4 20
0x00007ffdfda1f993:   5b c3 48 8b 43 08 8b ca 48 c1 e9 08 48 89 7c 24
0x00007ffdfda1f9a3:   30 8b fa 4c 8b 04 c8 48 8d 05 97 c5 9a 00 4c 3b
0x00007ffdfda1f9b3:   c0 75 0b 48 8b cb e8 32 a5 1a 00 4c 8b c0 40 0f
0x00007ffdfda1f9c3:   b6 cf ba 01 00 00 00 48 c1 ef 06 80 e1 3f 83 e7
0x00007ffdfda1f9d3:   03 48 d3 e2 49 8b 0c f8 48 8b c1 48 0b c2 49 89
0x00007ffdfda1f9e3:   04 f8 48 8b 7c 24 30 48 23 ca 75 02 ff 03 48 85
0x00007ffdfda1f9f3:   c9 0f 94 c0 48 83 c4 20 5b c3 cc cc cc 44 8b d2
0x00007ffdfda1fa03:   41 3b d0 7c 47 41 8d 80 c0 02 00 00 3b d0 7d 3c
0x00007ffdfda1fa13:   44 8b ca 45 2b c8 41 8b c1 83 e0 3f 0f b6 d0 41
0x00007ffdfda1fa23:   8b c1 48 c1 e8 06 48 8b 44 c1 38 48 0f a3 d0 73
0x00007ffdfda1fa33:   1b 0f b7 81 9c 00 00 00 83 f8 01 74 0c 8d 48 ff
0x00007ffdfda1fa43:   8b c1 41 23 c2 3b c1 75 03 b0 01 c3 32 c0 c3 cc
0x00007ffdfda1fa53:   cc cc cc cc cc cc cc cc cc cc cc cc cc 40 57 41
0x00007ffdfda1fa63:   57 48 83 ec 38 4c 8b 41 48 33 ff 48 89 5c 24 58 


Stack slot to memory mapping:
stack at sp + 0 slots: 0x00007ffdfda1f408 jvm.dll
stack at sp + 1 slots: 0x0000000000000003 is an unknown value
stack at sp + 2 slots: 0x0000020457ebc088 points into unknown readable memory: 0x00007ffdfe1211b0 | b0 11 12 fe fd 7f 00 00
stack at sp + 3 slots: 0x00000000000002a8 is an unknown value
stack at sp + 4 slots: 0x0000020456a35420 points into unknown readable memory: 0x00007ffdfe17b3c0 | c0 b3 17 fe fd 7f 00 00
stack at sp + 5 slots: 0x0000011c0000000e is an unknown value
stack at sp + 6 slots: 0x00007ffd00000002 is an unknown value
stack at sp + 7 slots: 0x0000020456a35420 points into unknown readable memory: 0x00007ffdfe17b3c0 | c0 b3 17 fe fd 7f 00 00


---------------  P R O C E S S  ---------------

Threads class SMR info:
_java_thread_list=0x000002044fc49160, length=27, elements={
0x000002043bdcadb0, 0x0000020454f34020, 0x0000020454f35180, 0x0000020454f58540,
0x0000020454f58e00, 0x0000020454f59e60, 0x0000020454f5a920, 0x0000020454f66410,
0x000002044fc49370, 0x0000020454f6add0, 0x00000204550e7a30, 0x00000204550e53b0,
0x00000204550e6220, 0x00000204550e4ee0, 0x00000204550e5880, 0x00000204550e66f0,
0x00000204550e6bc0, 0x00000204550e5d50, 0x00000204550e83d0, 0x00000204550e7560,
0x0000020457d69df0, 0x00000204550e4a10, 0x000002045759a580, 0x000002045759b3f0,
0x0000020457597f00, 0x00000204585b7910, 0x000002045759b8c0
}

Java Threads: ( => current thread )
  0x000002043bdcadb0 JavaThread "main" [_thread_blocked, id=1224, stack(0x0000009a0fe00000,0x0000009a0ff00000)]
  0x0000020454f34020 JavaThread "Reference Handler" daemon [_thread_blocked, id=4996, stack(0x0000009a10100000,0x0000009a10200000)]
  0x0000020454f35180 JavaThread "Finalizer" daemon [_thread_blocked, id=10696, stack(0x0000009a10200000,0x0000009a10300000)]
  0x0000020454f58540 JavaThread "Signal Dispatcher" daemon [_thread_blocked, id=11200, stack(0x0000009a10300000,0x0000009a10400000)]
  0x0000020454f58e00 JavaThread "Attach Listener" daemon [_thread_blocked, id=14592, stack(0x0000009a10400000,0x0000009a10500000)]
  0x0000020454f59e60 JavaThread "Service Thread" daemon [_thread_blocked, id=17580, stack(0x0000009a10500000,0x0000009a10600000)]
  0x0000020454f5a920 JavaThread "Monitor Deflation Thread" daemon [_thread_blocked, id=15596, stack(0x0000009a10600000,0x0000009a10700000)]
=>0x0000020454f66410 JavaThread "C2 CompilerThread0" daemon [_thread_in_native, id=9980, stack(0x0000009a10700000,0x0000009a10800000)]
  0x000002044fc49370 JavaThread "C1 CompilerThread0" daemon [_thread_blocked, id=16772, stack(0x0000009a10800000,0x0000009a10900000)]
  0x0000020454f6add0 JavaThread "Sweeper thread" daemon [_thread_blocked, id=7256, stack(0x0000009a10900000,0x0000009a10a00000)]
  0x00000204550e7a30 JavaThread "Common-Cleaner" daemon [_thread_blocked, id=8048, stack(0x0000009a10a00000,0x0000009a10b00000)]
  0x00000204550e53b0 JavaThread "Notification Thread" daemon [_thread_blocked, id=12780, stack(0x0000009a10b00000,0x0000009a10c00000)]
  0x00000204550e6220 JavaThread "Active Thread: Equinox Container: aaf9d104-36cf-448f-822e-fa69e77e4bfc" [_thread_blocked, id=13316, stack(0x0000009a11400000,0x0000009a11500000)]
  0x00000204550e4ee0 JavaThread "Framework Event Dispatcher: Equinox Container: aaf9d104-36cf-448f-822e-fa69e77e4bfc" daemon [_thread_blocked, id=9704, stack(0x0000009a11500000,0x0000009a11600000)]
  0x00000204550e5880 JavaThread "Start Level: Equinox Container: aaf9d104-36cf-448f-822e-fa69e77e4bfc" daemon [_thread_blocked, id=2520, stack(0x0000009a11600000,0x0000009a11700000)]
  0x00000204550e66f0 JavaThread "SCR Component Actor" daemon [_thread_blocked, id=14860, stack(0x0000009a11700000,0x0000009a11800000)]
  0x00000204550e6bc0 JavaThread "SCR Component Registry" daemon [_thread_blocked, id=13572, stack(0x0000009a11900000,0x0000009a11a00000)]
  0x00000204550e5d50 JavaThread "Worker-JM" [_thread_blocked, id=10872, stack(0x0000009a11a00000,0x0000009a11b00000)]
  0x00000204550e83d0 JavaThread "Worker-0" [_thread_blocked, id=6008, stack(0x0000009a11b00000,0x0000009a11c00000)]
  0x00000204550e7560 JavaThread "Worker-1" [_thread_blocked, id=5944, stack(0x0000009a11c00000,0x0000009a11d00000)]
  0x0000020457d69df0 JavaThread "C2 CompilerThread1" daemon [_thread_in_native, id=11088, stack(0x0000009a11300000,0x0000009a11400000)]
  0x00000204550e4a10 JavaThread "JNA Cleaner" daemon [_thread_blocked, id=15508, stack(0x0000009a11d00000,0x0000009a11e00000)]
  0x000002045759a580 JavaThread "pool-2-thread-1" [_thread_blocked, id=10944, stack(0x0000009a12000000,0x0000009a12100000)]
  0x000002045759b3f0 JavaThread "WorkspaceEventsHandler" [_thread_blocked, id=14608, stack(0x0000009a12100000,0x0000009a12200000)]
  0x0000020457597f00 JavaThread "pool-1-thread-1" [_thread_in_vm, id=11748, stack(0x0000009a12200000,0x0000009a12300000)]
  0x00000204585b7910 JavaThread "C2 CompilerThread2" daemon [_thread_in_native, id=13188, stack(0x0000009a12300000,0x0000009a12400000)]
  0x000002045759b8c0 JavaThread "ForkJoinPool.commonPool-worker-1" daemon [_thread_blocked, id=1536, stack(0x0000009a12400000,0x0000009a12500000)]

Other Threads:
  0x0000020454f21c30 VMThread "VM Thread" [stack: 0x0000009a10000000,0x0000009a10100000] [id=4324]
  0x0000020455253ce0 WatcherThread [stack: 0x0000009a10c00000,0x0000009a10d00000] [id=15940]
  0x000002043bde09e0 GCTaskThread "GC Thread#0" [stack: 0x0000009a0ff00000,0x0000009a10000000] [id=12416]
  0x00000204564322f0 GCTaskThread "GC Thread#1" [stack: 0x0000009a10d00000,0x0000009a10e00000] [id=8000]
  0x0000020456aa8950 GCTaskThread "GC Thread#2" [stack: 0x0000009a10e00000,0x0000009a10f00000] [id=6604]
  0x0000020456aa8c00 GCTaskThread "GC Thread#3" [stack: 0x0000009a10f00000,0x0000009a11000000] [id=14276]
  0x0000020456539010 GCTaskThread "GC Thread#4" [stack: 0x0000009a11000000,0x0000009a11100000] [id=5932]
  0x00000204565392c0 GCTaskThread "GC Thread#5" [stack: 0x0000009a11100000,0x0000009a11200000] [id=17412]
  0x0000020456539570 GCTaskThread "GC Thread#6" [stack: 0x0000009a11200000,0x0000009a11300000] [id=3284]
  0x0000020456bf36c0 GCTaskThread "GC Thread#7" [stack: 0x0000009a11800000,0x0000009a11900000] [id=16644]

Threads with active compile tasks:
C2 CompilerThread0     4696 3460       4       jdk.internal.jimage.ImageReader$SharedImageReader$$Lambda$196/0x000000010039d248::visit (13 bytes)
C1 CompilerThread0     4696 3627       3       org.eclipse.jdt.internal.compiler.parser.Scanner::internalScanIdentifierOrKeyword (4773 bytes)
C2 CompilerThread1     4696 3617 %     4       java.util.Properties$LineReader::readLine @ 53 (584 bytes)
C2 CompilerThread2     4696 3615       4       java.util.Properties::loadConvert (540 bytes)

VM state: not at safepoint (normal execution)

VM Mutex/Monitor currently owned by a thread: None

Heap address: 0x00000000c0000000, size: 1024 MB, Compressed Oops mode: 32-bit

CDS archive(s) not mapped
Compressed class space mapped at: 0x0000000100000000-0x0000000140000000, reserved size: 1073741824
Narrow klass base: 0x0000000000000000, Narrow klass shift: 3, Narrow klass range: 0x140000000

GC Precious Log:
 CPUs: 8 total, 8 available
 Memory: 16107M
 Large Page Support: Disabled
 NUMA Support: Disabled
 Compressed Oops: Enabled (32-bit)
 Alignments: Space 512K, Generation 512K, Heap 2M
 Heap Min Capacity: 100M
 Heap Initial Capacity: 100M
 Heap Max Capacity: 1G
 Pre-touch: Disabled
 Parallel Workers: 8

Heap:
 PSYoungGen      total 24064K, used 15868K [0x00000000eab00000, 0x00000000ec580000, 0x0000000100000000)
  eden space 20992K, 62% used [0x00000000eab00000,0x00000000eb7d7be8,0x00000000ebf80000)
  from space 3072K, 88% used [0x00000000ec000000,0x00000000ec2a75b0,0x00000000ec300000)
  to   space 2560K, 0% used [0x00000000ec300000,0x00000000ec300000,0x00000000ec580000)
 ParOldGen       total 68608K, used 20729K [0x00000000c0000000, 0x00000000c4300000, 0x00000000eab00000)
  object space 68608K, 30% used [0x00000000c0000000,0x00000000c143e418,0x00000000c4300000)
 Metaspace       used 38022K, committed 38720K, reserved 1114112K
  class space    used 3873K, committed 4160K, reserved 1048576K

Card table byte_map: [0x000002043b770000,0x000002043b980000] _byte_map_base: 0x000002043b170000

Marking Bits: (ParMarkBitMap*) 0x00007ffdfe3e52c0
 Begin Bits: [0x000002044da50000, 0x000002044ea50000)
 End Bits:   [0x000002044ea50000, 0x000002044fa50000)

Polling page: 0x0000020439d30000

Metaspace:

Usage:
  Non-class:     33.35 MB used.
      Class:      3.78 MB used.
       Both:     37.13 MB used.

Virtual space:
  Non-class space:       64.00 MB reserved,      33.75 MB ( 53%) committed,  1 nodes.
      Class space:        1.00 GB reserved,       4.06 MB ( <1%) committed,  1 nodes.
             Both:        1.06 GB reserved,      37.81 MB (  3%) committed. 

Chunk freelists:
   Non-Class:  13.56 MB
       Class:  11.75 MB
        Both:  25.31 MB

MaxMetaspaceSize: unlimited
CompressedClassSpaceSize: 1.00 GB
Initial GC threshold: 21.00 MB
Current GC threshold: 58.38 MB
CDS: off
MetaspaceReclaimPolicy: balanced
 - commit_granule_bytes: 65536.
 - commit_granule_words: 8192.
 - virtual_space_node_default_size: 8388608.
 - enlarge_chunks_in_place: 1.
 - new_chunks_are_fully_committed: 0.
 - uncommit_free_chunks: 1.
 - use_allocation_guard: 0.
 - handle_deallocations: 1.


Internal statistics:

num_allocs_failed_limit: 6.
num_arena_births: 300.
num_arena_deaths: 14.
num_vsnodes_births: 2.
num_vsnodes_deaths: 0.
num_space_committed: 605.
num_space_uncommitted: 0.
num_chunks_returned_to_freelist: 20.
num_chunks_taken_from_freelist: 1484.
num_chunk_merges: 7.
num_chunk_splits: 975.
num_chunks_enlarged: 677.
num_inconsistent_stats: 0.

CodeHeap 'non-profiled nmethods': size=120000Kb used=1833Kb max_used=1833Kb free=118166Kb
 bounds [0x0000020446520000, 0x0000020446790000, 0x000002044da50000]
CodeHeap 'profiled nmethods': size=120000Kb used=7172Kb max_used=7172Kb free=112827Kb
 bounds [0x000002043ea50000, 0x000002043f160000, 0x0000020445f80000]
CodeHeap 'non-nmethods': size=5760Kb used=1295Kb max_used=1343Kb free=4465Kb
 bounds [0x0000020445f80000, 0x00000204461f0000, 0x0000020446520000]
 total_blobs=4218 nmethods=3611 adapters=520
 compilation: enabled
              stopped_count=0, restarted_count=0
 full_count=0

Compilation events (20 events):
Event: 4.602 Thread 0x0000020454f66410 nmethod 3590 0x00000204466da710 code [0x00000204466da8a0, 0x00000204466dad58]
Event: 4.602 Thread 0x0000020454f66410 3460       4       jdk.internal.jimage.ImageReader$SharedImageReader$$Lambda$196/0x000000010039d248::visit (13 bytes)
Event: 4.611 Thread 0x0000020457d69df0 nmethod 3392 0x00000204466db010 code [0x00000204466db360, 0x00000204466dca18]
Event: 4.611 Thread 0x0000020457d69df0 3462       4       jdk.internal.jimage.ImageReader$SharedImageReader::lambda$handleModulesSubTree$1 (43 bytes)
Event: 4.623 Thread 0x00000204585b7910 nmethod 3402 0x00000204466de290 code [0x00000204466de5e0, 0x00000204466df9b8]
Event: 4.623 Thread 0x00000204585b7910 3461       4       jdk.internal.jrtfs.JrtPath::subpath (7 bytes)
Event: 4.648 Thread 0x000002044fc49370 3608       3       java.net.URLStreamHandler::<init> (5 bytes)
Event: 4.648 Thread 0x000002044fc49370 nmethod 3608 0x000002043f146910 code [0x000002043f146aa0, 0x000002043f146bf8]
Event: 4.649 Thread 0x000002044fc49370 3609 % !   3       org.eclipse.jdt.internal.compiler.parser.Parser::readTable @ 101 (145 bytes)
Event: 4.650 Thread 0x00000204585b7910 nmethod 3461 0x00000204466e1010 code [0x00000204466e1260, 0x00000204466e27e8]
Event: 4.650 Thread 0x000002044fc49370 nmethod 3609% 0x000002043f146c90 code [0x000002043f146f00, 0x000002043f147a88]
Event: 4.650 Thread 0x00000204585b7910 3463       4       jdk.internal.jrtfs.JrtPath::subpath (129 bytes)
Event: 4.650 Thread 0x000002044fc49370 3610       3       java.util.concurrent.ConcurrentHashMap::resizeStamp (9 bytes)
Event: 4.650 Thread 0x000002044fc49370 nmethod 3610 0x000002043f147f90 code [0x000002043f148120, 0x000002043f148248]
Event: 4.652 Thread 0x000002044fc49370 3611 %     3       org.eclipse.jdt.internal.compiler.parser.Parser::computeReverseTable @ 51 (92 bytes)
Event: 4.652 Thread 0x000002044fc49370 nmethod 3611% 0x000002043f148310 code [0x000002043f148500, 0x000002043f148af8]
Event: 4.653 Thread 0x000002044fc49370 3612       3       org.eclipse.jdt.internal.compiler.parser.Parser::computeReverseTable (92 bytes)
Event: 4.653 Thread 0x000002044fc49370 nmethod 3612 0x000002043f148e10 code [0x000002043f148fe0, 0x000002043f1494f8]
Event: 4.653 Thread 0x000002044fc49370 3613   !   3       org.eclipse.jdt.internal.compiler.parser.Parser::readTable (145 bytes)
Event: 4.654 Thread 0x000002044fc49370 nmethod 3613 0x000002043f149710 code [0x000002043f149980, 0x000002043f14a448]

GC Heap History (20 events):
Event: 2.623 GC heap before
{Heap before GC invocations=6 (full 1):
 PSYoungGen      total 29696K, used 25593K [0x00000000eab00000, 0x00000000ecc00000, 0x0000000100000000)
  eden space 25600K, 99% used [0x00000000eab00000,0x00000000ec3fe778,0x00000000ec400000)
  from space 4096K, 0% used [0x00000000ec800000,0x00000000ec800000,0x00000000ecc00000)
  to   space 4096K, 0% used [0x00000000ec400000,0x00000000ec400000,0x00000000ec800000)
 ParOldGen       total 68608K, used 6942K [0x00000000c0000000, 0x00000000c4300000, 0x00000000eab00000)
  object space 68608K, 10% used [0x00000000c0000000,0x00000000c06c7870,0x00000000c4300000)
 Metaspace       used 24645K, committed 25088K, reserved 1114112K
  class space    used 2410K, committed 2560K, reserved 1048576K
}
Event: 2.624 GC heap after
{Heap after GC invocations=6 (full 1):
 PSYoungGen      total 26112K, used 632K [0x00000000eab00000, 0x00000000ec880000, 0x0000000100000000)
  eden space 25088K, 0% used [0x00000000eab00000,0x00000000eab00000,0x00000000ec380000)
  from space 1024K, 61% used [0x00000000ec400000,0x00000000ec49e368,0x00000000ec500000)
  to   space 2560K, 0% used [0x00000000ec600000,0x00000000ec600000,0x00000000ec880000)
 ParOldGen       total 68608K, used 6950K [0x00000000c0000000, 0x00000000c4300000, 0x00000000eab00000)
  object space 68608K, 10% used [0x00000000c0000000,0x00000000c06c9870,0x00000000c4300000)
 Metaspace       used 24645K, committed 25088K, reserved 1114112K
  class space    used 2410K, committed 2560K, reserved 1048576K
}
Event: 2.845 GC heap before
{Heap before GC invocations=7 (full 1):
 PSYoungGen      total 26112K, used 25720K [0x00000000eab00000, 0x00000000ec880000, 0x0000000100000000)
  eden space 25088K, 100% used [0x00000000eab00000,0x00000000ec380000,0x00000000ec380000)
  from space 1024K, 61% used [0x00000000ec400000,0x00000000ec49e368,0x00000000ec500000)
  to   space 2560K, 0% used [0x00000000ec600000,0x00000000ec600000,0x00000000ec880000)
 ParOldGen       total 68608K, used 6950K [0x00000000c0000000, 0x00000000c4300000, 0x00000000eab00000)
  object space 68608K, 10% used [0x00000000c0000000,0x00000000c06c9870,0x00000000c4300000)
 Metaspace       used 27526K, committed 27968K, reserved 1114112K
  class space    used 2649K, committed 2816K, reserved 1048576K
}
Event: 2.846 GC heap after
{Heap after GC invocations=7 (full 1):
 PSYoungGen      total 26112K, used 1225K [0x00000000eab00000, 0x00000000ec780000, 0x0000000100000000)
  eden space 24576K, 0% used [0x00000000eab00000,0x00000000eab00000,0x00000000ec300000)
  from space 1536K, 79% used [0x00000000ec600000,0x00000000ec7325a0,0x00000000ec780000)
  to   space 1536K, 0% used [0x00000000ec480000,0x00000000ec480000,0x00000000ec600000)
 ParOldGen       total 68608K, used 6958K [0x00000000c0000000, 0x00000000c4300000, 0x00000000eab00000)
  object space 68608K, 10% used [0x00000000c0000000,0x00000000c06cb870,0x00000000c4300000)
 Metaspace       used 27526K, committed 27968K, reserved 1114112K
  class space    used 2649K, committed 2816K, reserved 1048576K
}
Event: 3.756 GC heap before
{Heap before GC invocations=8 (full 1):
 PSYoungGen      total 26112K, used 25801K [0x00000000eab00000, 0x00000000ec780000, 0x0000000100000000)
  eden space 24576K, 100% used [0x00000000eab00000,0x00000000ec300000,0x00000000ec300000)
  from space 1536K, 79% used [0x00000000ec600000,0x00000000ec7325a0,0x00000000ec780000)
  to   space 1536K, 0% used [0x00000000ec480000,0x00000000ec480000,0x00000000ec600000)
 ParOldGen       total 68608K, used 6958K [0x00000000c0000000, 0x00000000c4300000, 0x00000000eab00000)
  object space 68608K, 10% used [0x00000000c0000000,0x00000000c06cb870,0x00000000c4300000)
 Metaspace       used 31950K, committed 32512K, reserved 1114112K
  class space    used 3195K, committed 3456K, reserved 1048576K
}
Event: 3.758 GC heap after
{Heap after GC invocations=8 (full 1):
 PSYoungGen      total 25600K, used 1524K [0x00000000eab00000, 0x00000000ec880000, 0x0000000100000000)
  eden space 24064K, 0% used [0x00000000eab00000,0x00000000eab00000,0x00000000ec280000)
  from space 1536K, 99% used [0x00000000ec480000,0x00000000ec5fd1e0,0x00000000ec600000)
  to   space 2560K, 0% used [0x00000000ec600000,0x00000000ec600000,0x00000000ec880000)
 ParOldGen       total 68608K, used 7885K [0x00000000c0000000, 0x00000000c4300000, 0x00000000eab00000)
  object space 68608K, 11% used [0x00000000c0000000,0x00000000c07b3758,0x00000000c4300000)
 Metaspace       used 31950K, committed 32512K, reserved 1114112K
  class space    used 3195K, committed 3456K, reserved 1048576K
}
Event: 4.074 GC heap before
{Heap before GC invocations=9 (full 1):
 PSYoungGen      total 25600K, used 25023K [0x00000000eab00000, 0x00000000ec880000, 0x0000000100000000)
  eden space 24064K, 97% used [0x00000000eab00000,0x00000000ec1f2a70,0x00000000ec280000)
  from space 1536K, 99% used [0x00000000ec480000,0x00000000ec5fd1e0,0x00000000ec600000)
  to   space 2560K, 0% used [0x00000000ec600000,0x00000000ec600000,0x00000000ec880000)
 ParOldGen       total 68608K, used 7885K [0x00000000c0000000, 0x00000000c4300000, 0x00000000eab00000)
  object space 68608K, 11% used [0x00000000c0000000,0x00000000c07b3758,0x00000000c4300000)
 Metaspace       used 35178K, committed 35840K, reserved 1114112K
  class space    used 3555K, committed 3840K, reserved 1048576K
}
Event: 4.076 GC heap after
{Heap after GC invocations=9 (full 1):
 PSYoungGen      total 26624K, used 2550K [0x00000000eab00000, 0x00000000ec980000, 0x0000000100000000)
  eden space 24064K, 0% used [0x00000000eab00000,0x00000000eab00000,0x00000000ec280000)
  from space 2560K, 99% used [0x00000000ec600000,0x00000000ec87dbc8,0x00000000ec880000)
  to   space 3584K, 0% used [0x00000000ec280000,0x00000000ec280000,0x00000000ec600000)
 ParOldGen       total 68608K, used 8570K [0x00000000c0000000, 0x00000000c4300000, 0x00000000eab00000)
  object space 68608K, 12% used [0x00000000c0000000,0x00000000c085eac0,0x00000000c4300000)
 Metaspace       used 35178K, committed 35840K, reserved 1114112K
  class space    used 3555K, committed 3840K, reserved 1048576K
}
Event: 4.076 GC heap before
{Heap before GC invocations=10 (full 2):
 PSYoungGen      total 26624K, used 2550K [0x00000000eab00000, 0x00000000ec980000, 0x0000000100000000)
  eden space 24064K, 0% used [0x00000000eab00000,0x00000000eab00000,0x00000000ec280000)
  from space 2560K, 99% used [0x00000000ec600000,0x00000000ec87dbc8,0x00000000ec880000)
  to   space 3584K, 0% used [0x00000000ec280000,0x00000000ec280000,0x00000000ec600000)
 ParOldGen       total 68608K, used 8570K [0x00000000c0000000, 0x00000000c4300000, 0x00000000eab00000)
  object space 68608K, 12% used [0x00000000c0000000,0x00000000c085eac0,0x00000000c4300000)
 Metaspace       used 35178K, committed 35840K, reserved 1114112K
  class space    used 3555K, committed 3840K, reserved 1048576K
}
Event: 4.093 GC heap after
{Heap after GC invocations=10 (full 2):
 PSYoungGen      total 26624K, used 0K [0x00000000eab00000, 0x00000000ec980000, 0x0000000100000000)
  eden space 24064K, 0% used [0x00000000eab00000,0x00000000eab00000,0x00000000ec280000)
  from space 2560K, 0% used [0x00000000ec600000,0x00000000ec600000,0x00000000ec880000)
  to   space 3584K, 0% used [0x00000000ec280000,0x00000000ec280000,0x00000000ec600000)
 ParOldGen       total 68608K, used 10962K [0x00000000c0000000, 0x00000000c4300000, 0x00000000eab00000)
  object space 68608K, 15% used [0x00000000c0000000,0x00000000c0ab49f8,0x00000000c4300000)
 Metaspace       used 35178K, committed 35840K, reserved 1114112K
  class space    used 3555K, committed 3840K, reserved 1048576K
}
Event: 4.189 GC heap before
{Heap before GC invocations=11 (full 2):
 PSYoungGen      total 26624K, used 24064K [0x00000000eab00000, 0x00000000ec980000, 0x0000000100000000)
  eden space 24064K, 100% used [0x00000000eab00000,0x00000000ec280000,0x00000000ec280000)
  from space 2560K, 0% used [0x00000000ec600000,0x00000000ec600000,0x00000000ec880000)
  to   space 3584K, 0% used [0x00000000ec280000,0x00000000ec280000,0x00000000ec600000)
 ParOldGen       total 68608K, used 10962K [0x00000000c0000000, 0x00000000c4300000, 0x00000000eab00000)
  object space 68608K, 15% used [0x00000000c0000000,0x00000000c0ab49f8,0x00000000c4300000)
 Metaspace       used 35405K, committed 36096K, reserved 1114112K
  class space    used 3587K, committed 3904K, reserved 1048576K
}
Event: 4.191 GC heap after
{Heap after GC invocations=11 (full 2):
 PSYoungGen      total 26112K, used 2400K [0x00000000eab00000, 0x00000000ec800000, 0x0000000100000000)
  eden space 23552K, 0% used [0x00000000eab00000,0x00000000eab00000,0x00000000ec200000)
  from space 2560K, 93% used [0x00000000ec280000,0x00000000ec4d8010,0x00000000ec500000)
  to   space 3072K, 0% used [0x00000000ec500000,0x00000000ec500000,0x00000000ec800000)
 ParOldGen       total 68608K, used 10962K [0x00000000c0000000, 0x00000000c4300000, 0x00000000eab00000)
  object space 68608K, 15% used [0x00000000c0000000,0x00000000c0ab49f8,0x00000000c4300000)
 Metaspace       used 35405K, committed 36096K, reserved 1114112K
  class space    used 3587K, committed 3904K, reserved 1048576K
}
Event: 4.274 GC heap before
{Heap before GC invocations=12 (full 2):
 PSYoungGen      total 26112K, used 25952K [0x00000000eab00000, 0x00000000ec800000, 0x0000000100000000)
  eden space 23552K, 100% used [0x00000000eab00000,0x00000000ec200000,0x00000000ec200000)
  from space 2560K, 93% used [0x00000000ec280000,0x00000000ec4d8010,0x00000000ec500000)
  to   space 3072K, 0% used [0x00000000ec500000,0x00000000ec500000,0x00000000ec800000)
 ParOldGen       total 68608K, used 10962K [0x00000000c0000000, 0x00000000c4300000, 0x00000000eab00000)
  object space 68608K, 15% used [0x00000000c0000000,0x00000000c0ab49f8,0x00000000c4300000)
 Metaspace       used 35478K, committed 36224K, reserved 1114112K
  class space    used 3600K, committed 3904K, reserved 1048576K
}
Event: 4.277 GC heap after
{Heap after GC invocations=12 (full 2):
 PSYoungGen      total 24064K, used 3040K [0x00000000eab00000, 0x00000000ecc80000, 0x0000000100000000)
  eden space 20992K, 0% used [0x00000000eab00000,0x00000000eab00000,0x00000000ebf80000)
  from space 3072K, 98% used [0x00000000ec500000,0x00000000ec7f8020,0x00000000ec800000)
  to   space 5632K, 0% used [0x00000000ebf80000,0x00000000ebf80000,0x00000000ec500000)
 ParOldGen       total 68608K, used 12919K [0x00000000c0000000, 0x00000000c4300000, 0x00000000eab00000)
  object space 68608K, 18% used [0x00000000c0000000,0x00000000c0c9dd50,0x00000000c4300000)
 Metaspace       used 35478K, committed 36224K, reserved 1114112K
  class space    used 3600K, committed 3904K, reserved 1048576K
}
Event: 4.315 GC heap before
{Heap before GC invocations=13 (full 2):
 PSYoungGen      total 24064K, used 24032K [0x00000000eab00000, 0x00000000ecc80000, 0x0000000100000000)
  eden space 20992K, 100% used [0x00000000eab00000,0x00000000ebf80000,0x00000000ebf80000)
  from space 3072K, 98% used [0x00000000ec500000,0x00000000ec7f8020,0x00000000ec800000)
  to   space 5632K, 0% used [0x00000000ebf80000,0x00000000ebf80000,0x00000000ec500000)
 ParOldGen       total 68608K, used 12919K [0x00000000c0000000, 0x00000000c4300000, 0x00000000eab00000)
  object space 68608K, 18% used [0x00000000c0000000,0x00000000c0c9dd50,0x00000000c4300000)
 Metaspace       used 35478K, committed 36224K, reserved 1114112K
  class space    used 3600K, committed 3904K, reserved 1048576K
}
Event: 4.319 GC heap after
{Heap after GC invocations=13 (full 2):
 PSYoungGen      total 23552K, used 2336K [0x00000000eab00000, 0x00000000ec680000, 0x0000000100000000)
  eden space 20992K, 0% used [0x00000000eab00000,0x00000000eab00000,0x00000000ebf80000)
  from space 2560K, 91% used [0x00000000ebf80000,0x00000000ec1c8000,0x00000000ec200000)
  to   space 3584K, 0% used [0x00000000ec300000,0x00000000ec300000,0x00000000ec680000)
 ParOldGen       total 68608K, used 15969K [0x00000000c0000000, 0x00000000c4300000, 0x00000000eab00000)
  object space 68608K, 23% used [0x00000000c0000000,0x00000000c0f98408,0x00000000c4300000)
 Metaspace       used 35478K, committed 36224K, reserved 1114112K
  class space    used 3600K, committed 3904K, reserved 1048576K
}
Event: 4.362 GC heap before
{Heap before GC invocations=14 (full 2):
 PSYoungGen      total 23552K, used 23328K [0x00000000eab00000, 0x00000000ec680000, 0x0000000100000000)
  eden space 20992K, 100% used [0x00000000eab00000,0x00000000ebf80000,0x00000000ebf80000)
  from space 2560K, 91% used [0x00000000ebf80000,0x00000000ec1c8000,0x00000000ec200000)
  to   space 3584K, 0% used [0x00000000ec300000,0x00000000ec300000,0x00000000ec680000)
 ParOldGen       total 68608K, used 15969K [0x00000000c0000000, 0x00000000c4300000, 0x00000000eab00000)
  object space 68608K, 23% used [0x00000000c0000000,0x00000000c0f98408,0x00000000c4300000)
 Metaspace       used 35478K, committed 36224K, reserved 1114112K
  class space    used 3600K, committed 3904K, reserved 1048576K
}
Event: 4.365 GC heap after
{Heap after GC invocations=14 (full 2):
 PSYoungGen      total 24064K, used 2592K [0x00000000eab00000, 0x00000000ec600000, 0x0000000100000000)
  eden space 20992K, 0% used [0x00000000eab00000,0x00000000eab00000,0x00000000ebf80000)
  from space 3072K, 84% used [0x00000000ec300000,0x00000000ec588010,0x00000000ec600000)
  to   space 3072K, 0% used [0x00000000ec000000,0x00000000ec000000,0x00000000ec300000)
 ParOldGen       total 68608K, used 18193K [0x00000000c0000000, 0x00000000c4300000, 0x00000000eab00000)
  object space 68608K, 26% used [0x00000000c0000000,0x00000000c11c4408,0x00000000c4300000)
 Metaspace       used 35478K, committed 36224K, reserved 1114112K
  class space    used 3600K, committed 3904K, reserved 1048576K
}
Event: 4.538 GC heap before
{Heap before GC invocations=15 (full 2):
 PSYoungGen      total 24064K, used 23538K [0x00000000eab00000, 0x00000000ec600000, 0x0000000100000000)
  eden space 20992K, 99% used [0x00000000eab00000,0x00000000ebf74bc0,0x00000000ebf80000)
  from space 3072K, 84% used [0x00000000ec300000,0x00000000ec588010,0x00000000ec600000)
  to   space 3072K, 0% used [0x00000000ec000000,0x00000000ec000000,0x00000000ec300000)
 ParOldGen       total 68608K, used 18193K [0x00000000c0000000, 0x00000000c4300000, 0x00000000eab00000)
  object space 68608K, 26% used [0x00000000c0000000,0x00000000c11c4408,0x00000000c4300000)
 Metaspace       used 36283K, committed 36928K, reserved 1114112K
  class space    used 3678K, committed 3968K, reserved 1048576K
}
Event: 4.542 GC heap after
{Heap after GC invocations=15 (full 2):
 PSYoungGen      total 24064K, used 2717K [0x00000000eab00000, 0x00000000ec580000, 0x0000000100000000)
  eden space 20992K, 0% used [0x00000000eab00000,0x00000000eab00000,0x00000000ebf80000)
  from space 3072K, 88% used [0x00000000ec000000,0x00000000ec2a75b0,0x00000000ec300000)
  to   space 2560K, 0% used [0x00000000ec300000,0x00000000ec300000,0x00000000ec580000)
 ParOldGen       total 68608K, used 20729K [0x00000000c0000000, 0x00000000c4300000, 0x00000000eab00000)
  object space 68608K, 30% used [0x00000000c0000000,0x00000000c143e418,0x00000000c4300000)
 Metaspace       used 36283K, committed 36928K, reserved 1114112K
  class space    used 3678K, committed 3968K, reserved 1048576K
}

Dll operation events (10 events):
Event: 0.007 Loaded shared library c:\Users\mateu\.vscode\extensions\redhat.java-1.19.0-win32-x64\jre\17.0.7-win32-x86_64\bin\java.dll
Event: 0.108 Loaded shared library c:\Users\mateu\.vscode\extensions\redhat.java-1.19.0-win32-x64\jre\17.0.7-win32-x86_64\bin\zip.dll
Event: 0.111 Loaded shared library C:\Users\mateu\.vscode\extensions\redhat.java-1.19.0-win32-x64\jre\17.0.7-win32-x86_64\bin\instrument.dll
Event: 0.120 Loaded shared library C:\Users\mateu\.vscode\extensions\redhat.java-1.19.0-win32-x64\jre\17.0.7-win32-x86_64\bin\net.dll
Event: 0.122 Loaded shared library C:\Users\mateu\.vscode\extensions\redhat.java-1.19.0-win32-x64\jre\17.0.7-win32-x86_64\bin\nio.dll
Event: 0.129 Loaded shared library C:\Users\mateu\.vscode\extensions\redhat.java-1.19.0-win32-x64\jre\17.0.7-win32-x86_64\bin\zip.dll
Event: 0.138 Loaded shared library C:\Users\mateu\.vscode\extensions\redhat.java-1.19.0-win32-x64\jre\17.0.7-win32-x86_64\bin\jimage.dll
Event: 0.171 Loaded shared library c:\Users\mateu\.vscode\extensions\redhat.java-1.19.0-win32-x64\jre\17.0.7-win32-x86_64\bin\verify.dll
Event: 1.322 Loaded shared library C:\Users\mateu\AppData\Roaming\Code\User\globalStorage\redhat.java\1.19.0\config_ss_win\org.eclipse.equinox.launcher\org.eclipse.equinox.launcher.win32.win32.x86_64_1.2.700.v20221108-1024\eclipse_11801.dll
Event: 3.587 Loaded shared library C:\Users\mateu\AppData\Local\Temp\jna-103668240\jna6513886844256638637.dll

Deoptimization events (20 events):
Event: 4.384 Thread 0x00000204550e83d0 Uncommon trap: trap_request=0xffffffbe fr.pc=0x00000204466a62c8 relative=0x0000000000000588
Event: 4.384 Thread 0x00000204550e83d0 Uncommon trap: reason=profile_predicate action=maybe_recompile pc=0x00000204466a62c8 method=org.eclipse.jdt.internal.core.util.HashtableOfArrayToObject.getKey([Ljava/lang/Object;I)[Ljava/lang/Object; @ 61 c2
Event: 4.384 Thread 0x00000204550e83d0 DEOPT PACKING pc=0x00000204466a62c8 sp=0x0000009a11bfe940
Event: 4.384 Thread 0x00000204550e83d0 DEOPT UNPACKING pc=0x0000020445fd9ea3 sp=0x0000009a11bfe8f0 mode 2
Event: 4.384 Thread 0x00000204550e83d0 Uncommon trap: trap_request=0xffffffbe fr.pc=0x00000204466a62c8 relative=0x0000000000000588
Event: 4.384 Thread 0x00000204550e83d0 Uncommon trap: reason=profile_predicate action=maybe_recompile pc=0x00000204466a62c8 method=org.eclipse.jdt.internal.core.util.HashtableOfArrayToObject.getKey([Ljava/lang/Object;I)[Ljava/lang/Object; @ 61 c2
Event: 4.384 Thread 0x00000204550e83d0 DEOPT PACKING pc=0x00000204466a62c8 sp=0x0000009a11bfe970
Event: 4.384 Thread 0x00000204550e83d0 DEOPT UNPACKING pc=0x0000020445fd9ea3 sp=0x0000009a11bfe920 mode 2
Event: 4.493 Thread 0x000002045759b8c0 Uncommon trap: trap_request=0xffffff45 fr.pc=0x000002044654e0bc relative=0x000000000000047c
Event: 4.493 Thread 0x000002045759b8c0 Uncommon trap: reason=unstable_if action=reinterpret pc=0x000002044654e0bc method=java.util.HashMap$HashIterator.<init>(Ljava/util/HashMap;)V @ 45 c2
Event: 4.493 Thread 0x000002045759b8c0 DEOPT PACKING pc=0x000002044654e0bc sp=0x0000009a124fedc0
Event: 4.493 Thread 0x000002045759b8c0 DEOPT UNPACKING pc=0x0000020445fd9ea3 sp=0x0000009a124fec30 mode 2
Event: 4.514 Thread 0x0000020457597f00 Uncommon trap: trap_request=0xffffffc6 fr.pc=0x000002044666f13c relative=0x000000000000009c
Event: 4.514 Thread 0x0000020457597f00 Uncommon trap: reason=bimorphic_or_optimized_type_check action=maybe_recompile pc=0x000002044666f13c method=java.util.stream.Sink$ChainedReference.cancellationRequested()Z @ 4 c2
Event: 4.514 Thread 0x0000020457597f00 DEOPT PACKING pc=0x000002044666f13c sp=0x0000009a122fe000
Event: 4.515 Thread 0x0000020457597f00 DEOPT UNPACKING pc=0x0000020445fd9ea3 sp=0x0000009a122fdf90 mode 2
Event: 4.515 Thread 0x0000020457597f00 Uncommon trap: trap_request=0xffffffc6 fr.pc=0x000002044666f13c relative=0x000000000000009c
Event: 4.515 Thread 0x0000020457597f00 Uncommon trap: reason=bimorphic_or_optimized_type_check action=maybe_recompile pc=0x000002044666f13c method=java.util.stream.Sink$ChainedReference.cancellationRequested()Z @ 4 c2
Event: 4.515 Thread 0x0000020457597f00 DEOPT PACKING pc=0x000002044666f13c sp=0x0000009a122fe000
Event: 4.515 Thread 0x0000020457597f00 DEOPT UNPACKING pc=0x0000020445fd9ea3 sp=0x0000009a122fdf90 mode 2

Classes unloaded (7 events):
Event: 2.347 Thread 0x0000020454f21c30 Unloading class 0x0000000100212400 'java/lang/invoke/LambdaForm$MH+0x0000000100212400'
Event: 2.347 Thread 0x0000020454f21c30 Unloading class 0x0000000100212000 'java/lang/invoke/LambdaForm$MH+0x0000000100212000'
Event: 2.347 Thread 0x0000020454f21c30 Unloading class 0x0000000100211c00 'java/lang/invoke/LambdaForm$MH+0x0000000100211c00'
Event: 2.347 Thread 0x0000020454f21c30 Unloading class 0x0000000100211800 'java/lang/invoke/LambdaForm$MH+0x0000000100211800'
Event: 2.347 Thread 0x0000020454f21c30 Unloading class 0x0000000100211000 'java/lang/invoke/LambdaForm$BMH+0x0000000100211000'
Event: 2.347 Thread 0x0000020454f21c30 Unloading class 0x0000000100210c00 'java/lang/invoke/LambdaForm$DMH+0x0000000100210c00'
Event: 2.347 Thread 0x0000020454f21c30 Unloading class 0x000000010020e000 'java/lang/invoke/LambdaForm$DMH+0x000000010020e000'

Classes redefined (0 events):
No events

Internal exceptions (20 events):
Event: 3.434 Thread 0x00000204550e5880 Exception <a 'java/lang/ClassNotFoundException'{0x00000000eb05fd60}: com/sun/org/apache/xml/internal/serializer/spi/XMLEntitiesProvider> (0x00000000eb05fd60) 
thrown [s\src\hotspot\share\classfile\systemDictionary.cpp, line 256]
Event: 3.503 Thread 0x00000204550e5880 Exception <a 'java/io/FileNotFoundException'{0x00000000eb3c2db8}> (0x00000000eb3c2db8) 
thrown [s\src\hotspot\share\prims\jni.cpp, line 516]
Event: 3.614 Thread 0x00000204550e5880 Exception <a 'java/lang/UnsatisfiedLinkError'{0x00000000eb701e28}: The specified procedure could not be found.
> (0x00000000eb701e28) 
thrown [s\src\hotspot\share\prims\jni.cpp, line 535]
Event: 3.619 Thread 0x00000204550e5880 Exception <a 'java/io/FileNotFoundException'{0x00000000eb725068}> (0x00000000eb725068) 
thrown [s\src\hotspot\share\prims\jni.cpp, line 516]
Event: 3.626 Thread 0x00000204550e5880 Exception <a 'java/io/FileNotFoundException'{0x00000000eb7980d8}> (0x00000000eb7980d8) 
thrown [s\src\hotspot\share\prims\jni.cpp, line 516]
Event: 3.635 Thread 0x00000204550e5880 Exception <a 'java/lang/UnsatisfiedLinkError'{0x00000000eb824538}: The specified procedure could not be found.
> (0x00000000eb824538) 
thrown [s\src\hotspot\share\prims\jni.cpp, line 535]
Event: 3.663 Thread 0x000002043bdcadb0 Exception <a 'java/lang/NoSuchMethodError'{0x00000000eb9e7d08}: 'java.lang.Object java.lang.invoke.DirectMethodHandle$Holder.invokeStatic(java.lang.Object, java.lang.Object, long, java.lang.Object)'> (0x00000000eb9e7d08) 
thrown [s\src\hotspot\share\interpreter\linkResolver.cpp, line 759]
Event: 3.664 Thread 0x000002043bdcadb0 Exception <a 'java/lang/NoSuchMethodError'{0x00000000eb9eb7a0}: 'java.lang.Object java.lang.invoke.DirectMethodHandle$Holder.invokeStaticInit(java.lang.Object, java.lang.Object, long, java.lang.Object)'> (0x00000000eb9eb7a0) 
thrown [s\src\hotspot\share\interpreter\linkResolver.cpp, line 759]
Event: 3.664 Thread 0x000002043bdcadb0 Exception <a 'java/lang/NoSuchMethodError'{0x00000000eb9f1db0}: 'java.lang.Object java.lang.invoke.DirectMethodHandle$Holder.newInvokeSpecial(java.lang.Object, java.lang.Object, long)'> (0x00000000eb9f1db0) 
thrown [s\src\hotspot\share\interpreter\linkResolver.cpp, line 759]
Event: 3.664 Thread 0x000002043bdcadb0 Exception <a 'java/lang/NoSuchMethodError'{0x00000000eb9f57f0}: 'java.lang.Object java.lang.invoke.Invokers$Holder.linkToTargetMethod(java.lang.Object, long, java.lang.Object)'> (0x00000000eb9f57f0) 
thrown [s\src\hotspot\share\interpreter\linkResolver.cpp, line 759]
Event: 3.689 Thread 0x000002043bdcadb0 Exception <a 'java/lang/NoSuchMethodError'{0x00000000ebb91030}: 'void java.lang.invoke.DirectMethodHandle$Holder.invokeStatic(java.lang.Object, java.lang.Object, java.lang.Object, java.lang.Object)'> (0x00000000ebb91030) 
thrown [s\src\hotspot\share\interpreter\linkResolver.cpp, line 759]
Event: 3.764 Thread 0x000002043bdcadb0 Exception <a 'java/lang/NoSuchMethodError'{0x00000000eaba04a8}: 'void java.lang.invoke.DirectMethodHandle$Holder.invokeSpecial(java.lang.Object, java.lang.Object, java.lang.Object, java.lang.Object, java.lang.Object, java.lang.Object)'> (0x00000000eaba04a8) 
thrown [s\src\hotspot\share\interpreter\linkResolver.cpp, line 759]
Event: 3.765 Thread 0x000002043bdcadb0 Exception <a 'java/lang/IncompatibleClassChangeError'{0x00000000eaba90d0}: Found class java.lang.Object, but interface was expected> (0x00000000eaba90d0) 
thrown [s\src\hotspot\share\interpreter\linkResolver.cpp, line 826]
Event: 3.865 Thread 0x0000020457597f00 Exception <a 'java/io/FileNotFoundException'{0x00000000eb0fd238}> (0x00000000eb0fd238) 
thrown [s\src\hotspot\share\prims\jni.cpp, line 516]
Event: 3.909 Thread 0x0000020457597f00 Exception <a 'java/lang/NoSuchMethodError'{0x00000000eb56a4e0}: 'int java.lang.invoke.DirectMethodHandle$Holder.invokeVirtual(java.lang.Object, java.lang.Object)'> (0x00000000eb56a4e0) 
thrown [s\src\hotspot\share\interpreter\linkResolver.cpp, line 759]
Event: 3.965 Thread 0x00000204550e83d0 Exception <a 'java/lang/NoSuchMethodError'{0x00000000eb98ab80}: 'java.lang.Object java.lang.invoke.Invokers$Holder.invoke_MT(java.lang.Object, java.lang.Object, java.lang.Object)'> (0x00000000eb98ab80) 
thrown [s\src\hotspot\share\interpreter\linkResolver.cpp, line 759]
Event: 4.141 Thread 0x00000204550e83d0 Exception <a 'java/io/FileNotFoundException'{0x00000000eb8c14b0}> (0x00000000eb8c14b0) 
thrown [s\src\hotspot\share\prims\jni.cpp, line 516]
Event: 4.141 Thread 0x00000204550e83d0 Exception <a 'java/io/FileNotFoundException'{0x00000000eb8c2d78}> (0x00000000eb8c2d78) 
thrown [s\src\hotspot\share\prims\jni.cpp, line 516]
Event: 4.143 Thread 0x00000204550e83d0 Exception <a 'java/lang/NoSuchMethodError'{0x00000000eb8cf200}: 'void java.lang.invoke.DirectMethodHandle$Holder.invokeStaticInit(java.lang.Object, java.lang.Object, java.lang.Object)'> (0x00000000eb8cf200) 
thrown [s\src\hotspot\share\interpreter\linkResolver.cpp, line 759]
Event: 4.503 Thread 0x000002045759b8c0 Exception <a 'java/lang/NoSuchMethodError'{0x00000000ebd5b660}: 'java.lang.Object java.lang.invoke.DirectMethodHandle$Holder.invokeInterface(java.lang.Object, java.lang.Object, java.lang.Object)'> (0x00000000ebd5b660) 
thrown [s\src\hotspot\share\interpreter\linkResolver.cpp, line 759]

VM Operations (20 events):
Event: 4.074 Executing VM operation: CollectForMetadataAllocation
Event: 4.093 Executing VM operation: CollectForMetadataAllocation done
Event: 4.189 Executing VM operation: ParallelGCFailedAllocation
Event: 4.191 Executing VM operation: ParallelGCFailedAllocation done
Event: 4.274 Executing VM operation: ParallelGCFailedAllocation
Event: 4.277 Executing VM operation: ParallelGCFailedAllocation done
Event: 4.315 Executing VM operation: ParallelGCFailedAllocation
Event: 4.319 Executing VM operation: ParallelGCFailedAllocation done
Event: 4.362 Executing VM operation: ParallelGCFailedAllocation
Event: 4.365 Executing VM operation: ParallelGCFailedAllocation done
Event: 4.515 Executing VM operation: HandshakeAllThreads
Event: 4.515 Executing VM operation: HandshakeAllThreads done
Event: 4.515 Executing VM operation: HandshakeAllThreads
Event: 4.518 Executing VM operation: HandshakeAllThreads done
Event: 4.518 Executing VM operation: HandshakeAllThreads
Event: 4.518 Executing VM operation: HandshakeAllThreads done
Event: 4.538 Executing VM operation: ParallelGCFailedAllocation
Event: 4.542 Executing VM operation: ParallelGCFailedAllocation done
Event: 4.550 Executing VM operation: HandshakeAllThreads
Event: 4.550 Executing VM operation: HandshakeAllThreads done

Events (20 events):
Event: 4.480 loading class java/util/concurrent/CompletableFuture$UniApply done
Event: 4.480 loading class java/util/concurrent/ForkJoinTask$Aux
Event: 4.480 loading class java/util/concurrent/ForkJoinTask$Aux done
Event: 4.482 loading class java/util/concurrent/CancellationException
Event: 4.482 loading class java/util/concurrent/CancellationException done
Event: 4.483 loading class java/lang/invoke/VarHandleReferences$Array
Event: 4.483 loading class java/lang/invoke/VarHandleReferences$Array done
Event: 4.484 loading class java/util/concurrent/ForkJoinPool$DefaultCommonPoolForkJoinWorkerThreadFactory$1
Event: 4.484 loading class java/util/concurrent/ForkJoinPool$DefaultCommonPoolForkJoinWorkerThreadFactory$1 done
Event: 4.487 Thread 0x000002045759b8c0 Thread added: 0x000002045759b8c0
Event: 4.487 loading class java/util/concurrent/CompletableFuture$UniAccept
Event: 4.487 loading class java/util/concurrent/CompletableFuture$UniAccept done
Event: 4.489 loading class java/util/concurrent/CompletableFuture$UniExceptionally
Event: 4.489 loading class java/util/concurrent/CompletableFuture$UniExceptionally done
Event: 4.492 loading class jdk/internal/reflect/UnsafeIntegerFieldAccessorImpl
Event: 4.492 loading class jdk/internal/reflect/UnsafeIntegerFieldAccessorImpl done
Event: 4.516 loading class java/util/AbstractList$ListItr
Event: 4.516 loading class java/util/AbstractList$ListItr done
Event: 4.560 loading class java/lang/ExceptionInInitializerError
Event: 4.560 loading class java/lang/ExceptionInInitializerError done


Dynamic libraries:
0x00007ff64e5f0000 - 0x00007ff64e5fe000 	c:\Users\mateu\.vscode\extensions\redhat.java-1.19.0-win32-x64\jre\17.0.7-win32-x86_64\bin\java.exe
0x00007ffe59830000 - 0x00007ffe59a44000 	C:\Windows\SYSTEM32\ntdll.dll
0x00007ffe57800000 - 0x00007ffe578c2000 	C:\Windows\System32\KERNEL32.DLL
0x00007ffe57150000 - 0x00007ffe574f3000 	C:\Windows\System32\KERNELBASE.dll
0x00007ffe56c50000 - 0x00007ffe56d61000 	C:\Windows\System32\ucrtbase.dll
0x00007ffe510b0000 - 0x00007ffe510c9000 	c:\Users\mateu\.vscode\extensions\redhat.java-1.19.0-win32-x64\jre\17.0.7-win32-x86_64\bin\VCRUNTIME140.dll
0x00007ffe44d70000 - 0x00007ffe44d87000 	c:\Users\mateu\.vscode\extensions\redhat.java-1.19.0-win32-x64\jre\17.0.7-win32-x86_64\bin\jli.dll
0x00007ffe58750000 - 0x00007ffe588fb000 	C:\Windows\System32\USER32.dll
0x00007ffe56ee0000 - 0x00007ffe56f06000 	C:\Windows\System32\win32u.dll
0x00007ffe367f0000 - 0x00007ffe36a7e000 	C:\Windows\WinSxS\amd64_microsoft.windows.common-controls_6595b64144ccf1df_6.0.22621.1635_none_270f70857386168e\COMCTL32.dll
0x00007ffe58440000 - 0x00007ffe58469000 	C:\Windows\System32\GDI32.dll
0x00007ffe58500000 - 0x00007ffe585a7000 	C:\Windows\System32\msvcrt.dll
0x00007ffe56f10000 - 0x00007ffe57028000 	C:\Windows\System32\gdi32full.dll
0x00007ffe570b0000 - 0x00007ffe5714a000 	C:\Windows\System32\msvcp_win.dll
0x00007ffe58a00000 - 0x00007ffe58a31000 	C:\Windows\System32\IMM32.DLL
0x00007ffe538e0000 - 0x00007ffe538ec000 	c:\Users\mateu\.vscode\extensions\redhat.java-1.19.0-win32-x64\jre\17.0.7-win32-x86_64\bin\vcruntime140_1.dll
0x00007ffe31b80000 - 0x00007ffe31c11000 	c:\Users\mateu\.vscode\extensions\redhat.java-1.19.0-win32-x64\jre\17.0.7-win32-x86_64\bin\msvcp140.dll
0x00007ffdfd860000 - 0x00007ffdfe4a8000 	c:\Users\mateu\.vscode\extensions\redhat.java-1.19.0-win32-x64\jre\17.0.7-win32-x86_64\bin\server\jvm.dll
0x00007ffe57fd0000 - 0x00007ffe5807e000 	C:\Windows\System32\ADVAPI32.dll
0x00007ffe586a0000 - 0x00007ffe58744000 	C:\Windows\System32\sechost.dll
0x00007ffe57630000 - 0x00007ffe57747000 	C:\Windows\System32\RPCRT4.dll
0x00007ffe50d70000 - 0x00007ffe50d7a000 	C:\Windows\SYSTEM32\VERSION.dll
0x00007ffe4e1d0000 - 0x00007ffe4e204000 	C:\Windows\SYSTEM32\WINMM.dll
0x00007ffe52090000 - 0x00007ffe52099000 	C:\Windows\SYSTEM32\WSOCK32.dll
0x00007ffe58980000 - 0x00007ffe589f1000 	C:\Windows\System32\WS2_32.dll
0x00007ffe55c60000 - 0x00007ffe55c78000 	C:\Windows\SYSTEM32\kernel.appcore.dll
0x00007ffe52040000 - 0x00007ffe5204a000 	c:\Users\mateu\.vscode\extensions\redhat.java-1.19.0-win32-x64\jre\17.0.7-win32-x86_64\bin\jimage.dll
0x00007ffe54430000 - 0x00007ffe5465e000 	C:\Windows\SYSTEM32\DBGHELP.DLL
0x00007ffe580b0000 - 0x00007ffe58439000 	C:\Windows\System32\combase.dll
0x00007ffe578d0000 - 0x00007ffe579a7000 	C:\Windows\System32\OLEAUT32.dll
0x00007ffe4d320000 - 0x00007ffe4d352000 	C:\Windows\SYSTEM32\dbgcore.DLL
0x00007ffe57030000 - 0x00007ffe570ab000 	C:\Windows\System32\bcryptPrimitives.dll
0x00007ffe51ff0000 - 0x00007ffe51ffe000 	c:\Users\mateu\.vscode\extensions\redhat.java-1.19.0-win32-x64\jre\17.0.7-win32-x86_64\bin\instrument.dll
0x00007ffe40550000 - 0x00007ffe40575000 	c:\Users\mateu\.vscode\extensions\redhat.java-1.19.0-win32-x64\jre\17.0.7-win32-x86_64\bin\java.dll
0x00007ffe44d50000 - 0x00007ffe44d68000 	c:\Users\mateu\.vscode\extensions\redhat.java-1.19.0-win32-x64\jre\17.0.7-win32-x86_64\bin\zip.dll
0x00007ffe58a40000 - 0x00007ffe5923a000 	C:\Windows\System32\SHELL32.dll
0x00007ffe54c00000 - 0x00007ffe554ce000 	C:\Windows\SYSTEM32\windows.storage.dll
0x00007ffe54ac0000 - 0x00007ffe54bfe000 	C:\Windows\SYSTEM32\wintypes.dll
0x00007ffe579b0000 - 0x00007ffe57aa1000 	C:\Windows\System32\SHCORE.dll
0x00007ffe585b0000 - 0x00007ffe5860e000 	C:\Windows\System32\shlwapi.dll
0x00007ffe56b80000 - 0x00007ffe56ba1000 	C:\Windows\SYSTEM32\profapi.dll
0x00007ffe404d0000 - 0x00007ffe404e9000 	C:\Users\mateu\.vscode\extensions\redhat.java-1.19.0-win32-x64\jre\17.0.7-win32-x86_64\bin\net.dll
0x00007ffe51a90000 - 0x00007ffe51bc7000 	C:\Windows\SYSTEM32\WINHTTP.dll
0x00007ffe560c0000 - 0x00007ffe56129000 	C:\Windows\system32\mswsock.dll
0x00007ffe404b0000 - 0x00007ffe404c5000 	C:\Users\mateu\.vscode\extensions\redhat.java-1.19.0-win32-x64\jre\17.0.7-win32-x86_64\bin\nio.dll
0x00007ffe50fe0000 - 0x00007ffe50ff0000 	c:\Users\mateu\.vscode\extensions\redhat.java-1.19.0-win32-x64\jre\17.0.7-win32-x86_64\bin\verify.dll
0x00007ffe1f220000 - 0x00007ffe1f25e000 	C:\Users\mateu\AppData\Roaming\Code\User\globalStorage\redhat.java\1.19.0\config_ss_win\org.eclipse.equinox.launcher\org.eclipse.equinox.launcher.win32.win32.x86_64_1.2.700.v20221108-1024\eclipse_11801.dll
0x00007ffe57b20000 - 0x00007ffe57cbc000 	C:\Windows\System32\ole32.dll
0x00007ffe563e0000 - 0x00007ffe563fb000 	C:\Windows\SYSTEM32\CRYPTSP.dll
0x00007ffe55bd0000 - 0x00007ffe55c05000 	C:\Windows\system32\rsaenh.dll
0x00007ffe56160000 - 0x00007ffe56188000 	C:\Windows\SYSTEM32\USERENV.dll
0x00007ffe56620000 - 0x00007ffe56648000 	C:\Windows\SYSTEM32\bcrypt.dll
0x00007ffe563c0000 - 0x00007ffe563cc000 	C:\Windows\SYSTEM32\CRYPTBASE.dll
0x00007ffe55720000 - 0x00007ffe5574d000 	C:\Windows\SYSTEM32\IPHLPAPI.DLL
0x00007ffe584d0000 - 0x00007ffe584d9000 	C:\Windows\System32\NSI.dll
0x00007ffe50d80000 - 0x00007ffe50d99000 	C:\Windows\SYSTEM32\dhcpcsvc6.DLL
0x00007ffe50d40000 - 0x00007ffe50d5f000 	C:\Windows\SYSTEM32\dhcpcsvc.DLL
0x00007ffe55750000 - 0x00007ffe55843000 	C:\Windows\SYSTEM32\DNSAPI.dll
0x00007ffe1c480000 - 0x00007ffe1c4c5000 	C:\Users\mateu\AppData\Local\Temp\jna-103668240\jna6513886844256638637.dll
0x00007ffe59240000 - 0x00007ffe59248000 	C:\Windows\System32\PSAPI.DLL

dbghelp: loaded successfully - version: 4.0.5 - missing functions: none
symbol engine: initialized successfully - sym options: 0x614 - pdb path: .;c:\Users\mateu\.vscode\extensions\redhat.java-1.19.0-win32-x64\jre\17.0.7-win32-x86_64\bin;C:\Windows\SYSTEM32;C:\Windows\WinSxS\amd64_microsoft.windows.common-controls_6595b64144ccf1df_6.0.22621.1635_none_270f70857386168e;c:\Users\mateu\.vscode\extensions\redhat.java-1.19.0-win32-x64\jre\17.0.7-win32-x86_64\bin\server;C:\Users\mateu\AppData\Roaming\Code\User\globalStorage\redhat.java\1.19.0\config_ss_win\org.eclipse.equinox.launcher\org.eclipse.equinox.launcher.win32.win32.x86_64_1.2.700.v20221108-1024;C:\Users\mateu\AppData\Local\Temp\jna-103668240

VM Arguments:
jvm_args: --add-modules=ALL-SYSTEM --add-opens=java.base/java.util=ALL-UNNAMED --add-opens=java.base/java.lang=ALL-UNNAMED --add-opens=java.base/sun.nio.fs=ALL-UNNAMED -Declipse.application=org.eclipse.jdt.ls.core.id1 -Dosgi.bundles.defaultStartLevel=4 -Declipse.product=org.eclipse.jdt.ls.core.product -Djava.import.generatesMetadataFilesAtProjectRoot=false -Dfile.encoding=utf8 -XX:+UseParallelGC -XX:GCTimeRatio=4 -XX:AdaptiveSizePolicyWeight=90 -Dsun.zip.disableMemoryMapping=true -Xmx1G -Xms100m -Xlog:disable -javaagent:c:\Users\mateu\.vscode\extensions\redhat.java-1.19.0-win32-x64\lombok\lombok-1.18.28.jar 
java_command: c:\Users\mateu\.vscode\extensions\redhat.java-1.19.0-win32-x64\server\plugins\org.eclipse.equinox.launcher_1.6.400.v20210924-0641.jar -configuration c:\Users\mateu\AppData\Roaming\Code\User\globalStorage\redhat.java\1.19.0\config_ss_win -data c:\Users\mateu\AppData\Roaming\Code\User\workspaceStorage\3aeb9ff13ac600560b41e2013b7fb6ac\redhat.java\ss_ws
java_class_path (initial): c:\Users\mateu\.vscode\extensions\redhat.java-1.19.0-win32-x64\server\plugins\org.eclipse.equinox.launcher_1.6.400.v20210924-0641.jar
Launcher Type: SUN_STANDARD

[Global flags]
    uintx AdaptiveSizePolicyWeight                 = 90                                        {product} {command line}
     intx CICompilerCount                          = 4                                         {product} {ergonomic}
    uintx GCTimeRatio                              = 4                                         {product} {command line}
   size_t InitialHeapSize                          = 104857600                                 {product} {command line}
   size_t MaxHeapSize                              = 1073741824                                {product} {command line}
   size_t MaxNewSize                               = 357564416                                 {product} {ergonomic}
   size_t MinHeapDeltaBytes                        = 524288                                    {product} {ergonomic}
   size_t MinHeapSize                              = 104857600                                 {product} {command line}
   size_t NewSize                                  = 34603008                                  {product} {ergonomic}
    uintx NonNMethodCodeHeapSize                   = 5839372                                {pd product} {ergonomic}
    uintx NonProfiledCodeHeapSize                  = 122909434                              {pd product} {ergonomic}
   size_t OldSize                                  = 70254592                                  {product} {ergonomic}
    uintx ProfiledCodeHeapSize                     = 122909434                              {pd product} {ergonomic}
    uintx ReservedCodeCacheSize                    = 251658240                              {pd product} {ergonomic}
     bool SegmentedCodeCache                       = true                                      {product} {ergonomic}
   size_t SoftMaxHeapSize                          = 1073741824                             {manageable} {ergonomic}
     bool UseCompressedClassPointers               = true                           {product lp64_product} {ergonomic}
     bool UseCompressedOops                        = true                           {product lp64_product} {ergonomic}
     bool UseLargePagesIndividualAllocation        = false                                  {pd product} {ergonomic}
     bool UseParallelGC                            = true                                      {product} {command line}

Logging:
Log output configuration:
 #0: stdout all=off uptime,level,tags
 #1: stderr all=off uptime,level,tags

Environment Variables:
JAVA_HOME=C:\Program Files\Java\jdk-17
PATH=C:\Program Files\Common Files\Oracle\Java\javapath;C:\Windows\system32;C:\Windows;C:\Windows\System32\Wbem;C:\Windows\System32\WindowsPowerShell\v1.0\;C:\Windows\System32\OpenSSH\;C:\Program Files\Git\cmd;C:\Program Files\PowerShell\7\;C:\Users\mateu\AppData\Local\Microsoft\WindowsApps;C:\Program Files\Java\jdk-17\bin;;C:\Users\mateu\AppData\Local\Programs\Microsoft VS Code\bin
USERNAME=mateu
OS=Windows_NT
PROCESSOR_IDENTIFIER=Intel64 Family 6 Model 140 Stepping 1, GenuineIntel
TMP=C:\Users\mateu\AppData\Local\Temp
TEMP=C:\Users\mateu\AppData\Local\Temp



---------------  S Y S T E M  ---------------

OS:
 Windows 11 , 64 bit Build 22621 (10.0.22621.1635)
OS uptime: 0 days 23:10 hours
Hyper-V role detected

CPU: total 8 (initial active 8) (4 cores per cpu, 2 threads per core) family 6 model 140 stepping 1 microcode 0x8a, cx8, cmov, fxsr, ht, mmx, 3dnowpref, sse, sse2, sse3, ssse3, sse4.1, sse4.2, popcnt, lzcnt, tsc, tscinvbit, avx, avx2, aes, erms, clmul, bmi1, bmi2, adx, avx512f, avx512dq, avx512cd, avx512bw, avx512vl, sha, fma, vzeroupper, avx512_vpopcntdq, avx512_vpclmulqdq, avx512_vaes, avx512_vnni, clflush, clflushopt, clwb, avx512_vbmi2, avx512_vbmi, hv

Memory: 4k page, system-wide physical 16107M (8332M free)
TotalPageFile size 19051M (AvailPageFile size 11089M)
current process WorkingSet (physical memory assigned to process): 171M, peak: 171M
current process commit charge ("private bytes"): 261M, peak: 264M

vm_info: OpenJDK 64-Bit Server VM (17.0.7+7) for windows-amd64 JRE (17.0.7+7), built on Apr 18 2023 22:10:42 by "temurin" with MS VC++ 16.7 (VS2019)

END.
