#
# A fatal error has been detected by the Java Runtime Environment:
#
#  EXCEPTION_ACCESS_VIOLATION (0xc0000005) at pc=0x00007ffc514dd2ce, pid=11200, tid=2752
#
# JRE version: OpenJDK Runtime Environment Temurin-17.0.7+7 (17.0.7+7) (build 17.0.7+7)
# Java VM: OpenJDK 64-Bit Server VM Temurin-17.0.7+7 (17.0.7+7, mixed mode, tiered, compressed oops, compressed class ptrs, parallel gc, windows-amd64)
# Problematic frame:
# V  [jvm.dll+0x69d2ce]
#
# No core dump will be written. Minidumps are not enabled by default on client versions of Windows
#
# If you would like to submit a bug report, please visit:
#   https://github.com/adoptium/adoptium-support/issues
#

---------------  S U M M A R Y ------------

Command Line: --add-modules=ALL-SYSTEM --add-opens=java.base/java.util=ALL-UNNAMED --add-opens=java.base/java.lang=ALL-UNNAMED --add-opens=java.base/sun.nio.fs=ALL-UNNAMED -Declipse.application=org.eclipse.jdt.ls.core.id1 -Dosgi.bundles.defaultStartLevel=4 -Declipse.product=org.eclipse.jdt.ls.core.product -Djava.import.generatesMetadataFilesAtProjectRoot=false -Dfile.encoding=utf8 -XX:+UseParallelGC -XX:GCTimeRatio=4 -XX:AdaptiveSizePolicyWeight=90 -Dsun.zip.disableMemoryMapping=true -Xmx1G -Xms100m -Xlog:disable -javaagent:c:\Users\mateus\.vscode\extensions\redhat.java-1.18.0-win32-x64\lombok\lombok-1.18.27.jar -XX:+HeapDumpOnOutOfMemoryError -XX:HeapDumpPath=c:\Users\mateus\AppData\Roaming\Code\User\workspaceStorage\69805cb60bbaa00196b8a753c4f4369c\redhat.java -Daether.dependencyCollector.impl=bf c:\Users\mateus\.vscode\extensions\redhat.java-1.18.0-win32-x64\server\plugins\org.eclipse.equinox.launcher_1.6.400.v20210924-0641.jar -configuration c:\Users\mateus\AppData\Roaming\Code\User\globalStorage\redhat.java\1.18.0\config_win -data c:\Users\mateus\AppData\Roaming\Code\User\workspaceStorage\69805cb60bbaa00196b8a753c4f4369c\redhat.java\jdt_ws

Host: 11th Gen Intel(R) Core(TM) i5-1135G7 @ 2.40GHz, 8 cores, 15G,  Windows 10 , 64 bit Build 19041 (10.0.19041.2913)
Time: Mon May 29 11:42:28 2023 Hora oficial do Brasil elapsed time: 3.534235 seconds (0d 0h 0m 3s)

---------------  T H R E A D  ---------------

Current thread (0x000001301c93ce90):  JavaThread "C2 CompilerThread1" daemon [_thread_in_native, id=2752, stack(0x0000001f14200000,0x0000001f14300000)]


Current CompileTask:
C2:   3534 3210   !   4       org.eclipse.osgi.internal.loader.classpath.ClasspathManager::findClassImpl (308 bytes)

Stack: [0x0000001f14200000,0x0000001f14300000],  sp=0x0000001f142fb5b0,  free space=1005k
Native frames: (J=compiled Java code, j=interpreted, Vv=VM code, C=native code)
V  [jvm.dll+0x69d2ce]
V  [jvm.dll+0x223b90]
V  [jvm.dll+0x21a814]
V  [jvm.dll+0x21895b]
V  [jvm.dll+0x1a4d8d]
V  [jvm.dll+0x2284da]
V  [jvm.dll+0x226615]
V  [jvm.dll+0x7ea90b]
V  [jvm.dll+0x7e4e7a]
V  [jvm.dll+0x676395]
C  [ucrtbase.dll+0x21bb2]
C  [KERNEL32.DLL+0x17614]
C  [ntdll.dll+0x526a1]


siginfo: EXCEPTION_ACCESS_VIOLATION (0xc0000005), reading address 0x0000000000000080


Register to memory mapping:

RIP=0x00007ffc514dd2ce jvm.dll
RAX=0x0 is NULL
RBX=0x0000001f142fb860 is pointing into the stack for thread: 0x000001301c93ce90
RCX=0x000001301a80d300 points into unknown readable memory: 0x0000000000000000 | 00 00 00 00 00 00 00 00
RDX=0x0000001f142feb30 is pointing into the stack for thread: 0x000001301c93ce90
RSP=0x0000001f142fb5b0 is pointing into the stack for thread: 0x000001301c93ce90
RBP=0x0000001f142fb680 is pointing into the stack for thread: 0x000001301c93ce90
RSI=0x0000000000000aeb is an unknown value
RDI=0x0000000000000254 is an unknown value
R8 =0x00007ffc5180a2d0 jvm.dll
R9 =0x0 is NULL
R10=0x0000000000000bd3 is an unknown value
R11=0x0000000000003fff is an unknown value
R12=0x0 is NULL
R13=0x0000000000000044 is an unknown value
R14=0x0000000000005758 is an unknown value
R15=0x000001301a80d658 points into unknown readable memory: 0x00007ffc516e02a0 | a0 02 6e 51 fc 7f 00 00


Registers:
RAX=0x0000000000000000, RBX=0x0000001f142fb860, RCX=0x000001301a80d300, RDX=0x0000001f142feb30
RSP=0x0000001f142fb5b0, RBP=0x0000001f142fb680, RSI=0x0000000000000aeb, RDI=0x0000000000000254
R8 =0x00007ffc5180a2d0, R9 =0x0000000000000000, R10=0x0000000000000bd3, R11=0x0000000000003fff
R12=0x0000000000000000, R13=0x0000000000000044, R14=0x0000000000005758, R15=0x000001301a80d658
RIP=0x00007ffc514dd2ce, EFLAGS=0x0000000000010206

Top of Stack: (sp=0x0000001f142fb5b0)
0x0000001f142fb5b0:   0000001f142fb860 0000001f142fb680
0x0000001f142fb5c0:   0000000000000ac6 000001301c325c70
0x0000001f142fb5d0:   000001301c8475a0 000001301c4b3450
0x0000001f142fb5e0:   0000000000001ecd 000001301b9683a8
0x0000001f142fb5f0:   000001301d3013e0 00007ffc51063b90
0x0000001f142fb600:   0000001f142fb680 0000000000000254
0x0000001f142fb610:   0000001f142fb860 000001301c8475a0
0x0000001f142fb620:   000001301c8659b0 00007ffc00002000
0x0000001f142fb630:   000001301efccc90 0000013000001ecd
0x0000001f142fb640:   0000000000000400 000001301b8f3c90
0x0000001f142fb650:   0000000000000400 000001301c8659b0
0x0000001f142fb660:   0000000000000000 0000000000000000
0x0000001f142fb670:   000001301c8475a0 000001307fb42740
0x0000001f142fb680:   0000000000000000 0000000000000020
0x0000001f142fb690:   0000001f142fb7a0 00007ffc5105a814
0x0000001f142fb6a0:   0000001f142fe820 0000001f142fb860 

Instructions: (pc=0x00007ffc514dd2ce)
0x00007ffc514dd1ce:   8d 8e e0 09 00 00 e8 87 67 a0 ff 48 83 c3 08 48
0x00007ffc514dd1de:   3b df 72 de 41 ff c4 45 3b 66 18 0f 82 71 fe ff
0x00007ffc514dd1ee:   ff 45 84 ed 75 51 41 83 7e 20 00 76 2b 49 8b 46
0x00007ffc514dd1fe:   10 48 8b 18 49 83 07 10 49 8b 07 49 3b 47 08 72
0x00007ffc514dd20e:   0b 49 8b cf e8 99 7a fb ff 49 8b 07 48 89 18 c7
0x00007ffc514dd21e:   40 08 00 00 00 00 eb 1f 49 83 07 f0 48 8d 8e e0
0x00007ffc514dd22e:   09 00 00 49 8b d6 e8 77 8c fb ff 48 8b 4e 10 49
0x00007ffc514dd23e:   8b d6 e8 2b 6a b8 ff 49 8b 07 49 3b 47 10 0f 83
0x00007ffc514dd24e:   ae fd ff ff 4c 8b 74 24 20 4c 8b 6c 24 28 4c 8b
0x00007ffc514dd25e:   64 24 60 48 8b 7c 24 58 48 8b 6c 24 50 48 83 c4
0x00007ffc514dd26e:   30 41 5f 5e 5b c3 cc cc cc cc cc cc cc cc cc cc
0x00007ffc514dd27e:   cc cc 40 53 56 41 54 48 83 ec 30 45 33 e4 48 8b
0x00007ffc514dd28e:   d9 41 8b f4 44 39 61 48 0f 86 1d 01 00 00 48 89
0x00007ffc514dd29e:   6c 24 50 48 89 7c 24 58 4c 89 74 24 60 4c 89 7c
0x00007ffc514dd2ae:   24 68 8b c6 4c 8d 34 c5 00 00 00 00 48 8b 43 50
0x00007ffc514dd2be:   49 8b 0c 06 48 85 c9 0f 84 cf 00 00 00 48 8b 01
0x00007ffc514dd2ce:   ff 90 80 00 00 00 8b 4b 48 4c 8b f8 3b f1 0f 82
0x00007ffc514dd2de:   b0 00 00 00 85 c9 75 51 48 8b 7b 40 c7 43 48 01
0x00007ffc514dd2ee:   00 00 00 48 8b 47 18 48 83 f8 ef 76 16 8d 51 10
0x00007ffc514dd2fe:   48 8b cf 4c 8d 05 a8 54 27 00 e8 73 f5 a0 ff 48
0x00007ffc514dd30e:   8b 47 18 48 8d 48 10 48 3b 4f 20 76 11 45 33 c0
0x00007ffc514dd31e:   48 8b cf 41 8d 50 10 e8 16 f3 a0 ff eb 04 48 89
0x00007ffc514dd32e:   4f 18 48 89 43 50 4c 89 20 8b 6b 48 8d 56 01 85
0x00007ffc514dd33e:   d2 74 04 85 d6 74 0c 0f bd ca ba 01 00 00 00 ff
0x00007ffc514dd34e:   c1 d3 e2 48 8b 4b 40 48 8d 3c ed 00 00 00 00 44
0x00007ffc514dd35e:   8b ca 4c 8b c7 89 53 48 48 8b 53 50 49 c1 e1 03
0x00007ffc514dd36e:   44 89 64 24 20 e8 a8 ed a0 ff 44 8b 43 48 33 d2
0x00007ffc514dd37e:   44 2b c5 48 89 43 50 49 c1 e0 03 48 8d 0c 07 e8
0x00007ffc514dd38e:   c0 2d 1f 00 48 8b 43 50 4d 89 3c 06 ff c6 3b 73
0x00007ffc514dd39e:   48 0f 82 0b ff ff ff 4c 8b 7c 24 68 4c 8b 74 24
0x00007ffc514dd3ae:   60 48 8b 7c 24 58 48 8b 6c 24 50 48 83 c4 30 41
0x00007ffc514dd3be:   5c 5e 5b c3 cc cc cc cc cc cc cc cc cc cc cc cc 


Stack slot to memory mapping:
stack at sp + 0 slots: 0x0000001f142fb860 is pointing into the stack for thread: 0x000001301c93ce90
stack at sp + 1 slots: 0x0000001f142fb680 is pointing into the stack for thread: 0x000001301c93ce90
stack at sp + 2 slots: 0x0000000000000ac6 is an unknown value
stack at sp + 3 slots: 0x000001301c325c70 points into unknown readable memory: 0x0000001f142feb30 | 30 eb 2f 14 1f 00 00 00
stack at sp + 4 slots: 0x000001301c8475a0 points into unknown readable memory: 0x0000000000000000 | 00 00 00 00 00 00 00 00
stack at sp + 5 slots: 0x000001301c4b3450 points into unknown readable memory: 0x00007ffc5180a2d0 | d0 a2 80 51 fc 7f 00 00
stack at sp + 6 slots: 0x0000000000001ecd is an unknown value
stack at sp + 7 slots: 0x000001301b9683a8 points into unknown readable memory: 0x000001301d3013e0 | e0 13 30 1d 30 01 00 00


---------------  P R O C E S S  ---------------

Threads class SMR info:
_java_thread_list=0x000001301ccb0240, length=27, elements={
0x000001307fb2a570, 0x000001301a7a4520, 0x000001301a7a7280, 0x0000013015545110,
0x0000013015545bd0, 0x0000013015546e30, 0x00000130155483e0, 0x000001301a7d10b0,
0x000001301a7d2150, 0x000001301a7d2e40, 0x000001301a8d39b0, 0x000001301aaa57f0,
0x000001301be32990, 0x000001301c2028b0, 0x000001301c643420, 0x000001301c2ff840,
0x000001301c3b1550, 0x000001301c5a2490, 0x000001301c83e040, 0x000001301c7e6770,
0x000001301c93ce90, 0x000001301c7e9790, 0x000001301d7ed710, 0x000001301c7e6c40,
0x000001301c7e5dd0, 0x000001301c7e92c0, 0x000001301c7e75e0
}

Java Threads: ( => current thread )
  0x000001307fb2a570 JavaThread "main" [_thread_blocked, id=2488, stack(0x0000001f12400000,0x0000001f12500000)]
  0x000001301a7a4520 JavaThread "Reference Handler" daemon [_thread_blocked, id=3112, stack(0x0000001f12700000,0x0000001f12800000)]
  0x000001301a7a7280 JavaThread "Finalizer" daemon [_thread_blocked, id=4076, stack(0x0000001f12800000,0x0000001f12900000)]
  0x0000013015545110 JavaThread "Signal Dispatcher" daemon [_thread_blocked, id=1688, stack(0x0000001f12900000,0x0000001f12a00000)]
  0x0000013015545bd0 JavaThread "Attach Listener" daemon [_thread_blocked, id=7964, stack(0x0000001f12a00000,0x0000001f12b00000)]
  0x0000013015546e30 JavaThread "Service Thread" daemon [_thread_blocked, id=4696, stack(0x0000001f12b00000,0x0000001f12c00000)]
  0x00000130155483e0 JavaThread "Monitor Deflation Thread" daemon [_thread_blocked, id=3344, stack(0x0000001f12c00000,0x0000001f12d00000)]
  0x000001301a7d10b0 JavaThread "C2 CompilerThread0" daemon [_thread_in_native, id=3292, stack(0x0000001f12d00000,0x0000001f12e00000)]
  0x000001301a7d2150 JavaThread "C1 CompilerThread0" daemon [_thread_blocked, id=10208, stack(0x0000001f12e00000,0x0000001f12f00000)]
  0x000001301a7d2e40 JavaThread "Sweeper thread" daemon [_thread_blocked, id=6392, stack(0x0000001f12f00000,0x0000001f13000000)]
  0x000001301a8d39b0 JavaThread "Common-Cleaner" daemon [_thread_blocked, id=9316, stack(0x0000001f13000000,0x0000001f13100000)]
  0x000001301aaa57f0 JavaThread "Notification Thread" daemon [_thread_blocked, id=4592, stack(0x0000001f13200000,0x0000001f13300000)]
  0x000001301be32990 JavaThread "Active Thread: Equinox Container: eed365ee-aa4d-4c82-819a-6b7dc7da54f2" [_thread_blocked, id=9784, stack(0x0000001f13400000,0x0000001f13500000)]
  0x000001301c2028b0 JavaThread "Framework Event Dispatcher: Equinox Container: eed365ee-aa4d-4c82-819a-6b7dc7da54f2" daemon [_thread_blocked, id=3332, stack(0x0000001f13b00000,0x0000001f13c00000)]
  0x000001301c643420 JavaThread "Start Level: Equinox Container: eed365ee-aa4d-4c82-819a-6b7dc7da54f2" daemon [_thread_blocked, id=7784, stack(0x0000001f13c00000,0x0000001f13d00000)]
  0x000001301c2ff840 JavaThread "SCR Component Actor" daemon [_thread_blocked, id=284, stack(0x0000001f13d00000,0x0000001f13e00000)]
  0x000001301c3b1550 JavaThread "SCR Component Registry" daemon [_thread_blocked, id=996, stack(0x0000001f13f00000,0x0000001f14000000)]
  0x000001301c5a2490 JavaThread "Worker-JM" [_thread_blocked, id=10308, stack(0x0000001f13100000,0x0000001f13200000)]
  0x000001301c83e040 JavaThread "Worker-0: Repository registry initialization" [_thread_blocked, id=10160, stack(0x0000001f14000000,0x0000001f14100000)]
  0x000001301c7e6770 JavaThread "Worker-1: Updating Maven Dependencies" [_thread_blocked, id=9228, stack(0x0000001f14100000,0x0000001f14200000)]
=>0x000001301c93ce90 JavaThread "C2 CompilerThread1" daemon [_thread_in_native, id=2752, stack(0x0000001f14200000,0x0000001f14300000)]
  0x000001301c7e9790 JavaThread "Java indexing" daemon [_thread_blocked, id=10828, stack(0x0000001f14300000,0x0000001f14400000)]
  0x000001301d7ed710 JavaThread "C2 CompilerThread2" daemon [_thread_in_native, id=6548, stack(0x0000001f14400000,0x0000001f14500000)]
  0x000001301c7e6c40 JavaThread "JNA Cleaner" daemon [_thread_blocked, id=2868, stack(0x0000001f14500000,0x0000001f14600000)]
  0x000001301c7e5dd0 JavaThread "pool-2-thread-1" [_thread_blocked, id=8544, stack(0x0000001f14600000,0x0000001f14700000)]
  0x000001301c7e92c0 JavaThread "pool-1-thread-1" [_thread_in_Java, id=4336, stack(0x0000001f14700000,0x0000001f14800000)]
  0x000001301c7e75e0 JavaThread "Worker-2" [_thread_blocked, id=10760, stack(0x0000001f14800000,0x0000001f14900000)]

Other Threads:
  0x000001301a7a1640 VMThread "VM Thread" [stack: 0x0000001f12600000,0x0000001f12700000] [id=4296]
  0x000001301aaa5cc0 WatcherThread [stack: 0x0000001f13300000,0x0000001f13400000] [id=11180]
  0x000001307fb42a80 GCTaskThread "GC Thread#0" [stack: 0x0000001f12500000,0x0000001f12600000] [id=9988]
  0x000001301c1397d0 GCTaskThread "GC Thread#1" [stack: 0x0000001f13500000,0x0000001f13600000] [id=8672]
  0x000001301c139a80 GCTaskThread "GC Thread#2" [stack: 0x0000001f13600000,0x0000001f13700000] [id=496]
  0x000001301c236ea0 GCTaskThread "GC Thread#3" [stack: 0x0000001f13700000,0x0000001f13800000] [id=6504]
  0x000001301bcae4b0 GCTaskThread "GC Thread#4" [stack: 0x0000001f13800000,0x0000001f13900000] [id=2088]
  0x000001301c287e10 GCTaskThread "GC Thread#5" [stack: 0x0000001f13900000,0x0000001f13a00000] [id=6276]
  0x000001301c2880c0 GCTaskThread "GC Thread#6" [stack: 0x0000001f13a00000,0x0000001f13b00000] [id=10600]
  0x000001301bcb1160 GCTaskThread "GC Thread#7" [stack: 0x0000001f13e00000,0x0000001f13f00000] [id=6496]

Threads with active compile tasks:
C2 CompilerThread0     3564 3095       4       jdk.internal.org.objectweb.asm.Frame::execute (2318 bytes)
C2 CompilerThread1     3564 3210   !   4       org.eclipse.osgi.internal.loader.classpath.ClasspathManager::findClassImpl (308 bytes)
C2 CompilerThread2     3564 3234       4       org.eclipse.osgi.internal.loader.BundleLoader::addExportedProvidersFor (167 bytes)

VM state: not at safepoint (normal execution)

VM Mutex/Monitor currently owned by a thread: None

Heap address: 0x00000000c0000000, size: 1024 MB, Compressed Oops mode: 32-bit

CDS archive(s) not mapped
Compressed class space mapped at: 0x0000000100000000-0x0000000140000000, reserved size: 1073741824
Narrow klass base: 0x0000000000000000, Narrow klass shift: 3, Narrow klass range: 0x140000000

GC Precious Log:
 CPUs: 8 total, 8 available
 Memory: 16107M
 Large Page Support: Disabled
 NUMA Support: Disabled
 Compressed Oops: Enabled (32-bit)
 Alignments: Space 512K, Generation 512K, Heap 2M
 Heap Min Capacity: 100M
 Heap Initial Capacity: 100M
 Heap Max Capacity: 1G
 Pre-touch: Disabled
 Parallel Workers: 8

Heap:
 PSYoungGen      total 25600K, used 8764K [0x00000000eab00000, 0x00000000ec800000, 0x0000000100000000)
  eden space 23552K, 37% used [0x00000000eab00000,0x00000000eb38f270,0x00000000ec200000)
  from space 2048K, 0% used [0x00000000ec200000,0x00000000ec200000,0x00000000ec400000)
  to   space 3072K, 0% used [0x00000000ec500000,0x00000000ec500000,0x00000000ec800000)
 ParOldGen       total 68608K, used 12534K [0x00000000c0000000, 0x00000000c4300000, 0x00000000eab00000)
  object space 68608K, 18% used [0x00000000c0000000,0x00000000c0c3d928,0x00000000c4300000)
 Metaspace       used 36508K, committed 37184K, reserved 1114112K
  class space    used 3736K, committed 4032K, reserved 1048576K

Card table byte_map: [0x000001307fdf0000,0x0000013080000000] _byte_map_base: 0x000001307f7f0000

Marking Bits: (ParMarkBitMap*) 0x00007ffc519c52c0
 Begin Bits: [0x0000013013130000, 0x0000013014130000)
 End Bits:   [0x0000013014130000, 0x0000013015130000)

Polling page: 0x000001307f640000

Metaspace:

Usage:
  Non-class:     32.00 MB used.
      Class:      3.65 MB used.
       Both:     35.65 MB used.

Virtual space:
  Non-class space:       64.00 MB reserved,      32.38 MB ( 51%) committed,  1 nodes.
      Class space:        1.00 GB reserved,       3.94 MB ( <1%) committed,  1 nodes.
             Both:        1.06 GB reserved,      36.31 MB (  3%) committed. 

Chunk freelists:
   Non-Class:  15.27 MB
       Class:  12.06 MB
        Both:  27.33 MB

MaxMetaspaceSize: unlimited
CompressedClassSpaceSize: 1.00 GB
Initial GC threshold: 21.00 MB
Current GC threshold: 58.38 MB
CDS: off
MetaspaceReclaimPolicy: balanced
 - commit_granule_bytes: 65536.
 - commit_granule_words: 8192.
 - virtual_space_node_default_size: 8388608.
 - enlarge_chunks_in_place: 1.
 - new_chunks_are_fully_committed: 0.
 - uncommit_free_chunks: 1.
 - use_allocation_guard: 0.
 - handle_deallocations: 1.


Internal statistics:

num_allocs_failed_limit: 6.
num_arena_births: 316.
num_arena_deaths: 14.
num_vsnodes_births: 2.
num_vsnodes_deaths: 0.
num_space_committed: 581.
num_space_uncommitted: 0.
num_chunks_returned_to_freelist: 20.
num_chunks_taken_from_freelist: 1445.
num_chunk_merges: 10.
num_chunk_splits: 964.
num_chunks_enlarged: 659.
num_inconsistent_stats: 0.

CodeHeap 'non-profiled nmethods': size=120000Kb used=1483Kb max_used=1483Kb free=118516Kb
 bounds [0x000001300baa0000, 0x000001300bd10000, 0x0000013012fd0000]
CodeHeap 'profiled nmethods': size=120000Kb used=6584Kb max_used=6584Kb free=113415Kb
 bounds [0x0000013003fd0000, 0x0000013004640000, 0x000001300b500000]
CodeHeap 'non-nmethods': size=5760Kb used=1303Kb max_used=1310Kb free=4457Kb
 bounds [0x000001300b500000, 0x000001300b770000, 0x000001300baa0000]
 total_blobs=3823 nmethods=3241 adapters=494
 compilation: enabled
              stopped_count=0, restarted_count=0
 full_count=0

Compilation events (20 events):
Event: 3.493 Thread 0x000001301a7d2150 nmethod 3217 0x0000013004625b10 code [0x0000013004625d60, 0x0000013004626538]
Event: 3.493 Thread 0x000001301a7d2150 3218       3       org.codehaus.plexus.util.xml.pull.MXParser::isValidCodePoint (64 bytes)
Event: 3.494 Thread 0x000001301a7d2150 nmethod 3218 0x0000013004626810 code [0x00000130046269c0, 0x0000013004626cd8]
Event: 3.495 Thread 0x000001301a7d2150 3219       3       org.codehaus.plexus.util.xml.pull.MXParser::isNameChar (56 bytes)
Event: 3.495 Thread 0x000001301a7d2150 nmethod 3219 0x0000013004626d90 code [0x0000013004626f40, 0x00000130046271f8]
Event: 3.496 Thread 0x000001301d7ed710 3220       4       org.codehaus.plexus.util.xml.pull.MXParser::more (106 bytes)
Event: 3.496 Thread 0x000001301a7d2150 3221       3       org.codehaus.plexus.util.xml.pull.MXParser::nextImpl (1203 bytes)
Event: 3.497 Thread 0x000001301d7ed710 nmethod 3220 0x000001300bc11010 code [0x000001300bc11180, 0x000001300bc11278]
Event: 3.499 Thread 0x000001301a7d2150 nmethod 3221 0x0000013004627310 code [0x0000013004627980, 0x000001300462ab28]
Event: 3.499 Thread 0x000001301a7d2150 3223       3       org.codehaus.plexus.util.xml.pull.MXParser::more (106 bytes)
Event: 3.500 Thread 0x000001301a7d2150 nmethod 3223 0x000001300462b990 code [0x000001300462bbe0, 0x000001300462c3b8]
Event: 3.500 Thread 0x000001301a7d2150 3222       3       org.codehaus.plexus.util.xml.pull.MXParser::next (10 bytes)
Event: 3.500 Thread 0x000001301a7d2150 nmethod 3222 0x000001300462c690 code [0x000001300462c820, 0x000001300462c968]
Event: 3.501 Thread 0x000001301d7ed710 3224       4       java.util.HashMap::<init> (8 bytes)
Event: 3.502 Thread 0x000001301d7ed710 nmethod 3224 0x000001300bc11390 code [0x000001300bc11500, 0x000001300bc115d8]
Event: 3.514 Thread 0x000001301d7ed710 3225       4       org.eclipse.osgi.internal.loader.classpath.ClasspathEntry::findEntry (56 bytes)
Event: 3.521 Thread 0x000001301a7d2150 3226       3       java.util.concurrent.ConcurrentLinkedQueue::updateHead (26 bytes)
Event: 3.522 Thread 0x000001301a7d2150 nmethod 3226 0x000001300462ca10 code [0x000001300462cda0, 0x000001300462e578]
Event: 3.522 Thread 0x000001301a7d2150 3227   !   3       org.eclipse.osgi.internal.loader.BundleLoader::findClass0 (466 bytes)
Event: 3.526 Thread 0x000001301a7d2150 nmethod 3227 0x000001300462ec90 code [0x000001300462f400, 0x0000013004632ff8]

GC Heap History (20 events):
Event: 1.415 GC heap before
{Heap before GC invocations=2 (full 0):
 PSYoungGen      total 29696K, used 28808K [0x00000000eab00000, 0x00000000ecc00000, 0x0000000100000000)
  eden space 25600K, 100% used [0x00000000eab00000,0x00000000ec400000,0x00000000ec400000)
  from space 4096K, 78% used [0x00000000ec400000,0x00000000ec7223a8,0x00000000ec800000)
  to   space 4096K, 0% used [0x00000000ec800000,0x00000000ec800000,0x00000000ecc00000)
 ParOldGen       total 68608K, used 8K [0x00000000c0000000, 0x00000000c4300000, 0x00000000eab00000)
  object space 68608K, 0% used [0x00000000c0000000,0x00000000c0002000,0x00000000c4300000)
 Metaspace       used 15116K, committed 15360K, reserved 1114112K
  class space    used 1535K, committed 1664K, reserved 1048576K
}
Event: 1.420 GC heap after
{Heap after GC invocations=2 (full 0):
 PSYoungGen      total 29696K, used 4078K [0x00000000eab00000, 0x00000000ecc00000, 0x0000000100000000)
  eden space 25600K, 0% used [0x00000000eab00000,0x00000000eab00000,0x00000000ec400000)
  from space 4096K, 99% used [0x00000000ec800000,0x00000000ecbfb8a8,0x00000000ecc00000)
  to   space 4096K, 0% used [0x00000000ec400000,0x00000000ec400000,0x00000000ec800000)
 ParOldGen       total 68608K, used 1394K [0x00000000c0000000, 0x00000000c4300000, 0x00000000eab00000)
  object space 68608K, 2% used [0x00000000c0000000,0x00000000c015cb80,0x00000000c4300000)
 Metaspace       used 15116K, committed 15360K, reserved 1114112K
  class space    used 1535K, committed 1664K, reserved 1048576K
}
Event: 2.112 GC heap before
{Heap before GC invocations=3 (full 0):
 PSYoungGen      total 29696K, used 29678K [0x00000000eab00000, 0x00000000ecc00000, 0x0000000100000000)
  eden space 25600K, 100% used [0x00000000eab00000,0x00000000ec400000,0x00000000ec400000)
  from space 4096K, 99% used [0x00000000ec800000,0x00000000ecbfb8a8,0x00000000ecc00000)
  to   space 4096K, 0% used [0x00000000ec400000,0x00000000ec400000,0x00000000ec800000)
 ParOldGen       total 68608K, used 1394K [0x00000000c0000000, 0x00000000c4300000, 0x00000000eab00000)
  object space 68608K, 2% used [0x00000000c0000000,0x00000000c015cb80,0x00000000c4300000)
 Metaspace       used 19988K, committed 20352K, reserved 1114112K
  class space    used 2016K, committed 2176K, reserved 1048576K
}
Event: 2.115 GC heap after
{Heap after GC invocations=3 (full 0):
 PSYoungGen      total 29696K, used 4082K [0x00000000eab00000, 0x00000000ecc00000, 0x0000000100000000)
  eden space 25600K, 0% used [0x00000000eab00000,0x00000000eab00000,0x00000000ec400000)
  from space 4096K, 99% used [0x00000000ec400000,0x00000000ec7fc8b8,0x00000000ec800000)
  to   space 4096K, 0% used [0x00000000ec800000,0x00000000ec800000,0x00000000ecc00000)
 ParOldGen       total 68608K, used 4014K [0x00000000c0000000, 0x00000000c4300000, 0x00000000eab00000)
  object space 68608K, 5% used [0x00000000c0000000,0x00000000c03ebb50,0x00000000c4300000)
 Metaspace       used 19988K, committed 20352K, reserved 1114112K
  class space    used 2016K, committed 2176K, reserved 1048576K
}
Event: 2.255 GC heap before
{Heap before GC invocations=4 (full 0):
 PSYoungGen      total 29696K, used 10737K [0x00000000eab00000, 0x00000000ecc00000, 0x0000000100000000)
  eden space 25600K, 25% used [0x00000000eab00000,0x00000000eb17fe10,0x00000000ec400000)
  from space 4096K, 99% used [0x00000000ec400000,0x00000000ec7fc8b8,0x00000000ec800000)
  to   space 4096K, 0% used [0x00000000ec800000,0x00000000ec800000,0x00000000ecc00000)
 ParOldGen       total 68608K, used 4014K [0x00000000c0000000, 0x00000000c4300000, 0x00000000eab00000)
  object space 68608K, 5% used [0x00000000c0000000,0x00000000c03ebb50,0x00000000c4300000)
 Metaspace       used 21127K, committed 21504K, reserved 1114112K
  class space    used 2134K, committed 2304K, reserved 1048576K
}
Event: 2.258 GC heap after
{Heap after GC invocations=4 (full 0):
 PSYoungGen      total 29696K, used 4082K [0x00000000eab00000, 0x00000000ecc00000, 0x0000000100000000)
  eden space 25600K, 0% used [0x00000000eab00000,0x00000000eab00000,0x00000000ec400000)
  from space 4096K, 99% used [0x00000000ec800000,0x00000000ecbfc8b8,0x00000000ecc00000)
  to   space 4096K, 0% used [0x00000000ec400000,0x00000000ec400000,0x00000000ec800000)
 ParOldGen       total 68608K, used 4270K [0x00000000c0000000, 0x00000000c4300000, 0x00000000eab00000)
  object space 68608K, 6% used [0x00000000c0000000,0x00000000c042bb50,0x00000000c4300000)
 Metaspace       used 21127K, committed 21504K, reserved 1114112K
  class space    used 2134K, committed 2304K, reserved 1048576K
}
Event: 2.258 GC heap before
{Heap before GC invocations=5 (full 1):
 PSYoungGen      total 29696K, used 4082K [0x00000000eab00000, 0x00000000ecc00000, 0x0000000100000000)
  eden space 25600K, 0% used [0x00000000eab00000,0x00000000eab00000,0x00000000ec400000)
  from space 4096K, 99% used [0x00000000ec800000,0x00000000ecbfc8b8,0x00000000ecc00000)
  to   space 4096K, 0% used [0x00000000ec400000,0x00000000ec400000,0x00000000ec800000)
 ParOldGen       total 68608K, used 4270K [0x00000000c0000000, 0x00000000c4300000, 0x00000000eab00000)
  object space 68608K, 6% used [0x00000000c0000000,0x00000000c042bb50,0x00000000c4300000)
 Metaspace       used 21127K, committed 21504K, reserved 1114112K
  class space    used 2134K, committed 2304K, reserved 1048576K
}
Event: 2.277 GC heap after
{Heap after GC invocations=5 (full 1):
 PSYoungGen      total 29696K, used 0K [0x00000000eab00000, 0x00000000ecc00000, 0x0000000100000000)
  eden space 25600K, 0% used [0x00000000eab00000,0x00000000eab00000,0x00000000ec400000)
  from space 4096K, 0% used [0x00000000ec800000,0x00000000ec800000,0x00000000ecc00000)
  to   space 4096K, 0% used [0x00000000ec400000,0x00000000ec400000,0x00000000ec800000)
 ParOldGen       total 68608K, used 8135K [0x00000000c0000000, 0x00000000c4300000, 0x00000000eab00000)
  object space 68608K, 11% used [0x00000000c0000000,0x00000000c07f1df0,0x00000000c4300000)
 Metaspace       used 21114K, committed 21504K, reserved 1114112K
  class space    used 2130K, committed 2304K, reserved 1048576K
}
Event: 2.557 GC heap before
{Heap before GC invocations=6 (full 1):
 PSYoungGen      total 29696K, used 25600K [0x00000000eab00000, 0x00000000ecc00000, 0x0000000100000000)
  eden space 25600K, 100% used [0x00000000eab00000,0x00000000ec400000,0x00000000ec400000)
  from space 4096K, 0% used [0x00000000ec800000,0x00000000ec800000,0x00000000ecc00000)
  to   space 4096K, 0% used [0x00000000ec400000,0x00000000ec400000,0x00000000ec800000)
 ParOldGen       total 68608K, used 8135K [0x00000000c0000000, 0x00000000c4300000, 0x00000000eab00000)
  object space 68608K, 11% used [0x00000000c0000000,0x00000000c07f1df0,0x00000000c4300000)
 Metaspace       used 24601K, committed 25152K, reserved 1114112K
  class space    used 2543K, committed 2816K, reserved 1048576K
}
Event: 2.559 GC heap after
{Heap after GC invocations=6 (full 1):
 PSYoungGen      total 27136K, used 2028K [0x00000000eab00000, 0x00000000ec980000, 0x0000000100000000)
  eden space 25088K, 0% used [0x00000000eab00000,0x00000000eab00000,0x00000000ec380000)
  from space 2048K, 99% used [0x00000000ec400000,0x00000000ec5fb250,0x00000000ec600000)
  to   space 3072K, 0% used [0x00000000ec680000,0x00000000ec680000,0x00000000ec980000)
 ParOldGen       total 68608K, used 8143K [0x00000000c0000000, 0x00000000c4300000, 0x00000000eab00000)
  object space 68608K, 11% used [0x00000000c0000000,0x00000000c07f3df0,0x00000000c4300000)
 Metaspace       used 24601K, committed 25152K, reserved 1114112K
  class space    used 2543K, committed 2816K, reserved 1048576K
}
Event: 2.699 GC heap before
{Heap before GC invocations=7 (full 1):
 PSYoungGen      total 27136K, used 26978K [0x00000000eab00000, 0x00000000ec980000, 0x0000000100000000)
  eden space 25088K, 99% used [0x00000000eab00000,0x00000000ec35d7d8,0x00000000ec380000)
  from space 2048K, 99% used [0x00000000ec400000,0x00000000ec5fb250,0x00000000ec600000)
  to   space 3072K, 0% used [0x00000000ec680000,0x00000000ec680000,0x00000000ec980000)
 ParOldGen       total 68608K, used 8143K [0x00000000c0000000, 0x00000000c4300000, 0x00000000eab00000)
  object space 68608K, 11% used [0x00000000c0000000,0x00000000c07f3df0,0x00000000c4300000)
 Metaspace       used 27940K, committed 28480K, reserved 1114112K
  class space    used 2794K, committed 3072K, reserved 1048576K
}
Event: 2.699 GC heap after
{Heap after GC invocations=7 (full 1):
 PSYoungGen      total 27648K, used 2732K [0x00000000eab00000, 0x00000000ec980000, 0x0000000100000000)
  eden space 24576K, 0% used [0x00000000eab00000,0x00000000eab00000,0x00000000ec300000)
  from space 3072K, 88% used [0x00000000ec680000,0x00000000ec92b108,0x00000000ec980000)
  to   space 3072K, 0% used [0x00000000ec380000,0x00000000ec380000,0x00000000ec680000)
 ParOldGen       total 68608K, used 8151K [0x00000000c0000000, 0x00000000c4300000, 0x00000000eab00000)
  object space 68608K, 11% used [0x00000000c0000000,0x00000000c07f5df0,0x00000000c4300000)
 Metaspace       used 27940K, committed 28480K, reserved 1114112K
  class space    used 2794K, committed 3072K, reserved 1048576K
}
Event: 2.895 GC heap before
{Heap before GC invocations=8 (full 1):
 PSYoungGen      total 27648K, used 27308K [0x00000000eab00000, 0x00000000ec980000, 0x0000000100000000)
  eden space 24576K, 100% used [0x00000000eab00000,0x00000000ec300000,0x00000000ec300000)
  from space 3072K, 88% used [0x00000000ec680000,0x00000000ec92b108,0x00000000ec980000)
  to   space 3072K, 0% used [0x00000000ec380000,0x00000000ec380000,0x00000000ec680000)
 ParOldGen       total 68608K, used 8151K [0x00000000c0000000, 0x00000000c4300000, 0x00000000eab00000)
  object space 68608K, 11% used [0x00000000c0000000,0x00000000c07f5df0,0x00000000c4300000)
 Metaspace       used 30902K, committed 31488K, reserved 1114112K
  class space    used 3052K, committed 3328K, reserved 1048576K
}
Event: 2.896 GC heap after
{Heap after GC invocations=8 (full 1):
 PSYoungGen      total 27136K, used 3040K [0x00000000eab00000, 0x00000000ec980000, 0x0000000100000000)
  eden space 24064K, 0% used [0x00000000eab00000,0x00000000eab00000,0x00000000ec280000)
  from space 3072K, 98% used [0x00000000ec380000,0x00000000ec678348,0x00000000ec680000)
  to   space 3072K, 0% used [0x00000000ec680000,0x00000000ec680000,0x00000000ec980000)
 ParOldGen       total 68608K, used 8175K [0x00000000c0000000, 0x00000000c4300000, 0x00000000eab00000)
  object space 68608K, 11% used [0x00000000c0000000,0x00000000c07fbdf0,0x00000000c4300000)
 Metaspace       used 30902K, committed 31488K, reserved 1114112K
  class space    used 3052K, committed 3328K, reserved 1048576K
}
Event: 3.314 GC heap before
{Heap before GC invocations=9 (full 1):
 PSYoungGen      total 27136K, used 27104K [0x00000000eab00000, 0x00000000ec980000, 0x0000000100000000)
  eden space 24064K, 100% used [0x00000000eab00000,0x00000000ec280000,0x00000000ec280000)
  from space 3072K, 98% used [0x00000000ec380000,0x00000000ec678348,0x00000000ec680000)
  to   space 3072K, 0% used [0x00000000ec680000,0x00000000ec680000,0x00000000ec980000)
 ParOldGen       total 68608K, used 8175K [0x00000000c0000000, 0x00000000c4300000, 0x00000000eab00000)
  object space 68608K, 11% used [0x00000000c0000000,0x00000000c07fbdf0,0x00000000c4300000)
 Metaspace       used 34903K, committed 35584K, reserved 1114112K
  class space    used 3542K, committed 3840K, reserved 1048576K
}
Event: 3.316 GC heap after
{Heap after GC invocations=9 (full 1):
 PSYoungGen      total 26624K, used 3052K [0x00000000eab00000, 0x00000000ecb00000, 0x0000000100000000)
  eden space 23552K, 0% used [0x00000000eab00000,0x00000000eab00000,0x00000000ec200000)
  from space 3072K, 99% used [0x00000000ec680000,0x00000000ec97b300,0x00000000ec980000)
  to   space 4608K, 0% used [0x00000000ec200000,0x00000000ec200000,0x00000000ec680000)
 ParOldGen       total 68608K, used 9484K [0x00000000c0000000, 0x00000000c4300000, 0x00000000eab00000)
  object space 68608K, 13% used [0x00000000c0000000,0x00000000c0943018,0x00000000c4300000)
 Metaspace       used 34903K, committed 35584K, reserved 1114112K
  class space    used 3542K, committed 3840K, reserved 1048576K
}
Event: 3.354 GC heap before
{Heap before GC invocations=10 (full 1):
 PSYoungGen      total 26624K, used 4983K [0x00000000eab00000, 0x00000000ecb00000, 0x0000000100000000)
  eden space 23552K, 8% used [0x00000000eab00000,0x00000000eace2b98,0x00000000ec200000)
  from space 3072K, 99% used [0x00000000ec680000,0x00000000ec97b300,0x00000000ec980000)
  to   space 4608K, 0% used [0x00000000ec200000,0x00000000ec200000,0x00000000ec680000)
 ParOldGen       total 68608K, used 9484K [0x00000000c0000000, 0x00000000c4300000, 0x00000000eab00000)
  object space 68608K, 13% used [0x00000000c0000000,0x00000000c0943018,0x00000000c4300000)
 Metaspace       used 35156K, committed 35840K, reserved 1114112K
  class space    used 3576K, committed 3904K, reserved 1048576K
}
Event: 3.355 GC heap after
{Heap after GC invocations=10 (full 1):
 PSYoungGen      total 25600K, used 1735K [0x00000000eab00000, 0x00000000ec800000, 0x0000000100000000)
  eden space 23552K, 0% used [0x00000000eab00000,0x00000000eab00000,0x00000000ec200000)
  from space 2048K, 84% used [0x00000000ec200000,0x00000000ec3b1f68,0x00000000ec400000)
  to   space 3072K, 0% used [0x00000000ec500000,0x00000000ec500000,0x00000000ec800000)
 ParOldGen       total 68608K, used 11056K [0x00000000c0000000, 0x00000000c4300000, 0x00000000eab00000)
  object space 68608K, 16% used [0x00000000c0000000,0x00000000c0acc128,0x00000000c4300000)
 Metaspace       used 35156K, committed 35840K, reserved 1114112K
  class space    used 3576K, committed 3904K, reserved 1048576K
}
Event: 3.355 GC heap before
{Heap before GC invocations=11 (full 2):
 PSYoungGen      total 25600K, used 1735K [0x00000000eab00000, 0x00000000ec800000, 0x0000000100000000)
  eden space 23552K, 0% used [0x00000000eab00000,0x00000000eab00000,0x00000000ec200000)
  from space 2048K, 84% used [0x00000000ec200000,0x00000000ec3b1f68,0x00000000ec400000)
  to   space 3072K, 0% used [0x00000000ec500000,0x00000000ec500000,0x00000000ec800000)
 ParOldGen       total 68608K, used 11056K [0x00000000c0000000, 0x00000000c4300000, 0x00000000eab00000)
  object space 68608K, 16% used [0x00000000c0000000,0x00000000c0acc128,0x00000000c4300000)
 Metaspace       used 35156K, committed 35840K, reserved 1114112K
  class space    used 3576K, committed 3904K, reserved 1048576K
}
Event: 3.377 GC heap after
{Heap after GC invocations=11 (full 2):
 PSYoungGen      total 25600K, used 0K [0x00000000eab00000, 0x00000000ec800000, 0x0000000100000000)
  eden space 23552K, 0% used [0x00000000eab00000,0x00000000eab00000,0x00000000ec200000)
  from space 2048K, 0% used [0x00000000ec200000,0x00000000ec200000,0x00000000ec400000)
  to   space 3072K, 0% used [0x00000000ec500000,0x00000000ec500000,0x00000000ec800000)
 ParOldGen       total 68608K, used 12534K [0x00000000c0000000, 0x00000000c4300000, 0x00000000eab00000)
  object space 68608K, 18% used [0x00000000c0000000,0x00000000c0c3d928,0x00000000c4300000)
 Metaspace       used 35156K, committed 35840K, reserved 1114112K
  class space    used 3576K, committed 3904K, reserved 1048576K
}

Dll operation events (10 events):
Event: 0.005 Loaded shared library c:\Users\mateus\.vscode\extensions\redhat.java-1.18.0-win32-x64\jre\17.0.7-win32-x86_64\bin\java.dll
Event: 0.172 Loaded shared library c:\Users\mateus\.vscode\extensions\redhat.java-1.18.0-win32-x64\jre\17.0.7-win32-x86_64\bin\zip.dll
Event: 0.177 Loaded shared library C:\Users\mateus\.vscode\extensions\redhat.java-1.18.0-win32-x64\jre\17.0.7-win32-x86_64\bin\instrument.dll
Event: 0.195 Loaded shared library C:\Users\mateus\.vscode\extensions\redhat.java-1.18.0-win32-x64\jre\17.0.7-win32-x86_64\bin\net.dll
Event: 0.196 Loaded shared library C:\Users\mateus\.vscode\extensions\redhat.java-1.18.0-win32-x64\jre\17.0.7-win32-x86_64\bin\nio.dll
Event: 0.203 Loaded shared library C:\Users\mateus\.vscode\extensions\redhat.java-1.18.0-win32-x64\jre\17.0.7-win32-x86_64\bin\zip.dll
Event: 0.218 Loaded shared library C:\Users\mateus\.vscode\extensions\redhat.java-1.18.0-win32-x64\jre\17.0.7-win32-x86_64\bin\jimage.dll
Event: 0.274 Loaded shared library c:\Users\mateus\.vscode\extensions\redhat.java-1.18.0-win32-x64\jre\17.0.7-win32-x86_64\bin\verify.dll
Event: 1.289 Loaded shared library C:\Users\mateus\AppData\Roaming\Code\User\globalStorage\redhat.java\1.18.0\config_win\org.eclipse.equinox.launcher\org.eclipse.equinox.launcher.win32.win32.x86_64_1.2.700.v20221108-1024\eclipse_11801.dll
Event: 3.026 Loaded shared library C:\Users\mateus\AppData\Local\Temp\jna--1081251741\jna8663679649477602029.dll

Deoptimization events (20 events):
Event: 3.486 Thread 0x000001301c7e92c0 Uncommon trap: trap_request=0xffffffde fr.pc=0x000001300bba9eb0 relative=0x0000000000000090
Event: 3.486 Thread 0x000001301c7e92c0 Uncommon trap: reason=class_check action=maybe_recompile pc=0x000001300bba9eb0 method=java.lang.Character.codePointAt(Ljava/lang/CharSequence;I)I @ 2 c2
Event: 3.486 Thread 0x000001301c7e92c0 DEOPT PACKING pc=0x000001300bba9eb0 sp=0x0000001f147fd7b0
Event: 3.486 Thread 0x000001301c7e92c0 DEOPT UNPACKING pc=0x000001300b559ea3 sp=0x0000001f147fd738 mode 2
Event: 3.486 Thread 0x000001301c7e92c0 Uncommon trap: trap_request=0xffffffde fr.pc=0x000001300bba9eb0 relative=0x0000000000000090
Event: 3.486 Thread 0x000001301c7e92c0 Uncommon trap: reason=class_check action=maybe_recompile pc=0x000001300bba9eb0 method=java.lang.Character.codePointAt(Ljava/lang/CharSequence;I)I @ 2 c2
Event: 3.486 Thread 0x000001301c7e92c0 DEOPT PACKING pc=0x000001300bba9eb0 sp=0x0000001f147fd7b0
Event: 3.486 Thread 0x000001301c7e92c0 DEOPT UNPACKING pc=0x000001300b559ea3 sp=0x0000001f147fd738 mode 2
Event: 3.486 Thread 0x000001301c7e92c0 Uncommon trap: trap_request=0xffffffde fr.pc=0x000001300bba9eb0 relative=0x0000000000000090
Event: 3.486 Thread 0x000001301c7e92c0 Uncommon trap: reason=class_check action=maybe_recompile pc=0x000001300bba9eb0 method=java.lang.Character.codePointAt(Ljava/lang/CharSequence;I)I @ 2 c2
Event: 3.486 Thread 0x000001301c7e92c0 DEOPT PACKING pc=0x000001300bba9eb0 sp=0x0000001f147fd7b0
Event: 3.486 Thread 0x000001301c7e92c0 DEOPT UNPACKING pc=0x000001300b559ea3 sp=0x0000001f147fd738 mode 2
Event: 3.486 Thread 0x000001301c7e92c0 Uncommon trap: trap_request=0xffffffde fr.pc=0x000001300bba9eb0 relative=0x0000000000000090
Event: 3.486 Thread 0x000001301c7e92c0 Uncommon trap: reason=class_check action=maybe_recompile pc=0x000001300bba9eb0 method=java.lang.Character.codePointAt(Ljava/lang/CharSequence;I)I @ 2 c2
Event: 3.486 Thread 0x000001301c7e92c0 DEOPT PACKING pc=0x000001300bba9eb0 sp=0x0000001f147fd7b0
Event: 3.486 Thread 0x000001301c7e92c0 DEOPT UNPACKING pc=0x000001300b559ea3 sp=0x0000001f147fd738 mode 2
Event: 3.498 Thread 0x000001301c7e92c0 Uncommon trap: trap_request=0xffffff45 fr.pc=0x000001300bc1122c relative=0x00000000000000ac
Event: 3.498 Thread 0x000001301c7e92c0 Uncommon trap: reason=unstable_if action=reinterpret pc=0x000001300bc1122c method=org.codehaus.plexus.util.xml.pull.MXParser.more()C @ 8 c2
Event: 3.498 Thread 0x000001301c7e92c0 DEOPT PACKING pc=0x000001300bc1122c sp=0x0000001f147fd9f0
Event: 3.498 Thread 0x000001301c7e92c0 DEOPT UNPACKING pc=0x000001300b559ea3 sp=0x0000001f147fd980 mode 2

Classes unloaded (7 events):
Event: 2.262 Thread 0x000001301a7a1640 Unloading class 0x000000010021a400 'java/lang/invoke/LambdaForm$MH+0x000000010021a400'
Event: 2.262 Thread 0x000001301a7a1640 Unloading class 0x000000010021a000 'java/lang/invoke/LambdaForm$MH+0x000000010021a000'
Event: 2.262 Thread 0x000001301a7a1640 Unloading class 0x0000000100219c00 'java/lang/invoke/LambdaForm$MH+0x0000000100219c00'
Event: 2.262 Thread 0x000001301a7a1640 Unloading class 0x0000000100219800 'java/lang/invoke/LambdaForm$MH+0x0000000100219800'
Event: 2.262 Thread 0x000001301a7a1640 Unloading class 0x0000000100219000 'java/lang/invoke/LambdaForm$BMH+0x0000000100219000'
Event: 2.262 Thread 0x000001301a7a1640 Unloading class 0x0000000100218c00 'java/lang/invoke/LambdaForm$DMH+0x0000000100218c00'
Event: 2.262 Thread 0x000001301a7a1640 Unloading class 0x0000000100216000 'java/lang/invoke/LambdaForm$DMH+0x0000000100216000'

Classes redefined (0 events):
No events

Internal exceptions (20 events):
Event: 2.797 Thread 0x000001301c643420 Exception <a 'java/lang/ClassNotFoundException'{0x00000000ebcae688}: com/sun/org/apache/xerces/internal/impl/msg/spi/XMLMessagesProvider> (0x00000000ebcae688) 
thrown [s\src\hotspot\share\classfile\systemDictionary.cpp, line 256]
Event: 2.811 Thread 0x000001301c643420 Exception <a 'java/lang/NoSuchMethodError'{0x00000000ebdb1948}: 'void java.lang.invoke.DirectMethodHandle$Holder.invokeVirtual(java.lang.Object, java.lang.Object)'> (0x00000000ebdb1948) 
thrown [s\src\hotspot\share\interpreter\linkResolver.cpp, line 759]
Event: 2.828 Thread 0x000001301c643420 Exception <a 'java/lang/NoSuchMethodError'{0x00000000ebf8c7e8}: 'java.lang.Object java.lang.invoke.DirectMethodHandle$Holder.invokeStaticInit(java.lang.Object, int, int, int, int)'> (0x00000000ebf8c7e8) 
thrown [s\src\hotspot\share\interpreter\linkResolver.cpp, line 759]
Event: 2.849 Thread 0x000001301c643420 Exception <a 'java/lang/NoSuchMethodError'{0x00000000ec01a2e8}: 'java.lang.Object java.lang.invoke.DirectMethodHandle$Holder.invokeStaticInit(java.lang.Object, java.lang.Object, int, int, int, int)'> (0x00000000ec01a2e8) 
thrown [s\src\hotspot\share\interpreter\linkResolver.cpp, line 759]
Event: 2.900 Thread 0x000001301c643420 Exception <a 'java/lang/ClassNotFoundException'{0x00000000eab6ff50}: com/sun/org/apache/xml/internal/serializer/spi/XMLEntitiesProvider> (0x00000000eab6ff50) 
thrown [s\src\hotspot\share\classfile\systemDictionary.cpp, line 256]
Event: 2.952 Thread 0x000001301c643420 Exception <a 'java/io/FileNotFoundException'{0x00000000eaf05bf0}> (0x00000000eaf05bf0) 
thrown [s\src\hotspot\share\prims\jni.cpp, line 516]
Event: 3.046 Thread 0x000001301c643420 Exception <a 'java/lang/UnsatisfiedLinkError'{0x00000000eb1b5070}: Não foi possível encontrar o procedimento especificado.
> (0x00000000eb1b5070) 
thrown [s\src\hotspot\share\prims\jni.cpp, line 535]
Event: 3.050 Thread 0x000001301c643420 Exception <a 'java/io/FileNotFoundException'{0x00000000eb1d8548}> (0x00000000eb1d8548) 
thrown [s\src\hotspot\share\prims\jni.cpp, line 516]
Event: 3.055 Thread 0x000001301c643420 Exception <a 'java/io/FileNotFoundException'{0x00000000eb24b070}> (0x00000000eb24b070) 
thrown [s\src\hotspot\share\prims\jni.cpp, line 516]
Event: 3.064 Thread 0x000001301c643420 Exception <a 'java/lang/UnsatisfiedLinkError'{0x00000000eb2d7488}: Não foi possível encontrar o procedimento especificado.
> (0x00000000eb2d7488) 
thrown [s\src\hotspot\share\prims\jni.cpp, line 535]
Event: 3.082 Thread 0x000001307fb2a570 Exception <a 'sun/nio/fs/WindowsException'{0x00000000eb320210}> (0x00000000eb320210) 
thrown [s\src\hotspot\share\prims\jni.cpp, line 516]
Event: 3.186 Thread 0x000001307fb2a570 Exception <a 'java/lang/NoSuchMethodError'{0x00000000eb8003f8}: 'java.lang.Object java.lang.invoke.DirectMethodHandle$Holder.invokeStatic(java.lang.Object, java.lang.Object, long, java.lang.Object)'> (0x00000000eb8003f8) 
thrown [s\src\hotspot\share\interpreter\linkResolver.cpp, line 759]
Event: 3.187 Thread 0x000001307fb2a570 Exception <a 'java/lang/NoSuchMethodError'{0x00000000eb803e90}: 'java.lang.Object java.lang.invoke.DirectMethodHandle$Holder.invokeStaticInit(java.lang.Object, java.lang.Object, long, java.lang.Object)'> (0x00000000eb803e90) 
thrown [s\src\hotspot\share\interpreter\linkResolver.cpp, line 759]
Event: 3.187 Thread 0x000001307fb2a570 Exception <a 'java/lang/NoSuchMethodError'{0x00000000eb80a778}: 'java.lang.Object java.lang.invoke.DirectMethodHandle$Holder.newInvokeSpecial(java.lang.Object, java.lang.Object, long)'> (0x00000000eb80a778) 
thrown [s\src\hotspot\share\interpreter\linkResolver.cpp, line 759]
Event: 3.187 Thread 0x000001307fb2a570 Exception <a 'java/lang/NoSuchMethodError'{0x00000000eb80e1b8}: 'java.lang.Object java.lang.invoke.Invokers$Holder.linkToTargetMethod(java.lang.Object, long, java.lang.Object)'> (0x00000000eb80e1b8) 
thrown [s\src\hotspot\share\interpreter\linkResolver.cpp, line 759]
Event: 3.220 Thread 0x000001307fb2a570 Exception <a 'java/lang/NoSuchMethodError'{0x00000000eb9a5960}: 'void java.lang.invoke.DirectMethodHandle$Holder.invokeStatic(java.lang.Object, java.lang.Object, java.lang.Object, java.lang.Object)'> (0x00000000eb9a5960) 
thrown [s\src\hotspot\share\interpreter\linkResolver.cpp, line 759]
Event: 3.325 Thread 0x000001307fb2a570 Exception <a 'java/lang/NoSuchMethodError'{0x00000000eab68828}: 'void java.lang.invoke.DirectMethodHandle$Holder.invokeSpecial(java.lang.Object, java.lang.Object, java.lang.Object, java.lang.Object, java.lang.Object, java.lang.Object)'> (0x00000000eab68828) 
thrown [s\src\hotspot\share\interpreter\linkResolver.cpp, line 759]
Event: 3.327 Thread 0x000001307fb2a570 Exception <a 'java/lang/IncompatibleClassChangeError'{0x00000000eab71450}: Found class java.lang.Object, but interface was expected> (0x00000000eab71450) 
thrown [s\src\hotspot\share\interpreter\linkResolver.cpp, line 826]
Event: 3.456 Thread 0x000001301c7e92c0 Exception <a 'java/io/FileNotFoundException'{0x00000000eaef0158}> (0x00000000eaef0158) 
thrown [s\src\hotspot\share\prims\jni.cpp, line 516]
Event: 3.503 Thread 0x000001301c7e92c0 Exception <a 'java/lang/NoSuchMethodError'{0x00000000eb09daa0}: 'java.lang.Object java.lang.invoke.DirectMethodHandle$Holder.invokeSpecialIFC(java.lang.Object, java.lang.Object, java.lang.Object, java.lang.Object)'> (0x00000000eb09daa0) 
thrown [s\src\hotspot\share\interpreter\linkResolver.cpp, line 759]

VM Operations (20 events):
Event: 2.849 Executing VM operation: HandshakeAllThreads
Event: 2.849 Executing VM operation: HandshakeAllThreads done
Event: 2.895 Executing VM operation: ParallelGCFailedAllocation
Event: 2.896 Executing VM operation: ParallelGCFailedAllocation done
Event: 2.915 Executing VM operation: HandshakeAllThreads
Event: 2.915 Executing VM operation: HandshakeAllThreads done
Event: 3.037 Executing VM operation: HandshakeAllThreads
Event: 3.037 Executing VM operation: HandshakeAllThreads done
Event: 3.314 Executing VM operation: ParallelGCFailedAllocation
Event: 3.316 Executing VM operation: ParallelGCFailedAllocation done
Event: 3.354 Executing VM operation: CollectForMetadataAllocation
Event: 3.377 Executing VM operation: CollectForMetadataAllocation done
Event: 3.445 Executing VM operation: HandshakeAllThreads
Event: 3.445 Executing VM operation: HandshakeAllThreads done
Event: 3.445 Executing VM operation: HandshakeAllThreads
Event: 3.445 Executing VM operation: HandshakeAllThreads done
Event: 3.477 Executing VM operation: HandshakeAllThreads
Event: 3.477 Executing VM operation: HandshakeAllThreads done
Event: 3.518 Executing VM operation: HandshakeAllThreads
Event: 3.518 Executing VM operation: HandshakeAllThreads done

Events (20 events):
Event: 3.271 loading class sun/reflect/generics/tree/BooleanSignature done
Event: 3.289 loading class java/math/BigDecimal
Event: 3.290 loading class java/math/BigDecimal done
Event: 3.304 loading class java/util/concurrent/atomic/AtomicIntegerArray
Event: 3.304 loading class java/util/concurrent/atomic/AtomicIntegerArray done
Event: 3.305 loading class java/util/Currency
Event: 3.305 loading class java/util/Currency done
Event: 3.308 loading class java/util/concurrent/atomic/AtomicLongArray
Event: 3.308 loading class java/util/concurrent/atomic/AtomicLongArray done
Event: 3.343 loading class sun/util/locale/provider/DateFormatProviderImpl
Event: 3.343 loading class sun/util/locale/provider/DateFormatProviderImpl done
Event: 3.349 Thread 0x000001301c7e92c0 Thread added: 0x000001301c7e92c0
Event: 3.395 loading class sun/reflect/generics/repository/FieldRepository
Event: 3.395 loading class sun/reflect/generics/repository/FieldRepository done
Event: 3.398 loading class jdk/internal/reflect/UnsafeQualifiedIntegerFieldAccessorImpl
Event: 3.398 loading class jdk/internal/reflect/UnsafeQualifiedIntegerFieldAccessorImpl done
Event: 3.436 loading class java/io/InvalidObjectException
Event: 3.436 loading class java/io/ObjectStreamException
Event: 3.436 loading class java/io/ObjectStreamException done
Event: 3.436 loading class java/io/InvalidObjectException done


Dynamic libraries:
0x00007ff66eab0000 - 0x00007ff66eabe000 	c:\Users\mateus\.vscode\extensions\redhat.java-1.18.0-win32-x64\jre\17.0.7-win32-x86_64\bin\java.exe
0x00007ffc98c10000 - 0x00007ffc98e08000 	C:\Windows\SYSTEM32\ntdll.dll
0x00007ffc96da0000 - 0x00007ffc96e5f000 	C:\Windows\System32\KERNEL32.DLL
0x00007ffc962f0000 - 0x00007ffc965e6000 	C:\Windows\System32\KERNELBASE.dll
0x00007ffc96ac0000 - 0x00007ffc96bc0000 	C:\Windows\System32\ucrtbase.dll
0x00007ffc8f920000 - 0x00007ffc8f939000 	c:\Users\mateus\.vscode\extensions\redhat.java-1.18.0-win32-x64\jre\17.0.7-win32-x86_64\bin\VCRUNTIME140.dll
0x00007ffc8f8f0000 - 0x00007ffc8f907000 	c:\Users\mateus\.vscode\extensions\redhat.java-1.18.0-win32-x64\jre\17.0.7-win32-x86_64\bin\jli.dll
0x00007ffc97d80000 - 0x00007ffc97f1d000 	C:\Windows\System32\USER32.dll
0x00007ffc96a90000 - 0x00007ffc96ab2000 	C:\Windows\System32\win32u.dll
0x00007ffc83b80000 - 0x00007ffc83e1a000 	C:\Windows\WinSxS\amd64_microsoft.windows.common-controls_6595b64144ccf1df_6.0.19041.1110_none_60b5254171f9507e\COMCTL32.dll
0x00007ffc970c0000 - 0x00007ffc970ec000 	C:\Windows\System32\GDI32.dll
0x00007ffc97a60000 - 0x00007ffc97afe000 	C:\Windows\System32\msvcrt.dll
0x00007ffc966f0000 - 0x00007ffc96805000 	C:\Windows\System32\gdi32full.dll
0x00007ffc969a0000 - 0x00007ffc96a3d000 	C:\Windows\System32\msvcp_win.dll
0x00007ffc97ce0000 - 0x00007ffc97d10000 	C:\Windows\System32\IMM32.DLL
0x00007ffc91760000 - 0x00007ffc9176c000 	c:\Users\mateus\.vscode\extensions\redhat.java-1.18.0-win32-x64\jre\17.0.7-win32-x86_64\bin\vcruntime140_1.dll
0x00007ffc655c0000 - 0x00007ffc65651000 	c:\Users\mateus\.vscode\extensions\redhat.java-1.18.0-win32-x64\jre\17.0.7-win32-x86_64\bin\msvcp140.dll
0x00007ffc50e40000 - 0x00007ffc51a88000 	c:\Users\mateus\.vscode\extensions\redhat.java-1.18.0-win32-x64\jre\17.0.7-win32-x86_64\bin\server\jvm.dll
0x00007ffc98b20000 - 0x00007ffc98bcf000 	C:\Windows\System32\ADVAPI32.dll
0x00007ffc98a80000 - 0x00007ffc98b1c000 	C:\Windows\System32\sechost.dll
0x00007ffc97450000 - 0x00007ffc97576000 	C:\Windows\System32\RPCRT4.dll
0x00007ffc916d0000 - 0x00007ffc916d9000 	C:\Windows\SYSTEM32\WSOCK32.dll
0x00007ffc827b0000 - 0x00007ffc827d7000 	C:\Windows\SYSTEM32\WINMM.dll
0x00007ffc97d10000 - 0x00007ffc97d7b000 	C:\Windows\System32\WS2_32.dll
0x00007ffc8bc10000 - 0x00007ffc8bc1a000 	C:\Windows\SYSTEM32\VERSION.dll
0x00007ffc94b40000 - 0x00007ffc94b52000 	C:\Windows\SYSTEM32\kernel.appcore.dll
0x00007ffc907a0000 - 0x00007ffc907aa000 	c:\Users\mateus\.vscode\extensions\redhat.java-1.18.0-win32-x64\jre\17.0.7-win32-x86_64\bin\jimage.dll
0x00007ffc93f30000 - 0x00007ffc94114000 	C:\Windows\SYSTEM32\DBGHELP.DLL
0x00007ffc861d0000 - 0x00007ffc86204000 	C:\Windows\SYSTEM32\dbgcore.DLL
0x00007ffc965f0000 - 0x00007ffc96672000 	C:\Windows\System32\bcryptPrimitives.dll
0x00007ffc8f860000 - 0x00007ffc8f86e000 	c:\Users\mateus\.vscode\extensions\redhat.java-1.18.0-win32-x64\jre\17.0.7-win32-x86_64\bin\instrument.dll
0x00007ffc6c2e0000 - 0x00007ffc6c305000 	c:\Users\mateus\.vscode\extensions\redhat.java-1.18.0-win32-x64\jre\17.0.7-win32-x86_64\bin\java.dll
0x00007ffc7c4f0000 - 0x00007ffc7c508000 	c:\Users\mateus\.vscode\extensions\redhat.java-1.18.0-win32-x64\jre\17.0.7-win32-x86_64\bin\zip.dll
0x00007ffc97f20000 - 0x00007ffc98664000 	C:\Windows\System32\SHELL32.dll
0x00007ffc94390000 - 0x00007ffc94b23000 	C:\Windows\SYSTEM32\windows.storage.dll
0x00007ffc98670000 - 0x00007ffc989c4000 	C:\Windows\System32\combase.dll
0x00007ffc95d50000 - 0x00007ffc95d7e000 	C:\Windows\SYSTEM32\Wldp.dll
0x00007ffc989d0000 - 0x00007ffc98a7d000 	C:\Windows\System32\SHCORE.dll
0x00007ffc96fa0000 - 0x00007ffc96ff5000 	C:\Windows\System32\shlwapi.dll
0x00007ffc96230000 - 0x00007ffc9624f000 	C:\Windows\SYSTEM32\profapi.dll
0x00007ffc7b900000 - 0x00007ffc7b919000 	C:\Users\mateus\.vscode\extensions\redhat.java-1.18.0-win32-x64\jre\17.0.7-win32-x86_64\bin\net.dll
0x00007ffc913a0000 - 0x00007ffc914aa000 	C:\Windows\SYSTEM32\WINHTTP.dll
0x00007ffc95ab0000 - 0x00007ffc95b1a000 	C:\Windows\system32\mswsock.dll
0x00007ffc78e10000 - 0x00007ffc78e25000 	C:\Users\mateus\.vscode\extensions\redhat.java-1.18.0-win32-x64\jre\17.0.7-win32-x86_64\bin\nio.dll
0x00007ffc8f7d0000 - 0x00007ffc8f7e0000 	c:\Users\mateus\.vscode\extensions\redhat.java-1.18.0-win32-x64\jre\17.0.7-win32-x86_64\bin\verify.dll
0x00007ffc6bc40000 - 0x00007ffc6bc7e000 	C:\Users\mateus\AppData\Roaming\Code\User\globalStorage\redhat.java\1.18.0\config_win\org.eclipse.equinox.launcher\org.eclipse.equinox.launcher.win32.win32.x86_64_1.2.700.v20221108-1024\eclipse_11801.dll
0x00007ffc97bb0000 - 0x00007ffc97cda000 	C:\Windows\System32\ole32.dll
0x00007ffc95ca0000 - 0x00007ffc95cb8000 	C:\Windows\SYSTEM32\CRYPTSP.dll
0x00007ffc95360000 - 0x00007ffc95394000 	C:\Windows\system32\rsaenh.dll
0x00007ffc96810000 - 0x00007ffc96837000 	C:\Windows\System32\bcrypt.dll
0x00007ffc961b0000 - 0x00007ffc961de000 	C:\Windows\SYSTEM32\USERENV.dll
0x00007ffc95cc0000 - 0x00007ffc95ccc000 	C:\Windows\SYSTEM32\CRYPTBASE.dll
0x00007ffc95750000 - 0x00007ffc9578c000 	C:\Windows\SYSTEM32\IPHLPAPI.DLL
0x00007ffc97010000 - 0x00007ffc97018000 	C:\Windows\System32\NSI.dll
0x00007ffc8e040000 - 0x00007ffc8e057000 	C:\Windows\SYSTEM32\dhcpcsvc6.DLL
0x00007ffc8e060000 - 0x00007ffc8e07d000 	C:\Windows\SYSTEM32\dhcpcsvc.DLL
0x00007ffc957a0000 - 0x00007ffc9586b000 	C:\Windows\SYSTEM32\DNSAPI.dll
0x00007ffc916e0000 - 0x00007ffc91725000 	C:\Users\mateus\AppData\Local\Temp\jna--1081251741\jna8663679649477602029.dll
0x00007ffc97a50000 - 0x00007ffc97a58000 	C:\Windows\System32\PSAPI.DLL

dbghelp: loaded successfully - version: 4.0.5 - missing functions: none
symbol engine: initialized successfully - sym options: 0x614 - pdb path: .;c:\Users\mateus\.vscode\extensions\redhat.java-1.18.0-win32-x64\jre\17.0.7-win32-x86_64\bin;C:\Windows\SYSTEM32;C:\Windows\WinSxS\amd64_microsoft.windows.common-controls_6595b64144ccf1df_6.0.19041.1110_none_60b5254171f9507e;c:\Users\mateus\.vscode\extensions\redhat.java-1.18.0-win32-x64\jre\17.0.7-win32-x86_64\bin\server;C:\Users\mateus\AppData\Roaming\Code\User\globalStorage\redhat.java\1.18.0\config_win\org.eclipse.equinox.launcher\org.eclipse.equinox.launcher.win32.win32.x86_64_1.2.700.v20221108-1024;C:\Users\mateus\AppData\Local\Temp\jna--1081251741

VM Arguments:
jvm_args: --add-modules=ALL-SYSTEM --add-opens=java.base/java.util=ALL-UNNAMED --add-opens=java.base/java.lang=ALL-UNNAMED --add-opens=java.base/sun.nio.fs=ALL-UNNAMED -Declipse.application=org.eclipse.jdt.ls.core.id1 -Dosgi.bundles.defaultStartLevel=4 -Declipse.product=org.eclipse.jdt.ls.core.product -Djava.import.generatesMetadataFilesAtProjectRoot=false -Dfile.encoding=utf8 -XX:+UseParallelGC -XX:GCTimeRatio=4 -XX:AdaptiveSizePolicyWeight=90 -Dsun.zip.disableMemoryMapping=true -Xmx1G -Xms100m -Xlog:disable -javaagent:c:\Users\mateus\.vscode\extensions\redhat.java-1.18.0-win32-x64\lombok\lombok-1.18.27.jar -XX:+HeapDumpOnOutOfMemoryError -XX:HeapDumpPath=c:\Users\mateus\AppData\Roaming\Code\User\workspaceStorage\69805cb60bbaa00196b8a753c4f4369c\redhat.java -Daether.dependencyCollector.impl=bf 
java_command: c:\Users\mateus\.vscode\extensions\redhat.java-1.18.0-win32-x64\server\plugins\org.eclipse.equinox.launcher_1.6.400.v20210924-0641.jar -configuration c:\Users\mateus\AppData\Roaming\Code\User\globalStorage\redhat.java\1.18.0\config_win -data c:\Users\mateus\AppData\Roaming\Code\User\workspaceStorage\69805cb60bbaa00196b8a753c4f4369c\redhat.java\jdt_ws
java_class_path (initial): c:\Users\mateus\.vscode\extensions\redhat.java-1.18.0-win32-x64\server\plugins\org.eclipse.equinox.launcher_1.6.400.v20210924-0641.jar
Launcher Type: SUN_STANDARD

[Global flags]
    uintx AdaptiveSizePolicyWeight                 = 90                                        {product} {command line}
     intx CICompilerCount                          = 4                                         {product} {ergonomic}
    uintx GCTimeRatio                              = 4                                         {product} {command line}
     bool HeapDumpOnOutOfMemoryError               = true                                   {manageable} {command line}
    ccstr HeapDumpPath                             = c:\Users\mateus\AppData\Roaming\Code\User\workspaceStorage\69805cb60bbaa00196b8a753c4f4369c\redhat.java         {manageable} {command line}
   size_t InitialHeapSize                          = 104857600                                 {product} {command line}
   size_t MaxHeapSize                              = 1073741824                                {product} {command line}
   size_t MaxNewSize                               = 357564416                                 {product} {ergonomic}
   size_t MinHeapDeltaBytes                        = 524288                                    {product} {ergonomic}
   size_t MinHeapSize                              = 104857600                                 {product} {command line}
   size_t NewSize                                  = 34603008                                  {product} {ergonomic}
    uintx NonNMethodCodeHeapSize                   = 5839372                                {pd product} {ergonomic}
    uintx NonProfiledCodeHeapSize                  = 122909434                              {pd product} {ergonomic}
   size_t OldSize                                  = 70254592                                  {product} {ergonomic}
    uintx ProfiledCodeHeapSize                     = 122909434                              {pd product} {ergonomic}
    uintx ReservedCodeCacheSize                    = 251658240                              {pd product} {ergonomic}
     bool SegmentedCodeCache                       = true                                      {product} {ergonomic}
   size_t SoftMaxHeapSize                          = 1073741824                             {manageable} {ergonomic}
     bool UseCompressedClassPointers               = true                           {product lp64_product} {ergonomic}
     bool UseCompressedOops                        = true                           {product lp64_product} {ergonomic}
     bool UseLargePagesIndividualAllocation        = false                                  {pd product} {ergonomic}
     bool UseParallelGC                            = true                                      {product} {command line}

Logging:
Log output configuration:
 #0: stdout all=off uptime,level,tags
 #1: stderr all=off uptime,level,tags

Environment Variables:
JAVA_HOME=C:\Program Files\Java\jdk-17
PATH=C:\Program Files\Common Files\Oracle\Java\javapath;C:\Windows\system32;C:\Windows;C:\Windows\System32\Wbem;C:\Windows\System32\WindowsPowerShell\v1.0\;C:\Windows\System32\OpenSSH\;%JAVA_HOME%\bin;C:\Program Files\Git\cmd;C:\Users\mateus\AppData\Local\Microsoft\WindowsApps;;C:\Users\mateus\AppData\Local\Programs\Microsoft VS Code\bin
USERNAME=mateus
OS=Windows_NT
PROCESSOR_IDENTIFIER=Intel64 Family 6 Model 140 Stepping 1, GenuineIntel
TMP=C:\Users\mateus\AppData\Local\Temp
TEMP=C:\Users\mateus\AppData\Local\Temp



---------------  S Y S T E M  ---------------

OS:
 Windows 10 , 64 bit Build 19041 (10.0.19041.2913)
OS uptime: 0 days 0:52 hours

CPU: total 8 (initial active 8) (4 cores per cpu, 2 threads per core) family 6 model 140 stepping 1 microcode 0x8a, cx8, cmov, fxsr, ht, mmx, 3dnowpref, sse, sse2, sse3, ssse3, sse4.1, sse4.2, popcnt, lzcnt, tsc, tscinvbit, avx, avx2, aes, erms, clmul, bmi1, bmi2, adx, avx512f, avx512dq, avx512cd, avx512bw, avx512vl, sha, fma, vzeroupper, avx512_vpopcntdq, avx512_vpclmulqdq, avx512_vaes, avx512_vnni, clflush, clflushopt, clwb, avx512_vbmi2, avx512_vbmi

Memory: 4k page, system-wide physical 16107M (10595M free)
TotalPageFile size 19051M (AvailPageFile size 13104M)
current process WorkingSet (physical memory assigned to process): 165M, peak: 166M
current process commit charge ("private bytes"): 264M, peak: 265M

vm_info: OpenJDK 64-Bit Server VM (17.0.7+7) for windows-amd64 JRE (17.0.7+7), built on Apr 18 2023 22:10:42 by "temurin" with MS VC++ 16.7 (VS2019)

END.
